desc: I1 cache:         32768 B, 64 B, 8-way associative
desc: D1 cache:         32768 B, 64 B, 8-way associative
desc: LL cache:         3145728 B, 64 B, 12-way associative
cmd: mandel/mandel output/mandel.bmp -r 1024 -x 0.5 -y 0.5 -s 1.0 -c 1 -i 512
events: Ir I1mr ILmr Dr D1mr DLmr Dw D1mw DLmw 
fl=/home/Flero/school/parallelComputing/assignment/4/src/libs/bitmap.c
fn=freeBmpData
9 8 0 0 0 0 0 4 1 1
10 8 0 0 4 0 0 0 0 0
11 5126 0 0 4099 0 0 1 0 0
12 8192 1 1 4096 128 11 0 0 0
13 8192 0 0 4096 0 0 1024 0 0
14 6144 0 0 3072 0 0 1024 0 0
18 4 0 0 2 0 0 1 0 0
19 2 0 0 1 0 0 1 0 0
21 6 1 1 4 1 1 0 0 0
fn=freeBmpImage
24 4 0 0 0 0 0 2 0 0
25 3 0 0 1 0 0 1 0 0
26 2 0 0 1 0 0 0 0 0
27 3 0 0 1 0 0 1 0 0
29 3 0 0 2 0 0 0 0 0
fn=newBmpImage
50 5 2 2 0 0 0 3 0 0
51 3 0 0 0 0 0 2 0 0
52 2 0 0 1 0 0 0 0 0
54 3 0 0 2 0 0 1 0 0
55 3 0 0 2 0 0 1 0 0
56 2 0 0 1 0 0 1 0 0
57 6 1 1 3 0 0 1 0 0
58 1 0 0 1 1 1 0 0 0
59 2 0 0 2 0 0 0 0 0
fn=reallocateBmpBuffer
31 7 1 1 0 0 0 5 0 0
32 3 0 0 1 0 0 1 0 0
33 4 1 1 2 0 0 0 0 0
34 9 0 0 3 0 0 2 0 0
35 4 0 0 2 0 0 0 0 0
38 4101 1 1 3074 0 0 1 0 0
39 10240 0 0 4096 0 0 2048 127 0
40 8192 0 0 4096 0 0 0 0 0
46 1 0 0 0 0 0 0 0 0
47 4 0 0 3 0 0 0 0 0
fn=saveBmpImage
153 5 2 2 0 0 0 3 0 0
154 1 0 0 0 0 0 1 0 0
155 5 0 0 1 0 0 2 0 0
156 2 0 0 1 0 0 0 0 0
160 1 1 1 0 0 0 1 0 0
161 10 0 0 4 0 0 1 0 0
162 7 0 0 2 0 0 1 0 0
163 1 1 1 0 0 0 1 0 0
164 4 0 0 1 0 0 0 0 0
168 3 0 0 1 0 0 1 0 0
170 55 4 4 1 0 0 54 0 0
171 6 0 0 3 0 0 0 0 0
172 5 0 0 4 0 0 0 0 0
173 5 1 1 4 0 0 0 0 0
177 9 0 0 1 0 0 1 0 0
180 5126 2 2 4099 0 0 1 0 0
181 20480 1 1 9216 129 2 1024 0 0
185 2048 0 0 1024 0 0 0 0 0
193 3 0 0 1 0 0 1 0 0
194 1 0 0 1 0 0 0 0 0
195 2 0 0 2 0 0 0 0 0
fl=/home/Flero/school/parallelComputing/assignment/4/src/libs/utilities.h
fn=clampDouble
6 15 2 2 0 0 0 12 0 0
7 9 0 0 6 0 0 0 0 0
9 9 0 0 6 0 0 0 0 0
11 3 0 0 3 0 0 0 0 0
12 6 0 0 6 0 0 0 0 0
fl=/home/Flero/school/parallelComputing/assignment/4/src/main.c
fn=computeDwellBuffer
77 19 2 2 0 0 0 7 0 0
78 4101 1 1 3074 0 0 1 0 0
79 4199424 0 0 3147776 0 0 1024 0 0
80 20971520 1 1 10485760 131216 0 2097152 1048574 131072
83 6 0 0 3 0 0 0 0 0
fn=computeNextValue
50 5259809750 2 2 841569560 0 0 1893531510 0 0
51 3997455410 0 0 1262354340 0 0 210392390 0 0
52 420784780 0 0 420784780 0 0 0 0 0
fn=getDwellColour
35 6291456 0 0 0 0 0 4194304 0 0
37 23068672 2 2 3145728 0 0 2097152 0 0
38 26214400 3 3 7340032 0 0 6291456 0 0
39 25165824 0 0 7340032 13282 26 2097152 0 0
40 2097152 0 0 2097152 0 0 0 0 0
fn=getInitialValue
43 3805937388 3 3 0 0 0 1480086762 0 0
44 4228819320 1 1 1057204830 0 0 211440966 0 0
45 4228819320 2 2 1057204830 0 0 211440966 0 0
46 1268645796 1 1 422881932 0 0 422881932 0 0
47 1268645796 0 0 422881932 0 0 0 0 0
48 422881932 0 0 422881932 0 0 0 0 0
fn=isPartOfMandelbrot
54 2110441620 2 2 0 0 0 844176648 0 0
55 1899397458 0 0 633132486 0 0 211044162 0 0
56 422088324 0 0 422088324 0 0 0 0 0
fn=main
119 6 1 1 0 0 0 4 0 0
120 1 0 0 0 0 0 1 0 0
122 1 0 0 0 0 0 1 0 0
123 1 0 0 0 0 0 1 0 0
124 1 0 0 0 0 0 1 0 0
125 4 1 1 2 1 1 2 0 0
126 2 0 0 1 1 1 1 0 0
127 1 0 0 0 0 0 1 0 0
128 1 0 0 0 0 0 1 0 0
133 64 2 2 21 0 0 14 0 0
134 42 1 1 12 3 3 0 0 0
136 9 0 0 2 0 0 3 0 0
137 1 0 0 0 0 0 0 0 0
139 9 1 1 2 0 0 3 0 0
140 1 0 0 0 0 0 0 0 0
142 9 1 1 2 0 0 3 0 0
143 6 0 0 2 0 0 0 0 0
144 1 0 0 0 0 0 0 0 0
146 4 1 1 1 0 0 2 0 0
147 1 0 0 0 0 0 0 0 0
149 4 0 0 1 0 0 2 0 0
150 1 0 0 0 0 0 0 0 0
152 4 0 0 1 0 0 2 0 0
153 1 0 0 0 0 0 0 0 0
167 3 0 0 2 0 0 0 0 0
172 13 2 2 3 0 0 3 0 0
173 19 1 1 7 0 0 2 0 0
174 3 0 0 1 0 0 1 0 0
180 4 0 0 2 0 0 1 0 0
181 8 1 1 1 0 0 2 0 0
182 6 0 0 2 0 0 1 0 0
186 6 1 1 3 0 0 1 0 0
187 6 0 0 3 0 0 1 0 0
188 6 1 1 3 0 0 1 0 0
189 6 1 1 3 0 0 1 0 0
190 5 0 0 3 0 0 1 0 0
191 5 0 0 3 0 0 1 0 0
194 20 2 2 10 0 0 2 0 0
195 24 2 2 10 0 0 2 0 0
198 4 1 1 1 0 0 0 0 0
199 7 0 0 2 0 0 1 0 0
200 16 2 2 3 0 0 1 0 0
201 5 0 0 1 0 0 1 0 0
202 11 1 1 4 0 0 1 0 0
203 5 0 0 1 0 0 1 0 0
208 6 1 1 2 0 0 2 1 1
209 2 0 0 1 0 0 0 0 0
215 6 1 1 1 1 1 2 0 0
216 2 0 0 1 0 0 0 0 0
220 4101 2 2 3074 0 0 1 1 1
221 10240 0 0 3072 0 0 2048 128 127
222 7168 1 1 3072 0 0 0 0 0
233 9 1 1 5 1 1 1 0 0
236 5 0 0 2 1 1 1 0 0
239 7 1 1 2 2 2 1 0 0
244 1 0 0 0 0 0 0 0 0
248 2 1 1 1 1 1 0 0 0
249 3 0 0 1 0 0 1 0 0
250 3 0 0 1 1 1 0 0 0
251 3 0 0 1 0 0 1 0 0
252 2 0 0 1 1 0 0 0 0
253 4101 1 1 3074 1 1 1 1 1
254 7168 0 0 3072 128 127 1024 0 0
256 3 0 0 1 0 0 1 0 0
259 1 0 0 0 0 0 0 0 0
260 4 0 0 3 0 0 0 0 0
fn=mapDwellBuffer
85 5 0 0 0 0 0 3 0 0
86 4101 2 2 3074 0 0 1 0 0
87 4199424 0 0 3147776 0 0 1024 0 0
88 3145728 0 0 0 0 0 2097152 0 0
89 24117248 1 1 8388608 1180659 131328 4194304 0 0
90 14680064 1 1 7340032 132097 129 1048576 1048567 49919
91 14680064 1 1 7340032 0 0 1048576 16383 0
92 14680064 0 0 7340032 0 0 1048576 16384 0
93 3145728 0 0 1048576 0 0 1048576 0 0
96 4 0 0 2 0 0 0 0 0
fn=pixelDwell
62 19922944 2 2 0 0 0 7340032 0 0
63 15728640 1 1 6291456 0 0 3145728 0 0
64 1048576 0 0 0 0 0 1048576 0 0
65 1048576 0 0 0 0 0 1048576 0 0
68 2535165736 1 1 1056014418 1 1 211044162 0 0
70 5049417360 1 1 1683139120 0 0 841569560 0 0
71 420784780 0 0 420784780 0 0 0 0 0
74 1048576 0 0 1048576 0 0 0 0 0
75 2097152 0 0 2097152 0 0 0 0 0
fl=/home/Flero/school/parallelComputing/assignment/4/src/main.h
fn=initColourMap
18 6 1 1 0 0 0 4 0 0
19 8 0 0 2 1 1 0 0 0
20 9 1 1 4 1 1 0 0 0
22 3 1 1 0 0 0 3 0 0
23 2 0 0 0 0 0 1 0 0
24 1 0 0 0 0 0 1 0 0
26 46 1 1 29 0 0 1 0 0
27 56 1 1 28 0 0 0 0 0
28 84 1 1 28 0 0 7 0 0
29 84 0 0 28 0 0 7 0 0
30 84 1 1 28 0 0 7 0 0
31 112 1 1 35 0 0 14 0 0
32 3622 1 1 2576 0 0 7 0 0
33 6144 2 2 1024 0 0 512 0 0
34 7168 0 0 2560 0 0 512 23 23
35 7168 1 1 2560 0 0 512 0 0
36 7168 0 0 2560 0 0 512 0 0
37 512 0 0 512 0 0 0 0 0
39 49 0 0 21 0 0 7 0 0
40 63 0 0 28 0 0 14 0 0
42 3 0 0 2 0 0 0 0 0
fl=/home/abuild/rpmbuild/BUILD/gcc-9.2.1+r275327/obj-x86_64-suse-linux/x86_64-suse-linux/libgcc/../../../libgcc/libgcc2.c
fn=__muldc3
1968 210392390 0 0 0 0 0 0 0 0
1972 420784780 1 1 0 0 0 0 0 0
1973 420784780 0 0 0 0 0 0 0 0
1974 420784780 0 0 0 0 0 0 0 0
1975 420784780 0 0 0 0 0 0 0 0
1982 420784780 0 0 0 0 0 0 0 0
1983 420784780 0 0 0 0 0 0 0 0
1985 1262354340 1 1 0 0 0 0 0 0
2030 420784780 1 1 210392390 0 0 0 0 0
fl=/home/abuild/rpmbuild/BUILD/gcc-9.2.1+r275327/obj-x86_64-suse-linux/x86_64-suse-linux/libgcc/../../../libgcc/unwind-dw2-fde.c
fn=__deregister_frame_info
251 1 1 1 0 0 0 0 0 0
fn=__deregister_frame_info_bases
202 3 1 1 0 0 0 3 0 0
207 6 0 0 1 1 1 0 0 0
213 5 1 1 1 1 1 0 0 0
214 5 0 0 2 1 0 0 0 0
217 1 0 0 0 0 0 1 0 0
246 5 0 0 4 0 0 0 0 0
fn=__register_frame_info
89 5 1 1 1 1 1 0 0 0
122 3 0 0 0 0 0 0 0 0
fn=__register_frame_info_bases.part.0
85 4 1 1 0 0 0 2 0 0
92 1 0 0 0 0 0 1 1 1
93 1 0 0 0 0 0 1 0 0
94 1 0 0 0 0 0 1 0 0
95 1 0 0 0 0 0 1 0 0
96 1 0 0 0 0 0 1 0 0
105 2 1 1 1 1 1 1 0 0
106 1 0 0 0 0 0 1 0 0
114 3 0 0 1 0 0 0 0 0
115 2 1 1 0 0 0 1 0 0
119 4 0 0 3 0 0 0 0 0
fl=/home/abuild/rpmbuild/BUILD/gcc-9.2.1+r275327/obj-x86_64-suse-linux/x86_64-suse-linux/libgcc/./gthr-default.h
fn=__deregister_frame_info_bases
748 3 0 0 0 0 0 0 0 0
778 2 1 1 0 0 0 0 0 0
fn=__register_frame_info_bases.part.0
748 3 0 0 0 0 0 0 0 0
778 2 0 0 0 0 0 0 0 0
fl=/home/abuild/rpmbuild/BUILD/glibc-2.30/csu/../csu/init-first.c
fn=__libc_init_first
44 8 1 1 0 0 0 4 0 0
55 4 0 0 0 0 0 1 0 0
62 3 1 1 2 1 1 0 0 0
67 1 1 1 0 0 0 1 0 0
68 1 0 0 0 0 0 1 0 0
69 1 0 0 0 0 0 1 0 0
74 2 0 0 0 0 0 1 0 0
81 4 1 1 0 0 0 1 0 0
84 1 0 0 0 0 0 1 0 0
89 6 0 0 5 0 0 0 0 0
fl=/home/abuild/rpmbuild/BUILD/glibc-2.30/csu/../csu/libc-start.c
fn=(below main)
78 89 0 0 0 0 0 0 0 0
137 14 2 2 0 0 0 9 2 2
141 4 0 0 0 0 0 1 1 1
146 3 0 0 2 0 0 0 0 0
148 1 0 0 0 0 0 1 1 1
152 2 0 0 1 0 0 1 1 1
161 322 1 1 107 14 14 0 0 0
166 1 0 0 0 0 0 1 1 1
178 2 0 0 1 0 0 0 0 0
187 1 0 0 0 0 0 1 0 0
189 2 0 0 1 0 0 1 0 0
197 1 1 1 0 0 0 1 0 0
207 1 0 0 0 0 0 1 0 0
213 2 0 0 1 0 0 0 0 0
217 9 0 0 1 0 0 2 0 0
222 2 0 0 1 1 1 0 0 0
229 3 0 0 2 0 0 1 0 0
237 2 1 1 0 0 0 0 0 0
244 4 0 0 3 0 0 1 0 0
247 2 0 0 0 0 0 0 0 0
248 4 0 0 0 0 0 1 0 0
254 2 0 0 1 0 0 0 0 0
263 2 1 1 0 0 0 0 0 0
264 4 0 0 3 0 0 1 0 0
288 3 0 0 0 0 0 1 0 0
295 2 0 0 0 0 0 1 0 0
296 2 0 0 0 0 0 0 0 0
301 2 0 0 1 1 1 1 0 0
302 2 1 1 1 1 1 1 0 0
305 2 0 0 0 0 0 1 0 0
308 5 0 0 4 0 0 1 0 0
342 2 1 1 0 0 0 1 0 0
fl=/home/abuild/rpmbuild/BUILD/glibc-2.30/csu/../sysdeps/generic/dl-hash.h
fn=__libc_init_first
43 1 0 0 0 0 0 0 0 0
44 1 0 0 0 0 0 0 0 0
45 18 0 0 3 1 1 0 0 0
48 12 0 0 0 0 0 0 0 0
62 16 0 0 0 0 0 0 0 0
67 1 1 1 0 0 0 0 0 0
fl=/home/abuild/rpmbuild/BUILD/glibc-2.30/csu/../sysdeps/unix/sysv/linux/dl-osinfo.h
fn=(below main)
64 3 1 1 2 1 1 0 0 0
fl=/home/abuild/rpmbuild/BUILD/glibc-2.30/csu/../sysdeps/unix/sysv/linux/dl-vdso.h
fn=__libc_init_first
30 2 0 0 0 0 0 0 0 0
31 5 1 1 0 0 0 3 0 0
fl=/home/abuild/rpmbuild/BUILD/glibc-2.30/csu/../sysdeps/unix/sysv/linux/x86_64/init-first.c
fn=__libc_init_first
37 4 0 0 0 0 0 1 0 0
39 3 0 0 0 0 0 0 0 0
40 2 0 0 1 0 0 0 0 0
41 1 0 0 0 0 0 1 0 0
43 3 0 0 0 0 0 1 0 0
44 2 0 0 1 0 0 0 0 0
45 1 0 0 0 0 0 1 0 0
fl=/home/abuild/rpmbuild/BUILD/glibc-2.30/csu/../sysdeps/x86/cpu-features.c
fn=(below main)
49 4 0 0 0 0 0 0 0 0
50 2 1 1 0 0 0 0 0 0
51 6 0 0 0 0 0 4 0 0
56 2 0 0 0 0 0 0 0 0
57 6 1 1 0 0 0 4 0 0
62 2 0 0 0 0 0 0 0 0
63 6 0 0 0 0 0 4 0 0
309 1 1 1 0 0 0 1 0 0
310 1 0 0 0 0 0 1 0 0
311 1 0 0 0 0 0 1 0 0
322 3 0 0 0 0 0 1 1 1
325 6 1 1 0 0 0 0 0 0
326 1 0 0 0 0 0 0 0 0
329 1 0 0 0 0 0 0 0 0
331 5 1 1 0 0 0 1 0 0
336 2 0 0 1 0 0 0 0 0
338 5 1 1 3 0 0 1 0 0
339 6 1 1 1 1 1 0 0 0
376 2 1 1 1 0 0 0 0 0
390 2 0 0 0 0 0 1 0 0
394 1 0 0 0 0 0 0 0 0
400 5 1 1 0 0 0 0 0 0
414 1 0 0 1 0 0 0 0 0
415 1 0 0 0 0 0 0 0 0
423 3 0 0 2 0 0 0 0 0
425 1 0 0 0 0 0 1 0 0
428 2 0 0 0 0 0 0 0 0
476 3 0 0 1 0 0 0 0 0
477 1 0 0 1 0 0 0 0 0
480 2 0 0 0 0 0 0 0 0
481 1 0 0 1 0 0 0 0 0
487 1 0 0 0 0 0 1 0 0
488 2 0 0 1 0 0 1 0 0
489 2 0 0 1 0 0 1 0 0
490 2 0 0 1 0 0 1 0 0
493 4 1 1 0 0 0 1 0 0
495 6 1 1 1 0 0 2 1 1
497 6 0 0 1 0 0 2 0 0
499 6 0 0 1 0 0 2 0 0
510 1 0 0 0 0 0 1 0 0
511 2 1 1 1 0 0 0 0 0
515 3 1 1 1 0 0 0 0 0
534 3 1 1 0 0 0 0 0 0
536 4 0 0 1 0 0 0 0 0
537 2 0 0 1 0 0 0 0 0
539 4 1 1 1 0 0 0 0 0
540 2 0 0 0 0 0 0 0 0
543 2 1 1 0 0 0 1 0 0
fn=get_common_indices.constprop.0
71 2 1 1 0 0 0 1 0 0
75 4 0 0 0 0 0 0 0 0
78 5 1 1 0 0 0 3 0 0
81 1 0 0 0 0 0 1 0 0
82 4 0 0 0 0 0 1 0 0
83 4 0 0 0 0 0 1 0 0
84 4 0 0 0 0 0 1 0 0
85 3 0 0 0 0 0 1 0 0
86 2 0 0 1 0 0 0 0 0
93 2 0 0 1 0 0 0 0 0
94 7 1 1 0 0 0 4 0 0
100 2 0 0 1 0 0 0 0 0
101 7 1 1 0 0 0 4 1 1
108 3 0 0 1 0 0 0 0 0
112 2 0 0 0 0 0 0 0 0
114 4 0 0 0 0 0 0 0 0
118 2 1 1 0 0 0 0 0 0
121 4 1 1 1 0 0 1 0 0
124 2 0 0 1 0 0 0 0 0
127 2 0 0 0 0 0 1 0 0
132 1 0 0 1 0 0 0 0 0
135 2 0 0 0 0 0 0 0 0
137 1 0 0 1 0 0 0 0 0
139 3 1 1 1 0 0 0 0 0
143 2 0 0 0 0 0 0 0 0
147 2 0 0 1 0 0 0 0 0
154 3 0 0 0 0 0 0 0 0
225 2 0 0 1 0 0 0 0 0
229 3 1 1 0 0 0 0 0 0
230 2 0 0 0 0 0 0 0 0
232 1 0 0 0 0 0 0 0 0
233 1 0 0 0 0 0 0 0 0
236 2 0 0 0 0 0 1 0 0
238 1 0 0 0 0 0 1 0 0
241 2 0 0 1 0 0 0 0 0
291 3 0 0 2 0 0 0 0 0
fl=/home/abuild/rpmbuild/BUILD/glibc-2.30/csu/../sysdeps/x86_64/dl-irel.h
fn=(below main)
32 28 0 0 28 3 3 28 0 0
39 28 0 0 28 0 0 0 0 0
42 56 1 1 28 8 8 0 0 0
45 28 0 0 0 0 0 28 4 4
fl=/home/abuild/rpmbuild/BUILD/glibc-2.30/csu/../sysdeps/x86_64/start.S
fn=_start
63 1 1 1 0 0 0 0 0 0
79 1 0 0 0 0 0 0 0 0
85 1 0 0 1 1 1 0 0 0
88 1 0 0 0 0 0 0 0 0
90 1 0 0 0 0 0 0 0 0
93 1 0 0 0 0 0 1 0 0
97 1 0 0 0 0 0 1 0 0
101 1 0 0 0 0 0 0 0 0
102 1 0 0 0 0 0 0 0 0
104 1 0 0 0 0 0 0 0 0
120 1 0 0 0 0 0 1 0 0
fl=/home/abuild/rpmbuild/BUILD/glibc-2.30/csu/elf-init.c
fn=__libc_csu_fini
96 3 1 1 0 0 0 2 0 0
98 4 0 0 0 0 0 0 0 0
99 9 1 1 0 0 0 0 0 0
100 2 0 0 2 1 1 2 0 0
103 1 0 0 0 0 0 0 0 0
106 3 0 0 2 0 0 0 0 0
fn=__libc_csu_init
68 10 1 1 0 0 0 6 0 0
75 3 0 0 0 0 0 0 0 0
77 2 0 0 0 0 0 0 0 0
83 1 0 0 0 0 0 1 0 0
86 3 1 1 0 0 0 0 0 0
87 10 0 0 0 0 0 0 0 0
88 8 0 0 2 1 1 2 0 0
89 8 1 1 7 0 0 0 0 0
fl=/home/abuild/rpmbuild/BUILD/glibc-2.30/csu/libc-tls.c
fn=__libc_setup_tls
76 1 0 0 0 0 0 1 1 1
83 1 0 0 0 0 0 1 0 0
84 2 0 0 0 0 0 1 1 1
93 3 1 1 1 0 0 0 0 0
96 2 0 0 0 0 0 1 0 0
98 1 1 1 0 0 0 1 0 0
100 1 0 0 0 0 0 1 0 0
102 1 0 0 0 0 0 1 0 0
107 7 1 1 0 0 0 6 0 0
117 1 0 0 1 1 1 0 0 0
120 3 1 1 1 0 0 0 0 0
121 21 0 0 1 0 0 0 0 0
122 12 1 1 6 5 5 0 0 0
125 1 0 0 1 0 0 0 0 0
126 4 0 0 1 0 0 1 0 0
127 3 0 0 2 1 1 0 0 0
128 1 0 0 1 1 1 0 0 0
129 1 0 0 0 0 0 0 0 0
147 8 1 1 1 1 1 1 0 0
148 2 0 0 0 0 0 1 0 0
161 3 0 0 1 0 0 0 0 0
162 2 0 0 0 0 0 0 0 0
165 1 0 0 0 0 0 1 1 1
170 4 0 0 0 0 0 1 1 1
171 11 1 1 1 0 0 1 0 0
172 2 1 1 0 0 0 2 1 1
179 1 0 0 0 0 0 1 0 0
181 4 0 0 0 0 0 2 0 0
187 4 0 0 1 0 0 1 1 1
189 9 1 1 2 0 0 2 0 0
201 1 0 0 0 0 0 1 0 0
202 1 0 0 0 0 0 1 0 0
203 1 0 0 0 0 0 1 0 0
204 1 0 0 0 0 0 1 0 0
205 1 0 0 0 0 0 1 0 0
209 1 0 0 0 0 0 1 1 1
218 8 1 1 7 0 0 0 0 0
fl=/home/abuild/rpmbuild/BUILD/glibc-2.30/ctype/ctype-info.c
fn=__ctype_init
31 7 1 1 3 2 2 1 0 0
33 4 1 1 1 0 0 1 0 0
35 4 0 0 1 0 0 1 0 0
36 1 0 0 1 0 0 0 0 0
fl=/home/abuild/rpmbuild/BUILD/glibc-2.30/dlfcn/dlerror.c
fn=check_free.isra.0
195 3 1 1 1 1 1 0 0 0
213 1 1 1 1 0 0 0 0 0
fn=fini
220 2 1 1 0 0 0 0 0 0
fl=/home/abuild/rpmbuild/BUILD/glibc-2.30/elf/../sysdeps/unix/sysv/linux/dl-origin.c
fn=_dl_get_origin
36 7 1 1 1 1 1 4 0 0
42 6 1 1 0 0 0 0 0 0
44 7 0 0 1 0 0 0 0 0
47 13 0 0 0 0 0 0 0 0
48 41 1 1 7 0 0 0 0 0
50 4 1 1 0 0 0 1 1 1
51 2 1 1 0 0 0 0 0 0
56 6 0 0 0 0 0 2 0 0
80 7 0 0 5 0 0 0 0 0
fl=/home/abuild/rpmbuild/BUILD/glibc-2.30/elf/../sysdeps/unix/sysv/linux/dl-sysdep.c
fn=_dl_discover_osversion
46 4 1 1 0 0 0 3 0 0
88 5 0 0 0 0 0 1 1 1
107 1 0 0 0 0 0 0 0 0
108 1 0 0 0 0 0 0 0 0
110 12 0 0 3 1 1 0 0 0
112 6 0 0 0 0 0 0 0 0
114 12 1 1 3 0 0 0 0 0
120 3 0 0 0 0 0 0 0 0
121 3 0 0 0 0 0 0 0 0
122 3 0 0 0 0 0 0 0 0
124 13 0 0 0 0 0 0 0 0
129 2 1 1 0 0 0 0 0 0
133 5 0 0 4 0 0 0 0 0
fl=/home/abuild/rpmbuild/BUILD/glibc-2.30/elf/../sysdeps/unix/sysv/linux/dl-vdso.c
fn=_dl_vdso_vsym
25 8 2 2 2 0 0 2 0 0
26 2 0 0 2 0 0 0 0 0
30 4 0 0 0 0 0 0 0 0
48 10 2 2 6 0 0 0 0 0
fl=/home/abuild/rpmbuild/BUILD/glibc-2.30/elf/../sysdeps/x86/dl-hwcap.h
fn=_dl_important_hwcaps
57 8 1 1 0 0 0 1 0 0
fl=/home/abuild/rpmbuild/BUILD/glibc-2.30/elf/../sysdeps/x86_64/dl-machine.h
fn=_dl_non_dynamic_init
230 5 1 1 2 1 1 0 0 0
fl=/home/abuild/rpmbuild/BUILD/glibc-2.30/elf/dl-debug.c
fn=_dl_debug_initialize
49 2 0 0 0 0 0 0 0 0
50 1 1 1 0 0 0 0 0 0
54 2 1 1 1 0 0 0 0 0
57 1 1 1 0 0 0 1 0 0
58 5 0 0 1 0 0 1 0 0
59 5 0 0 1 0 0 1 0 0
60 2 0 0 0 0 0 1 0 0
64 1 0 0 1 0 0 0 0 0
fl=/home/abuild/rpmbuild/BUILD/glibc-2.30/elf/dl-hwcaps.c
fn=_dl_important_hwcaps
39 13 1 1 0 0 0 10 0 0
40 8 1 1 1 0 0 3 2 2
42 2 0 0 1 0 0 1 0 0
43 3 0 0 0 0 0 0 0 0
51 18 1 1 0 0 0 0 0 0
52 7 0 0 2 0 0 2 1 1
53 2 0 0 0 0 0 0 0 0
61 3 1 1 1 0 0 0 0 0
128 17 4 4 1 0 0 0 0 0
129 1 0 0 0 0 0 0 0 0
165 11 0 0 1 0 0 0 0 0
166 6 0 0 2 0 0 4 1 1
168 1 0 0 0 0 0 1 0 0
169 2 0 0 0 0 0 2 0 0
170 12 0 0 0 0 0 1 0 0
173 5 0 0 2 0 0 0 0 0
175 5 1 1 0 0 0 1 0 0
176 2 0 0 1 0 0 1 0 0
180 4 0 0 0 0 0 1 0 0
181 1 0 0 0 0 0 1 0 0
184 2 0 0 0 0 0 0 0 0
187 4 1 1 1 0 0 1 0 0
191 8 0 0 2 0 0 2 0 0
192 2 0 0 0 0 0 0 0 0
194 3 1 1 0 0 0 0 0 0
195 3 0 0 0 0 0 0 0 0
196 5 0 0 1 0 0 0 0 0
197 2 0 0 0 0 0 0 0 0
204 2 1 1 0 0 0 0 0 0
210 10 1 1 1 0 0 4 1 1
211 5 0 0 0 0 0 1 0 0
212 4 0 0 1 0 0 0 0 0
227 2 2 2 0 0 0 0 0 0
238 10 1 1 0 0 0 3 1 1
241 4 0 0 0 0 0 2 0 0
248 3 0 0 2 0 0 0 0 0
251 2 0 0 0 0 0 0 0 0
254 12 0 0 4 0 0 4 0 0
257 11 0 0 3 0 0 0 0 0
258 22 2 2 2 0 0 4 0 0
259 7 0 0 2 0 0 2 0 0
262 10 1 1 2 0 0 4 0 0
264 6 0 0 2 0 0 0 0 0
269 26 1 1 2 0 0 0 0 0
270 24 0 0 0 0 0 8 0 0
274 15 0 0 0 0 0 0 0 0
277 36 0 0 0 0 0 0 0 0
278 96 1 1 0 0 0 0 0 0
279 48 0 0 24 0 0 12 0 0
281 9 0 0 0 0 0 0 0 0
284 3 0 0 1 0 0 0 0 0
285 2 0 0 0 0 0 0 0 0
286 14 2 2 1 0 0 0 0 0
288 6 0 0 0 0 0 0 0 0
289 2 0 0 2 0 0 0 0 0
291 1 0 0 1 0 0 0 0 0
292 4 0 0 0 0 0 2 0 0
299 19 0 0 6 0 0 4 0 0
300 4 0 0 0 0 0 0 0 0
302 8 0 0 0 0 0 0 0 0
305 3 0 0 2 0 0 1 0 0
308 9 1 1 7 0 0 0 0 0
fl=/home/abuild/rpmbuild/BUILD/glibc-2.30/elf/dl-load.c
fn=_dl_dst_count
231 5 1 1 0 0 0 5 0 0
234 2 0 0 0 0 0 1 0 0
237 2 0 0 0 0 0 0 0 0
238 1 0 0 0 0 0 0 0 0
257 7 1 1 6 0 0 0 0 0
fn=_dl_init_paths
681 7 2 2 0 0 0 5 0 0
694 6 0 0 2 1 1 2 0 0
698 1 0 0 0 0 0 1 0 0
699 2 0 0 0 0 0 1 0 0
700 2 0 0 0 0 0 0 0 0
707 4 1 1 0 0 0 0 0 0
708 3 0 0 1 0 0 0 0 0
711 5 0 0 0 0 0 2 0 0
713 2 0 0 0 0 0 0 0 0
719 1 1 1 0 0 0 1 0 0
720 1 0 0 0 0 0 1 0 0
728 2 0 0 0 0 0 1 0 0
730 3 0 0 0 0 0 2 1 1
731 2 0 0 0 0 0 2 1 1
733 4 0 0 0 0 0 2 0 0
734 2 0 0 0 0 0 2 0 0
739 54 1 1 0 0 0 0 0 0
740 16 1 1 0 0 0 16 0 0
742 4 0 0 0 0 0 2 0 0
748 1 0 0 0 0 0 1 1 1
749 1 0 0 0 0 0 1 0 0
796 4 0 0 1 0 0 0 0 0
798 24 4 4 1 0 0 2 0 0
802 2 0 0 0 0 0 0 0 0
803 133 1 1 33 0 0 0 0 0
804 128 0 0 0 0 0 0 0 0
807 1 0 0 0 0 0 1 1 1
808 2 0 0 0 0 0 1 0 0
809 2 0 0 0 0 0 0 0 0
815 6 0 0 0 0 0 1 0 0
818 3 1 1 2 0 0 0 0 0
824 1 0 0 0 0 0 1 0 0
828 7 0 0 6 0 0 0 0 0
fn=expand_dynamic_string_token
378 7 1 1 0 0 0 4 0 0
388 2 0 0 0 0 0 1 0 0
391 2 0 0 0 0 0 0 0 0
392 2 0 0 0 0 0 0 0 0
403 5 0 0 4 0 0 0 0 0
fn=fillin_rpath
447 16 2 2 0 0 0 12 0 0
449 1 0 0 0 0 0 0 0 0
451 12 0 0 4 0 0 2 0 0
458 2 0 0 1 0 0 0 0 0
460 4 1 1 1 0 0 1 0 0
464 2 0 0 0 0 0 0 0 0
469 3 0 0 0 0 0 1 0 0
470 2 0 0 0 0 0 0 0 0
477 5 0 0 1 0 0 0 0 0
482 4 1 1 0 0 0 2 0 0
486 11 1 1 3 0 0 0 0 0
487 4 0 0 2 0 0 0 0 0
505 4 2 2 1 0 0 1 0 0
509 8 1 1 2 0 0 3 0 0
511 3 0 0 1 0 0 0 0 0
515 2 0 0 0 0 0 2 1 1
516 1 0 0 0 0 0 0 0 0
517 4 0 0 0 0 0 2 0 0
518 2 1 1 1 0 0 1 0 0
520 2 0 0 1 0 0 0 0 0
521 1 0 0 0 0 0 1 0 0
526 4 0 0 1 0 0 0 0 0
527 28 0 0 0 0 0 0 0 0
528 8 0 0 0 0 0 8 0 0
530 2 1 1 1 0 0 1 0 0
531 2 0 0 1 0 0 0 0 0
536 2 0 0 0 0 0 1 0 0
538 1 0 0 0 0 0 1 0 0
539 1 0 0 0 0 0 1 0 0
542 3 0 0 0 0 0 1 0 0
544 3 1 1 1 0 0 1 0 0
548 1 0 0 0 0 0 1 0 0
551 9 0 0 7 0 0 0 0 0
fl=/home/abuild/rpmbuild/BUILD/glibc-2.30/elf/dl-support.c
fn=_dl_aux_init
224 24 2 2 12 5 5 11 1 1
225 2 0 0 0 0 0 0 0 0
226 1 0 0 0 0 0 0 0 0
227 2 0 0 0 0 0 1 0 0
229 1 0 0 0 0 0 1 1 1
230 130 7 7 31 3 3 17 0 0
231 108 0 0 17 3 3 0 0 0
234 5 1 1 1 0 0 0 0 0
238 1 1 1 1 0 0 0 0 0
239 1 0 0 0 0 0 0 0 0
241 1 0 0 1 1 1 0 0 0
242 1 1 1 0 0 0 0 0 0
244 1 0 0 1 0 0 0 0 0
245 1 0 0 0 0 0 0 0 0
247 2 0 0 1 0 0 1 0 0
248 1 0 0 0 0 0 0 0 0
250 2 1 1 1 0 0 1 0 0
251 1 0 0 0 0 0 1 0 0
269 1 0 0 1 0 0 0 0 0
270 1 0 0 0 0 0 0 0 0
273 1 1 1 1 0 0 0 0 0
274 1 0 0 0 0 0 0 0 0
277 1 0 0 1 1 1 0 0 0
278 1 0 0 0 0 0 0 0 0
281 1 1 1 1 0 0 0 0 0
282 1 0 0 0 0 0 0 0 0
285 1 0 0 0 0 0 0 0 0
286 2 1 1 1 0 0 1 0 0
287 1 0 0 0 0 0 1 0 0
288 1 0 0 0 0 0 1 0 0
290 2 0 0 1 0 0 1 0 0
291 2 0 0 0 0 0 1 0 0
296 2 0 0 0 0 0 0 0 0
301 7 0 0 7 0 0 0 0 0
fn=_dl_non_dynamic_init
307 6 0 0 0 0 0 5 0 0
308 2 1 1 0 0 0 2 1 1
309 2 0 0 1 0 0 1 1 1
310 2 0 0 1 0 0 1 0 0
312 6 0 0 0 0 0 2 0 0
320 4 1 1 0 0 0 2 0 0
323 2 0 0 1 0 0 1 0 0
325 6 1 1 0 0 0 2 0 0
327 6 0 0 0 0 0 2 0 0
329 6 1 1 0 0 0 2 0 0
331 4 0 0 1 0 0 2 0 0
332 2 0 0 0 0 0 0 0 0
334 5 1 1 0 0 0 1 0 0
336 2 0 0 0 0 0 0 0 0
363 5 0 0 0 0 0 1 0 0
367 3 2 2 1 0 0 0 0 0
368 2 0 0 0 0 0 2 0 0
371 3 0 0 1 0 0 0 0 0
372 29 0 0 1 0 0 0 0 0
373 14 1 1 7 0 0 0 0 0
375 2 0 0 1 0 0 1 0 0
378 7 0 0 6 0 0 0 0 0
fl=/home/abuild/rpmbuild/BUILD/glibc-2.30/elf/dl-tunables.c
fn=__tunable_get_val
372 158 2 2 16 0 0 0 0 0
381 19 0 0 16 0 0 3 0 0
391 13 0 0 0 0 0 13 1 1
392 13 0 0 0 0 0 0 0 0
398 80 0 0 16 0 0 0 0 0
400 16 0 0 16 0 0 0 0 0
fn=__tunables_init
68 1595 0 0 107 0 0 0 0 0
71 318 0 0 0 0 0 0 0 0
74 9045 1 1 1277 47 47 0 0 0
78 212 0 0 0 0 0 0 0 0
83 424 0 0 0 0 0 0 0 0
279 4 0 0 1 0 0 0 0 0
288 8 2 2 0 0 0 6 0 0
311 10600 1 1 0 0 0 0 0 0
317 13250 1 1 5300 22 22 0 0 0
329 318 0 0 106 0 0 0 0 0
363 8 0 0 7 0 0 0 0 0
fl=/home/abuild/rpmbuild/BUILD/glibc-2.30/elf/dl-tunables.h
fn=__tunables_init
119 6886 1 1 2260 10 10 0 0 0
120 3778 0 0 0 0 0 0 0 0
fl=/home/abuild/rpmbuild/BUILD/glibc-2.30/elf/enbl-secure.c
fn=__libc_init_secure
33 4 1 1 2 0 0 0 0 0
fl=/home/abuild/rpmbuild/BUILD/glibc-2.30/elf/setup-vdso.h
fn=_dl_non_dynamic_init
24 2 1 1 1 0 0 0 0 0
fl=/home/abuild/rpmbuild/BUILD/glibc-2.30/io/../sysdeps/unix/sysv/linux/close_nocancel.c
fn=__close_nocancel
26 4 1 1 0 0 0 0 0 0
27 1 0 0 1 0 0 0 0 0
fl=/home/abuild/rpmbuild/BUILD/glibc-2.30/io/../sysdeps/unix/sysv/linux/open64.c
fn=open
37 9 2 2 1 0 0 4 1 1
40 3 0 0 0 0 0 0 0 0
43 5 2 2 0 0 0 3 0 0
44 1 0 0 1 0 0 0 0 0
45 1 0 0 0 0 0 0 0 0
48 10 0 0 1 0 0 0 0 0
50 7 0 0 5 0 0 0 0 0
fl=/home/abuild/rpmbuild/BUILD/glibc-2.30/io/../sysdeps/unix/sysv/linux/wordsize-64/fxstat.c
fn=_fxstat
33 6 1 1 0 0 0 0 0 0
34 4 0 0 0 0 0 0 0 0
35 8 0 0 0 0 0 0 0 0
39 2 0 0 2 0 0 0 0 0
fl=/home/abuild/rpmbuild/BUILD/glibc-2.30/io/../sysdeps/unix/sysv/linux/write.c
fn=write
26 5418 2 2 774 0 0 0 0 0
27 774 0 0 774 0 0 0 0 0
fl=/home/abuild/rpmbuild/BUILD/glibc-2.30/libio/../include/sys/sysmacros.h
fn=_IO_file_doallocate
47 6 0 0 0 0 0 0 0 0
fl=/home/abuild/rpmbuild/BUILD/glibc-2.30/libio/../sysdeps/unix/sysv/linux/x86/lowlevellock.h
fn=_IO_cleanup
47 8 0 0 4 0 0 0 0 0
fn=_IO_flush_all_lockp
47 8 0 0 4 0 0 0 0 0
fn=_IO_link_in
47 4 1 1 2 0 0 0 0 0
fn=_IO_un_link.part.0
47 4 1 1 2 0 0 0 0 0
fn=fclose
47 2 0 0 1 0 0 0 0 0
fn=fwrite
47 2050 1 1 1025 0 0 0 0 0
fl=/home/abuild/rpmbuild/BUILD/glibc-2.30/libio/filedoalloc.c
fn=_IO_file_doallocate
78 16 4 4 2 0 0 8 1 1
84 18 0 0 6 3 3 2 2 2
86 8 0 0 2 0 0 0 0 0
89 2 0 0 0 0 0 0 0 0
91 2 2 2 1 1 1 0 0 0
94 2 0 0 1 0 0 0 0 0
97 8 0 0 2 0 0 0 0 0
101 6 0 0 0 0 0 2 0 0
102 4 2 2 0 0 0 0 0 0
104 8 0 0 0 0 0 2 0 0
105 2 0 0 0 0 0 0 0 0
106 16 0 0 12 0 0 0 0 0
fl=/home/abuild/rpmbuild/BUILD/glibc-2.30/libio/fileops.c
fn=_IO_do_write
428 1548 0 0 0 0 0 774 0 0
430 5424 1 1 0 0 0 774 0 0
431 1550 0 0 1550 0 0 0 0 0
fn=_IO_file_close
1172 2 1 1 1 0 0 0 0 0
fn=_IO_file_close_it
129 3 0 0 0 0 0 3 0 0
131 3 1 1 1 0 0 0 0 0
134 2 0 0 0 0 0 0 0 0
135 3 0 0 1 0 0 0 0 0
136 9 2 2 3 0 0 1 0 0
138 1 0 0 0 0 0 0 0 0
140 2 0 0 0 0 0 1 0 0
143 7 0 0 3 1 1 1 0 0
146 3 0 0 1 0 0 0 0 0
154 5 1 1 0 0 0 1 0 0
155 3 0 0 0 0 0 3 0 0
156 3 0 0 0 0 0 3 0 0
158 2 0 0 0 0 0 1 0 0
159 1 0 0 0 0 0 1 0 0
160 1 0 0 0 0 0 1 0 0
161 1 0 0 0 0 0 1 0 0
163 2 0 0 0 0 0 0 0 0
164 5 0 0 4 0 0 0 0 0
fn=_IO_file_finish
169 4 1 1 0 0 0 2 0 0
170 2 0 0 1 0 0 0 0 0
176 3 0 0 0 0 0 0 0 0
177 3 1 1 2 0 0 0 0 0
fn=_IO_file_fopen
214 10 1 1 1 0 0 7 0 0
223 2 0 0 1 0 0 0 0 0
225 11 2 2 1 1 1 0 0 0
238 2 0 0 0 0 0 0 0 0
246 2 0 0 0 0 0 0 0 0
248 22 2 2 3 1 1 0 0 0
281 6 1 1 0 0 0 1 0 0
284 2 0 0 0 0 0 0 0 0
287 4 0 0 0 0 0 1 0 0
288 2 0 0 0 0 0 0 0 0
361 12 0 0 9 0 0 0 0 0
fn=_IO_file_open
183 8 1 1 0 0 0 3 0 0
185 2 0 0 1 0 0 0 0 0
186 1 0 0 0 0 0 0 0 0
189 2 1 1 0 0 0 1 0 0
190 2 0 0 0 0 0 0 0 0
192 1 0 0 0 0 0 1 0 0
193 6 0 0 1 0 0 1 0 0
196 3 0 0 0 0 0 0 0 0
206 2 1 1 0 0 0 1 0 0
207 1 0 0 0 0 0 0 0 0
208 4 0 0 4 0 0 0 0 0
fn=_IO_file_overflow
736 3360 1 1 0 0 0 2520 0 0
737 4200 0 0 1680 0 0 0 0 0
744 4194 0 0 838 0 0 0 0 0
747 4 1 1 0 0 0 0 0 0
749 4 2 2 0 0 0 2 1 1
750 12 0 0 4 0 0 6 0 0
759 4 1 1 0 0 0 0 0 0
768 8 0 0 4 0 0 0 0 0
770 2 0 0 0 0 0 2 0 0
771 2 0 0 0 0 0 2 0 0
772 2 0 0 0 0 0 2 0 0
773 4 0 0 0 0 0 4 0 0
775 6 0 0 0 0 0 2 0 0
776 10 1 1 2 0 0 0 0 0
777 1 0 0 0 0 0 1 0 0
779 1680 0 0 0 0 0 0 0 0
780 1550 0 0 0 0 0 0 0 0
781 1550 0 0 775 0 0 0 0 0
782 130 0 0 65 0 0 0 0 0
785 195 0 0 0 0 0 130 0 0
786 195 0 0 65 0 0 0 0 0
787 260 0 0 0 0 0 0 0 0
791 65 0 0 0 0 0 0 0 0
792 2585 0 0 2585 0 0 0 0 0
fn=_IO_file_setbuf
386 2 0 0 0 0 0 1 0 0
387 3 0 0 0 0 0 1 0 0
390 2 0 0 0 0 0 2 0 0
391 2 0 0 1 0 0 1 0 0
392 3 0 0 0 0 0 3 0 0
394 1 0 0 0 0 0 0 0 0
395 2 0 0 2 0 0 0 0 0
fn=_IO_file_stat
1151 2 2 2 0 0 0 0 0 0
1152 6 0 0 2 0 0 0 0 0
fn=_IO_file_sync
797 4 1 1 0 0 0 2 0 0
802 4 0 0 2 0 0 0 0 0
804 1 1 1 1 0 0 0 0 0
805 2 0 0 1 0 0 0 0 0
816 2 1 1 0 0 0 1 0 0
820 4 0 0 3 0 0 0 0 0
fn=_IO_file_write
1178 4644 1 1 0 0 0 3096 0 0
1180 6192 0 0 0 0 0 0 0 0
1182 774 0 0 774 0 0 0 0 0
1184 1548 0 0 0 0 0 0 0 0
1185 2322 1 1 774 0 0 774 0 0
1186 1548 0 0 0 0 0 0 0 0
1191 774 0 0 0 0 0 0 0 0
1192 774 0 0 0 0 0 0 0 0
1195 2322 0 0 774 0 0 0 0 0
1198 6966 1 1 3870 0 0 0 0 0
fn=_IO_file_xsputn
1202 7301 1 1 0 0 0 6258 1 1
1208 6254 1 1 1042 0 0 0 0 0
1209 1043 0 0 0 0 0 0 0 0
1215 4168 0 0 1042 0 0 0 0 0
1217 32 0 0 16 0 0 0 0 0
1218 32 0 0 0 0 0 0 0 0
1221 244 0 0 0 0 0 0 0 0
1223 276 0 0 92 0 0 0 0 0
1225 5 1 1 0 0 0 0 0 0
1232 3078 0 0 1026 0 0 0 0 0
1233 2048 0 0 0 0 0 0 0 0
1236 3089 1 1 0 0 0 0 0 0
1238 1040 0 0 0 0 0 0 0 0
1240 3120 0 0 0 0 0 2080 0 0
1241 1040 0 0 0 0 0 0 0 0
1242 4160 0 0 0 0 0 0 0 0
1244 2614 0 0 0 0 0 0 0 0
1248 4650 1 1 1550 0 0 775 0 0
1254 1550 0 0 1550 0 0 0 0 0
1255 5425 0 0 0 0 0 0 0 0
1257 1550 0 0 0 0 0 0 0 0
1262 10 1 1 0 0 0 0 0 0
1268 2325 0 0 0 0 0 0 0 0
1269 5390 1 1 0 0 0 770 0 0
1272 9387 1 1 7301 0 0 0 0 0
fn=_IO_new_file_init_internal
107 2 0 0 0 0 0 1 0 0
111 1 0 0 0 0 0 1 0 0
112 1 1 1 1 0 0 0 0 0
114 1 0 0 0 0 0 1 0 0
115 1 0 0 0 0 0 1 0 0
116 2 0 0 2 0 0 0 0 0
fn=new_do_write
436 12384 1 1 774 0 0 4644 0 0
438 1548 0 0 774 0 0 0 0 0
445 3096 2 2 1548 0 0 0 0 0
453 3870 0 0 774 0 0 774 0 0
454 3870 0 0 774 0 0 0 0 0
456 3096 0 0 774 0 0 2322 0 0
457 1548 0 0 0 0 0 1548 0 0
458 774 0 0 0 0 0 774 0 0
459 2317 1 1 774 0 0 0 0 0
460 3091 0 0 1543 0 0 0 0 0
462 6966 0 0 5418 0 0 0 0 0
fl=/home/abuild/rpmbuild/BUILD/glibc-2.30/libio/genops.c
fn=_IO_cleanup
794 7 2 2 0 0 0 2 0 0
795 10 2 2 4 0 0 2 0 0
798 14 1 1 5 0 0 0 0 0
800 3 0 0 0 0 0 3 0 0
802 50 2 2 19 0 0 6 0 0
804 3 0 0 0 0 0 3 0 0
815 6 0 0 0 0 0 0 0 0
817 6 0 0 2 0 0 0 0 0
819 4 0 0 1 0 0 0 0 0
821 2 0 0 0 0 0 1 0 0
823 2 0 0 1 0 0 1 0 0
824 1 0 0 0 0 0 1 0 0
825 3 0 0 1 0 0 1 0 0
828 5 0 0 2 1 1 1 0 0
830 4 0 0 2 0 0 0 0 0
837 3 1 1 0 0 0 3 0 0
839 39 1 1 12 0 0 6 0 0
844 8 0 0 2 0 0 2 0 0
845 2 1 1 0 0 0 0 0 0
865 9 1 1 1 0 0 6 0 0
868 3 0 0 0 0 0 1 0 0
880 11 0 0 8 0 0 0 0 0
fn=_IO_default_finish
54 2 0 0 1 0 0 0 0 0
601 2 0 0 0 0 0 1 0 0
603 3 0 0 1 0 0 0 0 0
609 3 1 1 1 0 0 0 0 0
612 3 0 0 1 0 0 0 0 0
624 2 1 1 2 0 0 0 0 0
fn=_IO_default_setbuf
330 4 0 0 0 0 0 0 0 0
332 1 1 1 0 0 0 1 0 0
333 1 0 0 0 0 0 1 0 0
337 2 0 0 0 0 0 1 0 0
452 8 1 1 0 0 0 4 0 0
453 5 0 0 2 0 0 1 0 0
455 4 0 0 2 0 0 0 0 0
457 2 1 1 0 0 0 1 0 0
458 2 0 0 0 0 0 0 0 0
462 1 0 0 0 0 0 0 0 0
465 3 0 0 0 0 0 3 0 0
466 3 0 0 0 0 0 3 0 0
467 1 0 0 0 0 0 0 0 0
468 6 0 0 5 0 0 0 0 0
fn=_IO_default_xsputn
371 9240 0 0 0 0 0 4620 0 0
374 1540 1 1 0 0 0 0 0 0
379 3136 2 2 1568 0 0 0 0 0
381 769 0 0 0 0 0 0 0 0
382 1538 0 0 0 0 0 0 0 0
384 1538 0 0 0 0 0 0 0 0
386 3076 0 0 0 0 0 1538 0 0
387 1538 0 0 0 0 0 0 0 0
397 769 0 0 0 0 0 0 0 0
399 1680 1 1 42 0 0 14 0 0
401 14 0 0 0 0 0 0 0 0
403 770 0 0 0 0 0 0 0 0
404 6160 2 2 5390 0 0 0 0 0
fn=_IO_doallocbuf
343 6 0 0 0 0 0 6 0 0
344 4 2 2 2 0 0 0 0 0
346 8 0 0 2 0 0 0 0 0
347 10 2 2 4 2 2 2 0 0
350 8 2 2 8 0 0 0 0 0
fn=_IO_flush_all_lockp
686 11 1 1 1 0 0 7 0 0
687 1 0 0 0 0 0 0 0 0
691 7 1 1 0 0 0 2 0 0
692 10 1 1 4 1 0 2 0 0
695 12 1 1 4 2 1 0 0 0
697 6 1 1 3 2 2 3 0 0
698 9 0 0 0 0 0 0 0 0
701 44 1 1 12 3 3 6 0 0
708 1 0 0 1 0 0 0 0 0
710 23 2 2 10 5 5 0 0 0
718 36 1 1 15 0 0 6 0 0
719 3 0 0 0 0 0 3 0 0
723 8 1 1 2 0 0 2 0 0
724 2 0 0 0 0 0 0 0 0
728 12 0 0 9 0 0 0 0 0
fn=_IO_link_in
87 14 1 1 2 0 0 8 0 0
88 6 0 0 2 0 0 0 0 0
90 3 0 0 0 0 0 1 0 0
92 7 2 2 0 0 0 2 0 0
93 10 0 0 4 0 0 2 0 0
94 1 0 0 0 0 0 1 0 0
95 14 1 1 8 0 0 1 0 0
97 2 0 0 1 1 1 1 0 0
98 1 1 1 0 0 0 1 0 0
100 14 1 1 5 0 0 2 0 0
101 1 0 0 0 0 0 1 0 0
102 8 1 1 2 0 0 2 0 0
103 2 0 0 0 0 0 0 0 0
106 16 0 0 12 0 0 0 0 0
fn=_IO_no_init
563 1 1 1 0 0 0 0 0 0
564 1 0 0 0 0 0 1 0 0
565 1 0 0 0 0 0 1 1 1
566 2 0 0 0 0 0 0 0 0
568 1 0 0 0 0 0 1 0 0
569 1 0 0 0 0 0 1 1 1
570 1 0 0 0 0 0 1 0 0
571 1 0 0 0 0 0 1 0 0
572 1 0 0 0 0 0 1 0 0
573 1 1 1 0 0 0 1 0 0
574 1 0 0 0 0 0 1 0 0
575 1 0 0 0 0 0 1 0 0
576 1 0 0 0 0 0 1 0 0
577 1 0 0 0 0 0 1 0 0
578 1 0 0 0 0 0 1 0 0
579 1 0 0 0 0 0 1 0 0
581 1 0 0 0 0 0 1 0 0
587 1 1 1 0 0 0 1 0 0
588 1 0 0 1 0 0 0 0 0
fn=_IO_old_init
532 2 0 0 0 0 0 1 0 0
533 1 1 1 0 0 0 1 0 0
534 3 1 1 1 1 1 0 0 0
536 1 0 0 0 0 0 1 1 1
537 1 0 0 0 0 0 1 0 0
538 1 0 0 0 0 0 1 0 0
539 1 0 0 0 0 0 1 0 0
540 1 1 1 0 0 0 1 0 0
541 1 0 0 0 0 0 1 0 0
542 1 0 0 0 0 0 1 0 0
543 1 0 0 0 0 0 1 0 0
544 1 0 0 0 0 0 1 0 0
546 1 0 0 0 0 0 1 0 0
547 1 0 0 0 0 0 1 0 0
548 1 0 0 0 0 0 1 0 0
549 1 1 1 0 0 0 1 0 0
550 2 0 0 0 0 0 1 0 0
555 3 0 0 1 0 0 0 0 0
556 2 0 0 0 0 0 2 1 1
558 1 0 0 1 0 0 0 0 0
fn=_IO_setb
329 27 2 2 0 0 0 12 0 0
330 14 0 0 6 0 0 0 0 0
331 3 0 0 1 0 0 1 0 0
332 3 0 0 0 0 0 3 0 0
333 3 0 0 0 0 0 3 0 0
335 18 0 0 0 0 0 3 0 0
338 18 0 0 15 0 0 0 0 0
fn=_IO_un_link
54 5 1 1 2 0 0 0 0 0
82 1 0 0 1 0 0 0 0 0
fn=_IO_un_link.part.0
52 8 2 2 1 0 0 4 0 0
58 7 1 1 0 0 0 2 0 0
59 10 0 0 4 1 1 2 0 0
60 1 0 0 0 0 0 1 0 0
61 16 2 2 8 0 0 1 0 0
63 4 0 0 1 1 1 0 0 0
65 3 0 0 1 0 0 0 0 0
66 1 0 0 0 0 0 1 0 0
74 2 0 0 0 0 0 1 0 0
76 14 1 1 6 0 0 2 0 0
77 1 0 0 0 0 0 1 0 0
78 8 1 1 2 0 0 2 0 0
79 2 0 0 0 0 0 0 0 0
82 8 1 1 6 0 0 0 0 0
fn=_IO_unsave_markers
964 2 1 1 1 0 0 0 0 0
969 2 0 0 1 0 0 0 0 0
971 1 0 0 1 0 0 0 0 0
fn=__overflow
199 102 1 1 0 0 0 51 0 0
201 153 0 0 51 0 0 0 0 0
203 153 0 0 102 0 0 0 0 0
204 102 1 1 51 0 0 0 0 0
fl=/home/abuild/rpmbuild/BUILD/glibc-2.30/libio/iofclose.c
fn=fclose
34 4 1 1 0 0 0 3 0 0
48 3 1 1 1 0 0 0 0 0
49 1 1 1 0 0 0 1 0 0
51 14 2 2 8 0 0 1 0 0
52 4 0 0 0 0 0 0 0 0
53 6 0 0 1 0 0 1 0 0
57 4 0 0 2 0 0 1 0 0
58 3 0 0 1 0 0 0 0 0
71 2 0 0 1 0 0 0 0 0
76 5 0 0 4 0 0 0 0 0
fl=/home/abuild/rpmbuild/BUILD/glibc-2.30/libio/iofopen.c
fn=__fopen_internal
37 2 0 0 1 0 0 0 0 0
57 8 1 1 0 0 0 5 0 0
65 2 1 1 0 0 0 1 0 0
67 3 0 0 0 0 0 0 0 0
70 2 0 0 0 0 0 1 1 1
72 7 1 1 0 0 0 1 0 0
73 2 0 0 0 0 0 1 0 0
74 2 0 0 0 0 0 1 0 0
75 7 0 0 0 0 0 1 0 0
81 7 1 1 6 0 0 0 0 0
fn=fopen
86 2 1 1 0 0 0 0 0 0
fl=/home/abuild/rpmbuild/BUILD/glibc-2.30/libio/iofwrite.c
fn=fwrite
31 7175 1 1 0 0 0 6150 0 0
32 2050 0 0 0 0 0 0 0 0
35 3075 1 1 0 0 0 0 0 0
37 16400 0 0 7175 0 0 1025 0 0
38 5124 1 1 1025 0 0 1 0 0
39 7175 0 0 2050 1 1 1025 0 0
45 2050 0 0 0 0 0 0 0 0
46 1025 0 0 0 0 0 0 0 0
49 9225 0 0 7175 0 0 0 0 0
fl=/home/abuild/rpmbuild/BUILD/glibc-2.30/libio/libioP.h
fn=_IO_cleanup
940 3 0 0 0 0 0 0 0 0
942 2 0 0 0 0 0 0 0 0
943 2 0 0 0 0 0 0 0 0
fn=_IO_default_setbuf
940 3 0 0 0 0 0 0 0 0
942 2 1 1 0 0 0 0 0 0
943 2 0 0 0 0 0 0 0 0
fn=_IO_default_xsputn
940 42 0 0 0 0 0 0 0 0
942 28 0 0 0 0 0 0 0 0
943 28 0 0 0 0 0 0 0 0
fn=_IO_doallocbuf
940 6 0 0 0 0 0 0 0 0
942 4 0 0 0 0 0 0 0 0
943 4 0 0 0 0 0 0 0 0
fn=_IO_file_close_it
940 3 0 0 0 0 0 0 0 0
942 2 1 1 0 0 0 0 0 0
943 2 0 0 0 0 0 0 0 0
fn=_IO_file_doallocate
940 6 0 0 0 0 0 0 0 0
942 4 0 0 0 0 0 0 0 0
943 4 2 2 0 0 0 0 0 0
fn=_IO_file_xsputn
940 2325 0 0 0 0 0 0 0 0
942 1550 0 0 0 0 0 0 0 0
943 1550 0 0 0 0 0 0 0 0
fn=__overflow
940 153 0 0 0 0 0 0 0 0
942 102 0 0 0 0 0 0 0 0
943 102 0 0 0 0 0 0 0 0
fn=fclose
855 6 1 1 0 0 0 0 0 0
856 5 0 0 0 0 0 0 0 0
862 2 0 0 0 0 0 1 0 0
883 2 0 0 0 0 0 0 0 0
884 9 1 1 4 0 0 1 0 0
940 3 1 1 0 0 0 0 0 0
942 2 0 0 0 0 0 0 0 0
943 2 0 0 0 0 0 0 0 0
fn=fwrite
883 3075 0 0 1025 0 0 0 0 0
884 8200 1 1 4100 0 0 1025 0 0
940 3075 0 0 0 0 0 0 0 0
942 2050 1 1 0 0 0 0 0 0
943 2050 0 0 0 0 0 0 0 0
fn=new_do_write
943 1548 1 1 0 0 0 0 0 0
fl=/home/abuild/rpmbuild/BUILD/glibc-2.30/malloc/../sysdeps/unix/sysv/linux/x86/lowlevellock.h
fn=tcache_init.part.0
47 2 0 0 1 0 0 0 0 0
fl=/home/abuild/rpmbuild/BUILD/glibc-2.30/malloc/arena.c
fn=malloc_hook_ini
290 3 1 1 1 1 1 0 0 0
fn=ptmalloc_init.part.0
288 5 1 1 1 0 0 2 0 0
293 1 0 0 0 0 0 1 0 0
307 3 1 1 0 0 0 1 1 1
309 1 0 0 0 0 0 1 1 1
312 5 0 0 0 0 0 1 0 0
313 4 0 0 0 0 0 1 0 0
314 4 1 1 0 0 0 1 0 0
315 4 0 0 0 0 0 1 0 0
316 4 0 0 0 0 0 1 0 0
317 4 1 1 0 0 0 1 0 0
318 4 0 0 0 0 0 1 0 0
319 4 0 0 0 0 0 1 0 0
321 4 0 0 0 0 0 1 0 0
322 4 1 1 0 0 0 1 0 0
323 4 0 0 0 0 0 1 0 0
398 1 0 0 0 0 0 1 0 0
399 6 1 1 4 0 0 0 0 0
fl=/home/abuild/rpmbuild/BUILD/glibc-2.30/malloc/hooks.c
fn=malloc_hook_ini
29 4 0 0 1 0 0 2 0 0
30 1 1 1 0 0 0 1 0 0
32 1 0 0 0 0 0 0 0 0
33 1 0 0 0 0 0 0 0 0
fl=/home/abuild/rpmbuild/BUILD/glibc-2.30/malloc/malloc.c
fn=_int_free
1875 6168 0 0 2056 0 0 0 0 0
2924 2097158 2 2 0 0 0 1048579 0 0
2926 2097158 2 2 1048579 3 3 1048579 0 0
2927 1048579 0 0 0 0 0 1048579 0 0
2928 2097158 0 0 0 0 0 1048579 0 0
4155 11556985 1 1 1050635 0 0 7354445 0 0
4165 3151905 0 0 1050635 0 0 0 0 0
4171 5253175 0 0 0 0 0 0 0 0
4172 2101270 1 1 0 0 0 0 0 0
4176 4202540 0 0 0 0 0 0 0 0
4183 2101270 0 0 0 0 0 0 0 0
4184 6303810 0 0 2101270 1 1 0 0 0
4187 1048579 0 0 0 0 0 0 0 0
4193 2097158 1 1 1048579 0 0 0 0 0
4206 5242895 0 0 2097158 2 2 0 0 0
4209 1048579 0 0 0 0 0 0 0 0
4220 4112 0 0 2056 1 1 0 0 0
4295 4112 0 0 2056 0 0 0 0 0
4298 2056 0 0 2056 0 0 0 0 0
4301 6168 1 1 0 0 0 2056 1 0
4304 2056 0 0 0 0 0 0 0 0
4308 6168 0 0 2056 1 1 0 0 0
4311 4112 0 0 2056 1 1 0 0 0
4316 6168 0 0 2056 8 8 0 0 0
4319 4112 0 0 0 0 0 0 0 0
4320 4112 1 1 0 0 0 0 0 0
4321 4112 0 0 2056 1 1 0 0 0
4327 4112 0 0 2056 0 0 0 0 0
4328 2043 0 0 2043 0 0 0 0 0
4329 2043 0 0 0 0 0 0 0 0
4330 2043 0 0 0 0 0 0 0 0
4331 8172 0 0 2043 1 0 0 0 0
4333 4086 0 0 0 0 0 2043 0 0
4336 4112 1 1 2056 0 0 0 0 0
4341 4110 0 0 2055 2048 1030 0 0 0
4342 12 1 1 0 0 0 6 0 0
4343 12 0 0 0 0 0 0 0 0
4345 2049 0 0 2049 0 0 0 0 0
4353 2055 0 0 0 0 0 0 0 0
4354 2055 0 0 2055 0 0 0 0 0
4355 4110 0 0 2055 0 0 0 0 0
4357 2055 0 0 0 0 0 2055 4 4
4358 2055 0 0 0 0 0 2055 0 0
4359 4110 1 1 0 0 0 0 0 0
4361 2055 1 1 0 0 0 2055 1 1
4362 4110 1 1 0 0 0 2055 0 0
4364 2055 0 0 0 0 0 2055 0 0
4365 2055 0 0 0 0 0 2055 0 0
4367 6165 0 0 0 0 0 2055 0 0
4368 2055 0 0 0 0 0 2055 0 0
4379 1 1 1 0 0 0 0 0 0
4380 3 0 0 0 0 0 1 0 0
4381 2 0 0 0 0 0 1 0 0
4398 4112 0 0 0 0 0 0 0 0
4399 5982 2 2 1994 0 0 0 0 0
4402 5982 0 0 0 0 0 0 0 0
4404 9970 1 1 5982 2 2 0 0 0
4406 5982 0 0 1994 0 0 1994 0 0
4418 6168 0 0 2056 0 0 0 0 0
4428 11556985 3 3 9455715 0 0 0 0 0
fn=_int_malloc
1208 4130 1 1 0 0 0 0 0 0
1210 10325 1 1 0 0 0 0 0 0
1637 4128 0 0 0 0 0 0 0 0
1868 6195 0 0 2065 0 0 0 0 0
3513 18585 0 0 0 0 0 12390 2 2
3553 4130 0 0 0 0 0 0 0 0
3577 4132 1 1 2065 2 2 0 0 0
3582 16 2 1 8 1 1 0 0 0
3584 16 0 0 0 0 0 0 0 0
3589 57 3 2 0 0 0 0 0 0
3612 24 1 1 0 0 0 0 0 0
3635 4114 0 0 0 0 0 0 0 0
3637 36 0 0 0 0 0 12 2 2
3638 24 2 1 0 0 0 0 0 0
3640 168 1 1 12 2 2 108 3 3
3697 68777 3 2 0 0 0 21557 4 4
3698 6159 0 0 2053 0 0 0 0 0
3716 6193 0 0 2064 0 0 0 0 0
3717 6195 0 0 0 0 0 0 0 0
3718 4130 0 0 2065 0 0 0 0 0
3722 4130 1 1 0 0 0 2065 0 0
3727 6 0 0 0 0 0 0 0 0
3728 6210 0 0 2070 1 1 0 0 0
3730 6 0 0 6 0 0 0 0 0
3731 12 0 0 6 0 0 0 0 0
3732 6 1 1 0 0 0 0 0 0
3734 12 0 0 0 0 0 0 0 0
3735 18 0 0 6 1 1 0 0 0
3737 6 0 0 6 1 1 0 0 0
3738 24 0 0 0 0 0 0 0 0
3740 24 1 1 6 0 0 0 0 0
3742 12 0 0 6 0 0 0 0 0
3743 12 0 0 6 0 0 0 0 0
3745 12 0 0 0 0 0 0 0 0
3756 14 0 0 0 0 0 0 0 0
3757 2 1 1 1 0 0 0 0 0
3758 2 1 1 1 0 0 0 0 0
3759 36 0 0 0 0 0 18 0 0
3762 2 0 0 1 0 0 0 0 0
3763 1 0 0 0 0 0 0 0 0
3764 2 0 0 0 0 0 2 0 0
3765 1 0 0 0 0 0 1 0 0
3766 2 0 0 0 0 0 2 1 1
3767 2 0 0 0 0 0 0 0 0
3769 1 0 0 0 0 0 1 0 0
3770 1 0 0 0 0 0 1 0 0
3773 8 1 1 0 0 0 1 0 0
3775 3 0 0 0 0 0 1 0 0
3776 1 0 0 0 0 0 1 0 0
3779 1 0 0 0 0 0 0 0 0
3787 5 0 0 0 0 0 5 0 0
3788 5 0 0 0 0 0 5 0 0
3792 10 1 1 0 0 0 0 0 0
3795 6195 0 0 0 0 0 6195 0 0
3801 24 0 0 12 0 0 6 0 0
3821 10 0 0 0 0 0 0 0 0
3829 40 1 1 0 0 0 0 0 0
3830 20 1 1 0 0 0 0 0 0
3831 5 0 0 5 3 3 0 0 0
3834 10 0 0 0 0 0 0 0 0
3837 2 0 0 0 0 0 0 0 0
3839 8 0 0 4 0 0 0 0 0
3840 4 0 0 0 0 0 0 0 0
3852 6 1 1 2 0 0 0 0 0
3853 4 1 1 0 0 0 0 0 0
3859 2 0 0 0 0 0 0 0 0
3862 4 1 1 2 0 0 0 0 0
3872 2 0 0 2 0 0 0 0 0
3873 8 0 0 2 0 0 0 0 0
3878 15 1 1 0 0 0 6 0 0
3881 20 1 1 5 0 0 0 0 0
3882 5 0 0 0 0 0 5 0 0
3883 5 0 0 0 0 0 5 0 0
3884 5 0 0 0 0 0 5 0 0
3885 5 0 0 0 0 0 5 0 0
3890 15 0 0 10 0 0 0 0 0
3891 10 0 0 0 0 0 0 0 0
3892 18 1 1 6 0 0 6 0 0
3900 15 0 0 0 0 0 0 0 0
3917 4128 1 1 0 0 0 0 0 0
3919 8212 0 0 2053 0 0 0 0 0
3922 6159 0 0 2053 2 2 0 0 0
3990 4128 0 0 2064 0 0 0 0 0
3991 4128 0 0 0 0 0 0 0 0
3992 4128 0 0 0 0 0 0 0 0
3993 4128 1 1 2064 2 2 0 0 0
3994 6192 0 0 0 0 0 0 0 0
3999 4130 0 0 0 0 0 0 0 0
4003 6285 1 1 0 0 0 0 0 0
4006 132 0 0 33 0 0 0 0 0
4008 4 0 0 0 0 0 0 0 0
4009 2 0 0 0 0 0 0 0 0
4013 38 0 0 0 0 0 0 0 0
4015 17 0 0 0 0 0 0 0 0
4017 34 0 0 0 0 0 0 0 0
4021 2 0 0 2 2 2 0 0 0
4024 4 1 1 0 0 0 0 0 0
4033 6 0 0 4 2 0 0 0 0
4036 4 0 0 0 0 0 0 0 0
4038 4 0 0 0 0 0 0 0 0
4041 8 1 1 0 0 0 6 0 0
4044 8 0 0 4 0 0 0 0 0
4054 2 0 0 0 0 0 0 0 0
4059 2 0 0 2 0 0 0 0 0
4060 4 0 0 2 0 0 0 0 0
4062 2 0 0 0 0 0 2 1 1
4063 2 0 0 0 0 0 2 0 0
4064 2 1 1 0 0 0 2 0 0
4065 2 0 0 0 0 0 2 0 0
4068 4 0 0 0 0 0 0 0 0
4069 1 0 0 0 0 0 1 0 0
4070 4 0 0 0 0 0 0 0 0
4072 2 0 0 0 0 0 2 0 0
4073 2 0 0 0 0 0 2 0 0
4075 16 1 1 0 0 0 2 0 0
4077 6 0 0 0 0 0 2 0 0
4078 2 0 0 0 0 0 2 0 0
4081 2 0 0 0 0 0 0 0 0
4103 2062 0 0 2062 0 0 0 0 0
4104 4124 0 0 2062 0 0 0 0 0
4106 4124 1 1 2062 0 0 0 0 0
4109 6250 0 0 0 0 0 64 0 0
4111 1998 0 0 0 0 0 0 0 0
4112 3996 0 0 1998 0 0 0 0 0
4113 1998 0 0 0 0 0 1998 0 0
4114 15984 1 1 0 0 0 1998 0 0
4116 3996 0 0 0 0 0 1998 1996 1996
4119 1998 0 0 0 0 0 0 0 0
4126 192 0 0 64 0 0 0 0 0
4141 320 1 1 64 0 0 64 0 0
4142 128 0 0 0 0 0 0 0 0
4147 18585 0 0 14455 0 0 0 0 0
fn=calloc
3366 5130 1 1 0 0 0 4104 0 0
3376 9234 0 0 0 0 0 0 0 0
3384 1026 0 0 1026 0 0 0 0 0
3385 2052 0 0 0 0 0 0 0 0
3394 2052 1 1 1026 0 0 0 0 0
3396 3078 0 0 1026 0 0 0 0 0
3406 1026 0 0 1026 0 0 0 0 0
3407 3078 0 0 1026 0 0 0 0 0
3428 4104 0 0 0 0 0 1026 0 0
3430 10260 3 3 1026 0 0 0 0 0
3433 3078 0 0 1026 0 0 0 0 0
3447 2052 0 0 0 0 0 0 0 0
3450 1026 0 0 0 0 0 0 0 0
3453 4104 0 0 2052 0 0 0 0 0
3461 1026 1 1 0 0 0 0 0 0
3464 7182 0 0 0 0 0 0 0 0
3475 1026 0 0 0 0 0 0 0 0
3477 2052 0 0 0 0 0 0 0 0
3479 2052 0 0 0 0 0 0 0 0
3480 5120 2 2 0 0 0 1024 0 0
3484 2 0 0 0 0 0 2 0 0
3485 2 1 1 0 0 0 2 0 0
3486 2 0 0 0 0 0 2 1 1
3487 4 0 0 0 0 0 0 0 0
3505 7182 0 0 5130 0 0 0 0 0
fn=free
3087 1050631 2 2 0 0 0 0 0 0
3092 1050631 0 0 1050631 2 2 0 0 0
3093 2101262 0 0 0 0 0 0 0 0
3099 2101262 0 0 0 0 0 0 0 0
3102 1050631 0 0 0 0 0 0 0 0
3104 3151893 1 1 1050631 8 6 0 0 0
3122 2101262 0 0 1050631 1 1 0 0 0
3124 3151893 0 0 0 0 0 0 0 0
3125 2101262 0 0 0 0 0 0 0 0
3126 1050631 0 0 0 0 0 0 0 0
fn=malloc
1208 2099226 0 0 0 0 0 0 0 0
1210 4202600 1 1 0 0 0 0 0 0
2936 2097150 0 0 1048575 0 0 0 0 0
2937 2097150 1 1 1048575 0 0 1048575 0 0
2938 2097150 0 0 0 0 0 1048575 0 0
2939 1048575 0 0 0 0 0 1048575 0 0
2978 3 0 0 1 0 0 1 0 0
3023 4198456 1 1 0 0 0 3148842 1 1
3031 1049614 0 0 1049614 2 2 0 0 0
3032 2099228 1 1 0 0 0 0 0 0
3033 2 1 1 1 0 0 0 0 0
3044 3148839 0 0 1049613 1 1 0 0 0
3047 2099226 1 1 1049613 1 1 0 0 0
3048 1048590 0 0 1 0 0 0 0 0
3049 3145758 0 0 1048586 2 2 0 0 0
3051 1048575 0 0 0 0 0 0 0 0
3056 3114 1 1 1038 1 1 0 0 0
3058 4152 0 0 0 0 0 1038 2 2
3059 7266 0 0 1038 0 0 0 0 0
3082 5248068 0 0 4198455 0 0 0 0 0
fn=malloc_init_state
1795 385 1 1 0 0 0 0 0 0
1798 254 0 0 0 0 0 254 32 32
1802 3 0 0 0 0 0 0 0 0
1806 2 1 1 0 0 0 1 1 1
1807 1 0 0 0 0 0 1 0 0
1809 1 0 0 0 0 0 1 0 0
1810 1 0 0 1 0 0 0 0 0
fn=sysmalloc
2255 512 2 1 0 0 0 384 24 1
2275 64 0 0 64 24 0 0 0 0
2286 128 2 1 0 0 0 0 0 0
2287 256 0 0 64 25 1 64 24 1
2302 448 0 0 0 0 0 64 0 0
2353 128 2 1 0 0 0 0 0 0
2368 64 0 0 64 0 0 0 0 0
2369 192 0 0 64 0 0 0 0 0
2370 64 2 1 0 0 0 0 0 0
2379 571 0 0 0 0 0 0 0 0
2385 192 0 0 0 0 0 0 0 0
2388 192 1 1 0 0 0 0 0 0
2449 512 0 0 128 0 0 64 0 0
2460 61 0 0 0 0 0 0 0 0
2468 192 2 1 0 0 0 64 0 0
2470 256 0 0 64 0 0 128 0 0
2471 64 0 0 0 0 0 0 0 0
2474 256 0 0 128 0 0 0 0 0
2477 60 0 0 60 25 1 0 0 0
2478 120 0 0 0 0 0 0 0 0
2493 8 1 1 4 0 0 0 0 0
2494 5 1 1 1 0 0 0 0 0
2497 12 0 0 0 0 0 0 0 0
2501 20 1 1 8 0 0 0 0 0
2503 40 1 1 0 0 0 12 0 0
2505 16 0 0 8 0 0 0 0 0
2509 4 0 0 0 0 0 0 0 0
2517 4 0 0 4 0 0 0 0 0
2522 8 0 0 0 0 0 0 0 0
2524 435 1 1 128 1 1 0 0 0
2525 2 1 1 0 0 0 1 0 0
2526 64 0 0 0 0 0 64 0 0
2532 238 0 0 0 0 0 0 0 0
2533 295 1 1 59 0 0 59 0 0
2535 4 1 1 1 0 0 0 0 0
2562 4 0 0 0 0 0 0 0 0
2575 3 1 1 0 0 0 0 0 0
2597 2 0 0 0 0 0 0 0 0
2598 6 1 1 1 0 0 0 0 0
2600 3 0 0 0 0 0 1 0 0
2601 3 0 0 1 0 0 2 0 0
2613 4 0 0 2 0 0 0 0 0
2621 1 0 0 1 0 0 0 0 0
2622 2 0 0 0 0 0 0 0 0
2623 3 1 1 0 0 0 0 0 0
2632 12 0 0 0 0 0 0 0 0
2660 5 0 0 0 0 0 5 0 0
2661 20 2 2 0 0 0 5 5 5
2662 15 0 0 5 0 0 5 0 0
2673 10 0 0 0 0 0 0 0 0
2680 8 0 0 0 0 0 0 0 0
2681 12 0 0 0 0 0 4 0 0
2689 4 0 0 0 0 0 4 4 4
2691 4 0 0 0 0 0 4 0 0
2695 8 1 1 0 0 0 0 0 0
2697 20 0 0 0 0 0 4 0 0
2705 128 2 1 64 0 0 0 0 0
2706 64 0 0 0 0 0 64 0 0
2711 128 0 0 64 0 0 0 0 0
2714 128 0 0 0 0 0 0 0 0
2716 192 0 0 0 0 0 0 0 0
2717 64 0 0 0 0 0 0 0 0
2718 192 1 1 0 0 0 64 0 0
2719 192 0 0 0 0 0 64 0 0
2720 128 0 0 0 0 0 64 64 64
2722 64 0 0 0 0 0 0 0 0
2728 576 0 0 448 0 0 0 0 0
fn=systrim.isra.0.constprop.0
2741 5982 0 0 0 0 0 5982 0 0
2752 5982 1 1 3988 0 0 0 0 0
2754 1994 0 0 0 0 0 0 0 0
2755 3988 0 0 0 0 0 0 0 0
2756 1994 0 0 0 0 0 0 0 0
2759 5982 0 0 1994 1 1 0 0 0
2761 5982 1 1 0 0 0 0 0 0
2768 5982 0 0 1994 0 0 1994 0 0
2769 7976 0 0 1994 0 0 0 0 0
2805 7976 0 0 7976 0 0 0 0 0
fn=tcache_init.part.0
2972 1 0 0 0 0 0 1 0 0
2981 7 2 2 2 0 0 0 0 0
2982 4 0 0 0 0 0 1 0 0
2983 2 0 0 0 0 0 0 0 0
2991 4 0 0 2 0 0 0 0 0
2998 2 0 0 0 0 0 0 0 0
3000 1 1 1 0 0 0 1 0 0
3001 88 0 0 0 0 0 81 9 9
3004 2 0 0 2 0 0 0 0 0
fn=unlink_chunk.isra.0
1451 2051 1 1 0 0 0 0 0 0
1453 10255 0 0 4102 2 2 0 0 0
1456 2051 0 0 2051 4 4 0 0 0
1457 2051 0 0 2051 0 0 0 0 0
1459 8204 0 0 4102 6 3 0 0 0
1462 2051 1 1 0 0 0 2051 0 0
1463 2051 0 0 0 0 0 2051 0 0
1464 10255 0 0 2051 1 0 0 0 0
1466 6 0 0 3 0 0 0 0 0
1467 9 0 0 6 0 0 0 0 0
1470 6 0 0 3 1 1 0 0 0
1472 2 1 1 0 0 0 0 0 0
1473 3 0 0 0 0 0 2 0 0
1484 2 0 0 0 0 0 2 0 0
1485 4 0 0 2 0 0 2 0 0
1488 4102 0 0 2051 0 0 0 0 0
fl=/home/abuild/rpmbuild/BUILD/glibc-2.30/malloc/morecore.c
fn=__default_morecore
46 2059 2 1 0 0 0 0 0 0
47 2059 0 0 0 0 0 2059 0 0
49 6177 2 1 0 0 0 0 0 0
52 4118 0 0 2059 0 0 0 0 0
fl=/home/abuild/rpmbuild/BUILD/glibc-2.30/math/../sysdeps/ieee754/dbl-64/e_hypot.c
fn=__hypot_finite
51 1484649166 2 2 0 0 0 848370952 0 0
55 424185476 0 0 0 0 0 0 0 0
56 212092738 0 0 0 0 0 0 0 0
57 424185476 0 0 0 0 0 0 0 0
58 212092738 0 0 0 0 0 0 0 0
59 724005086 0 0 0 0 0 0 0 0
61 199879740 0 0 0 0 0 0 0 0
67 1060463690 0 0 0 0 0 0 0 0
68 1060463690 1 1 0 0 0 0 0 0
69 848370952 0 0 0 0 0 0 0 0
71 941786 1 1 0 0 0 0 0 0
73 211621845 0 0 0 0 0 0 0 0
74 423243690 0 0 0 0 0 0 0 0
95 423243690 1 1 0 0 0 0 0 0
97 1538 1 1 0 0 0 0 0 0
101 2307 1 1 0 0 0 0 0 0
102 769 0 0 0 0 0 0 0 0
130 423242152 0 0 0 0 0 0 0 0
131 423242152 0 0 0 0 0 0 0 0
134 391362708 0 0 0 0 0 0 0 0
135 130454236 0 0 0 0 0 0 0 0
136 1565450832 1 1 130454236 0 0 0 0 0
140 81166840 0 0 0 0 0 0 0 0
142 243500520 1 1 0 0 0 0 0 0
143 162333680 0 0 0 0 0 0 0 0
145 243500520 0 0 0 0 0 0 0 0
146 81166840 0 0 0 0 0 0 0 0
147 892835240 0 0 81166840 1 1 0 0 0
149 423242152 0 0 0 0 0 0 0 0
161 1484649166 1 1 1060463690 0 0 0 0 0
fl=/home/abuild/rpmbuild/BUILD/glibc-2.30/math/../sysdeps/ieee754/dbl-64/e_log.c
fn=__ieee754_log_fma
39 4194304 0 0 0 0 0 0 0 0
61 10485760 0 0 0 0 0 0 0 0
65 6 0 0 0 0 0 0 0 0
67 2 0 0 2 0 0 0 0 0
68 2 0 0 0 0 0 0 0 0
69 2 0 0 0 0 0 0 0 0
70 6 1 1 6 2 1 0 0 0
71 8 0 0 6 0 0 0 0 0
72 10 1 1 8 1 1 0 0 0
75 8 0 0 2 0 0 0 0 0
76 2 0 0 0 0 0 0 0 0
77 4 0 0 2 0 0 0 0 0
78 4 0 0 0 0 0 0 0 0
79 4 0 0 0 0 0 0 0 0
80 6 0 0 0 0 0 0 0 0
81 2 0 0 0 0 0 0 0 0
82 2 0 0 0 0 0 0 0 0
83 2 0 0 2 0 0 0 0 0
85 6291450 1 1 0 0 0 0 0 0
88 6 1 1 0 0 0 0 0 0
89 2 1 1 0 0 0 0 0 0
90 3 1 1 0 0 0 0 0 0
92 2 0 0 0 0 0 0 0 0
93 1 0 0 0 0 0 0 0 0
102 4194296 0 0 0 0 0 0 0 0
103 4194296 1 1 0 0 0 0 0 0
104 2097148 0 0 0 0 0 0 0 0
105 6291444 0 0 0 0 0 0 0 0
106 10485740 0 0 0 0 0 0 0 0
114 6291444 0 0 4194296 44793 32 0 0 0
119 4194296 0 0 0 0 0 0 0 0
122 4194296 1 1 4194296 1 1 0 0 0
123 2097148 0 0 0 0 0 0 0 0
124 6291444 0 0 2097148 0 0 0 0 0
127 2097148 0 0 0 0 0 0 0 0
130 18874332 1 1 10485740 0 0 0 0 0
131 2097148 0 0 2097148 0 0 0 0 0
fl=/home/abuild/rpmbuild/BUILD/glibc-2.30/math/../sysdeps/ieee754/dbl-64/math_config.h
fn=__ieee754_log_fma
67 2097152 1 1 0 0 0 0 0 0
fl=/home/abuild/rpmbuild/BUILD/glibc-2.30/math/../sysdeps/ieee754/dbl-64/math_err.c
fn=__math_divzero
69 4 2 2 2 1 1 0 0 0
70 2 0 0 0 0 0 0 0 0
fn=__math_invalid
76 3 0 0 0 0 0 0 0 0
77 5 0 0 0 0 0 0 0 0
fn=with_errno
29 4 1 1 0 0 0 2 0 0
31 2 0 0 2 0 0 0 0 0
fl=/home/abuild/rpmbuild/BUILD/glibc-2.30/math/../sysdeps/x86_64/fpu/multiarch/e_log.c
fn=__log_finite
26 3 0 0 1 0 0 0 0 0
fl=/home/abuild/rpmbuild/BUILD/glibc-2.30/math/../sysdeps/x86_64/fpu/multiarch/ifunc-avx-fma4.h
fn=__log_finite
32 2 1 1 0 0 0 0 0 0
33 3 1 1 1 0 0 0 0 0
fl=/home/abuild/rpmbuild/BUILD/glibc-2.30/math/../sysdeps/x86_64/fpu/multiarch/ifunc-sse4_1.h
fn=ceil
29 4 1 1 2 0 0 0 0 0
fl=/home/abuild/rpmbuild/BUILD/glibc-2.30/math/../sysdeps/x86_64/fpu/multiarch/s_ceil-sse4_1.S
fn=__ceil_sse41
23 7 1 1 0 0 0 0 0 0
24 7 0 0 7 0 0 0 0 0
fl=/home/abuild/rpmbuild/BUILD/glibc-2.30/math/./cabs_template.c
fn=cabs
26 212092738 0 0 0 0 0 0 0 0
fl=/home/abuild/rpmbuild/BUILD/glibc-2.30/math/./w_hypot_template.c
fn=hypot
31 212092738 1 1 0 0 0 0 0 0
32 636278214 0 0 0 0 0 636278214 0 0
33 1696741904 0 0 848370952 0 0 0 0 0
37 424185476 1 1 212092738 0 0 0 0 0
fl=/home/abuild/rpmbuild/BUILD/glibc-2.30/math/./w_log_template.c
fn=log
32 6291456 0 0 0 0 0 0 0 0
34 6 1 1 0 0 0 0 0 0
36 4 0 0 0 0 0 1 0 0
39 2 0 0 0 0 0 1 0 0
41 2097152 0 0 0 0 0 0 0 0
fl=/home/abuild/rpmbuild/BUILD/glibc-2.30/misc/../sysdeps/unix/sysv/linux/mmap64.c
fn=mmap
48 16 0 0 0 0 0 8 0 0
51 8 1 1 0 0 0 0 0 0
54 16 1 1 0 0 0 0 0 0
59 24 0 0 0 0 0 0 0 0
61 12 0 0 12 0 0 0 0 0
fl=/home/abuild/rpmbuild/BUILD/glibc-2.30/misc/../sysdeps/unix/sysv/linux/x86_64/brk.c
fn=brk
31 335 3 2 0 0 0 67 0 0
33 134 0 0 0 0 0 0 0 0
35 8 0 0 0 0 0 4 0 0
36 8 1 1 4 0 0 0 0 0
39 63 0 0 0 0 0 0 0 0
40 63 0 0 63 0 0 0 0 0
fl=/home/abuild/rpmbuild/BUILD/glibc-2.30/misc/init-misc.c
fn=__init_misc
30 4 0 0 0 0 0 2 0 0
31 5 1 1 1 0 0 0 0 0
33 3 0 0 0 0 0 1 0 0
37 4 0 0 0 0 0 1 1 1
38 2 0 0 1 0 0 1 0 0
40 4 1 1 3 0 0 0 0 0
fl=/home/abuild/rpmbuild/BUILD/glibc-2.30/misc/sbrk.c
fn=sbrk
32 8240 2 1 0 0 0 4120 25 1
40 12357 0 0 4119 51 3 0 0 0
41 5 2 2 1 0 0 1 1 1
44 4120 1 0 0 0 0 0 0 0
48 396 0 0 0 0 0 0 0 0
53 4 0 0 0 0 0 0 0 0
56 264 0 0 0 0 0 66 0 0
60 10300 0 0 6180 0 0 0 0 0
fl=/home/abuild/rpmbuild/BUILD/glibc-2.30/nptl/alloca_cutoff.c
fn=__libc_alloca_cutoff
28 54 2 2 6 1 1 0 0 0
35 6 0 0 6 0 0 0 0 0
fl=/home/abuild/rpmbuild/BUILD/glibc-2.30/posix/../sysdeps/unix/syscall-template.S
fn=uname
78 4 1 1 0 0 0 0 0 0
79 1 0 0 1 0 0 0 0 0
fl=/home/abuild/rpmbuild/BUILD/glibc-2.30/posix/../sysdeps/unix/sysv/linux/_exit.c
fn=_Exit
27 2 1 1 0 0 0 0 0 0
31 4 0 0 0 0 0 0 0 0
33 2 1 1 0 0 0 0 0 0
fl=/home/abuild/rpmbuild/BUILD/glibc-2.30/posix/getopt.c
fn=_getopt_internal
705 7 1 1 0 0 0 0 0 0
708 14 0 0 7 0 0 7 1 1
709 14 0 0 7 0 0 7 0 0
711 35 0 0 7 0 0 21 0 0
715 14 0 0 7 0 0 7 0 0
716 14 0 0 7 0 0 7 0 0
717 14 0 0 7 0 0 7 0 0
720 14 0 0 7 0 0 0 0 0
fn=_getopt_internal_r
388 2 1 1 2 0 0 0 0 0
390 2 0 0 0 0 0 2 0 0
391 1 1 1 0 0 0 1 0 0
394 3 0 0 1 1 1 0 0 0
399 2 0 0 0 0 0 0 0 0
404 10 1 1 2 0 0 2 0 0
407 3 1 1 1 0 0 1 0 0
409 1 1 1 0 0 0 1 0 0
410 1 0 0 1 0 0 0 0 0
473 70 2 2 7 0 0 56 0 0
474 7 0 0 7 0 0 0 0 0
476 14 0 0 0 0 0 0 0 0
479 28 0 0 0 0 0 7 0 0
481 42 0 0 14 0 0 0 0 0
483 30 0 0 12 0 0 0 0 0
487 21 0 0 0 0 0 0 0 0
492 14 0 0 0 0 0 0 0 0
498 21 1 1 14 0 0 0 0 0
500 14 1 1 7 0 0 0 0 0
503 14 0 0 7 0 0 0 0 0
508 21 1 1 14 0 0 0 0 0
509 12 0 0 0 0 0 0 0 0
510 36 0 0 12 0 0 12 0 0
511 2 1 1 0 0 0 0 0 0
512 2 1 1 0 0 0 0 0 0
517 81 1 1 26 0 0 0 0 0
518 3 0 0 0 0 0 1 0 0
519 14 0 0 0 0 0 7 0 0
527 50 0 0 18 0 0 0 0 0
548 2 0 0 0 0 0 0 0 0
549 1 0 0 0 0 0 1 0 0
550 2 0 0 0 0 0 0 0 0
556 30 1 1 12 0 0 0 0 0
566 12 1 1 6 0 0 0 0 0
604 12 1 1 0 0 0 0 0 0
610 30 1 1 6 0 0 18 0 0
611 24 0 0 0 0 0 12 0 0
614 30 0 0 24 0 0 0 0 0
615 6 0 0 6 0 0 0 0 0
617 30 0 0 0 0 0 0 0 0
626 18 0 0 12 0 0 0 0 0
653 12 0 0 0 0 0 0 0 0
655 18 0 0 12 0 0 0 0 0
670 18 0 0 6 0 0 0 0 0
677 12 0 0 0 0 0 0 0 0
693 24 0 0 6 1 1 12 0 0
694 6 0 0 0 0 0 6 0 0
697 6 0 0 0 0 0 0 0 0
699 63 0 0 49 0 0 0 0 0
fn=exchange
131 36 1 1 0 0 0 36 0 0
132 6 0 0 6 0 0 0 0 0
133 6 0 0 6 0 0 0 0 0
134 6 0 0 6 0 0 0 0 0
142 102 1 1 0 0 0 0 0 0
144 126 1 1 0 0 0 0 0 0
151 18 0 0 0 0 0 0 0 0
153 6 0 0 6 0 0 0 0 0
154 12 0 0 6 0 0 6 0 0
155 6 0 0 0 0 0 6 0 0
167 18 0 0 0 0 0 0 0 0
169 6 1 1 6 0 0 0 0 0
170 12 0 0 6 0 0 6 0 0
171 6 0 0 0 0 0 6 0 0
174 12 0 0 0 0 0 0 0 0
180 24 0 0 0 0 0 6 0 0
181 6 0 0 0 0 0 6 0 0
182 96 0 0 42 0 0 0 0 0
fn=getopt
735 56 2 2 7 0 0 14 0 0
fl=/home/abuild/rpmbuild/BUILD/glibc-2.30/setjmp/../sysdeps/x86_64/bsd-_setjmp.S
fn=_setjmp
30 1 1 1 0 0 0 0 0 0
32 1 0 0 0 0 0 0 0 0
fl=/home/abuild/rpmbuild/BUILD/glibc-2.30/setjmp/../sysdeps/x86_64/setjmp.S
fn=__sigsetjmp
32 1 1 1 0 0 0 1 0 0
41 1 0 0 0 0 0 0 0 0
42 2 1 1 1 0 0 0 0 0
43 1 0 0 0 0 0 1 0 0
47 1 0 0 0 0 0 1 0 0
48 1 0 0 0 0 0 1 0 0
49 1 0 0 0 0 0 1 1 1
50 1 0 0 0 0 0 1 0 0
51 1 0 0 0 0 0 0 0 0
53 2 0 0 1 0 0 0 0 0
55 1 0 0 0 0 0 1 0 0
56 1 0 0 1 0 0 0 0 0
57 1 0 0 0 0 0 0 0 0
59 2 0 0 1 0 0 0 0 0
61 1 1 1 0 0 0 1 0 0
84 1 0 0 0 0 0 0 0 0
fl=/home/abuild/rpmbuild/BUILD/glibc-2.30/setjmp/sigjmp.c
fn=__sigjmp_save
28 2 0 0 0 0 0 1 0 0
29 1 0 0 0 0 0 1 0 0
30 2 0 0 0 0 0 0 0 0
34 3 0 0 2 0 0 0 0 0
fl=/home/abuild/rpmbuild/BUILD/glibc-2.30/stdio-common/../include/../locale/localeinfo.h
fn=__printf_fp_l
309 18 0 0 12 0 0 6 0 0
fl=/home/abuild/rpmbuild/BUILD/glibc-2.30/stdio-common/../include/rounding-mode.h
fn=__printf_fp_l
52 12 0 0 0 0 0 0 0 0
58 18 1 1 12 0 0 6 0 0
fl=/home/abuild/rpmbuild/BUILD/glibc-2.30/stdio-common/../libio/libioP.h
fn=__vfprintf_internal
940 15 0 0 0 0 0 5 0 0
942 36 0 0 0 0 0 0 0 0
943 37 2 2 13 0 0 1 0 0
fl=/home/abuild/rpmbuild/BUILD/glibc-2.30/stdio-common/../sysdeps/generic/get-rounding-mode.h
fn=__printf_fp_l
94 6 0 0 0 0 0 6 0 0
95 42 1 1 6 0 0 0 0 0
fl=/home/abuild/rpmbuild/BUILD/glibc-2.30/stdio-common/../sysdeps/pthread/allocalim.h
fn=__printf_fp_l
27 12 0 0 0 0 0 6 0 0
29 12 0 0 0 0 0 0 0 0
fl=/home/abuild/rpmbuild/BUILD/glibc-2.30/stdio-common/../sysdeps/unix/sysv/linux/x86/lowlevellock.h
fn=__vfprintf_internal
47 10 0 0 5 0 0 0 0 0
fl=/home/abuild/rpmbuild/BUILD/glibc-2.30/stdio-common/_itoa.c
fn=_itoa_word
165 2 1 1 0 0 0 0 0 0
168 8 0 0 0 0 0 0 0 0
170 4 0 0 0 0 0 0 0 0
179 88 2 2 6 1 1 6 0 0
188 4 0 0 2 0 0 0 0 0
fl=/home/abuild/rpmbuild/BUILD/glibc-2.30/stdio-common/printf-parse.h
fn=__vfprintf_internal
111 60 2 2 0 0 0 30 1 1
fl=/home/abuild/rpmbuild/BUILD/glibc-2.30/stdio-common/printf.c
fn=printf
28 76 2 2 5 0 0 46 0 0
32 30 1 1 0 0 0 20 0 0
33 25 0 0 5 0 0 5 0 0
37 25 0 0 15 0 0 0 0 0
fl=/home/abuild/rpmbuild/BUILD/glibc-2.30/stdio-common/printf_fp.c
fn=__printf_fp
1266 12 0 0 0 0 0 0 0 0
1267 24 1 1 6 0 0 0 0 0
fn=__printf_fp_l
208 102 2 2 12 0 0 54 0 0
225 6 0 0 0 0 0 6 0 0
226 6 1 1 0 0 0 6 0 0
249 6 0 0 0 0 0 6 0 0
252 14 1 1 0 0 0 0 0 0
258 36 1 1 6 0 0 6 0 0
265 6 0 0 0 0 0 6 0 0
268 18 0 0 0 0 0 0 0 0
271 12 0 0 6 0 0 6 0 0
289 12 0 0 0 0 0 0 0 0
297 6 0 0 0 0 0 6 0 0
378 18 0 0 6 0 0 0 0 0
383 12 1 1 0 0 0 0 0 0
387 108 3 3 18 1 1 12 0 0
391 6 0 0 0 0 0 0 0 0
423 42 1 1 6 0 0 0 0 0
424 6 0 0 0 0 0 0 0 0
425 12 0 0 0 0 0 0 0 0
428 114 2 2 6 0 0 6 0 0
429 102 2 2 6 0 0 6 0 0
430 96 1 1 6 0 0 6 0 0
436 6 0 0 0 0 0 6 0 0
437 12 1 1 0 0 0 0 0 0
634 3 1 1 3 0 0 0 0 0
640 12 1 1 0 0 0 0 0 0
643 3 0 0 0 0 0 3 0 0
653 3 0 0 0 0 0 0 0 0
656 15 1 1 0 0 0 3 0 0
657 15 1 1 6 0 0 6 0 0
660 3 0 0 0 0 0 3 0 0
661 15 0 0 3 0 0 3 0 0
666 36 1 1 0 0 0 0 0 0
668 72 0 0 36 4 4 0 0 0
681 3 0 0 0 0 0 3 0 0
778 36 0 0 0 0 0 0 0 0
780 174 0 0 0 0 0 0 0 0
782 6 1 1 0 0 0 0 0 0
786 15 0 0 9 0 0 3 0 0
787 6 0 0 3 0 0 3 0 0
790 9 0 0 6 0 0 0 0 0
791 15 1 1 6 0 0 0 0 0
799 9 1 1 3 0 0 3 0 0
800 6 1 1 3 0 0 3 0 0
801 3 0 0 3 0 0 0 0 0
804 15 0 0 3 0 0 3 0 0
816 15 0 0 0 0 0 3 0 0
817 15 1 1 6 0 0 6 0 0
818 6 0 0 0 0 0 3 0 0
822 18 2 2 12 0 0 6 0 0
826 3 0 0 0 0 0 3 0 0
831 6 1 1 0 0 0 3 0 0
832 48 0 0 24 1 1 12 0 0
834 12 0 0 0 0 0 0 0 0
844 12 0 0 6 0 0 0 0 0
846 6 1 1 0 0 0 6 0 0
847 48 2 2 12 0 0 12 0 0
848 6 0 0 0 0 0 6 0 0
849 6 1 1 0 0 0 6 0 0
850 24 1 1 6 0 0 6 0 0
852 9 0 0 3 0 0 3 0 0
854 6 0 0 0 0 0 3 0 0
858 6 0 0 0 0 0 3 0 0
859 9 1 1 0 0 0 3 0 0
892 15 1 1 6 0 0 0 0 0
906 27 0 0 9 0 0 0 0 0
907 6 1 1 6 0 0 0 0 0
911 12 1 1 0 0 0 0 0 0
913 6 1 1 0 0 0 0 0 0
923 102 1 1 6 0 0 12 0 0
924 24 2 2 6 0 0 3 0 0
927 24 0 0 9 0 0 0 0 0
930 33 0 0 12 0 0 3 0 0
933 12 0 0 0 0 0 6 0 0
935 3 0 0 0 0 0 3 0 0
937 18 0 0 9 0 0 0 0 0
939 9 0 0 3 0 0 3 0 0
945 6 1 1 3 0 0 3 0 0
946 3 1 1 3 0 0 0 0 0
947 15 0 0 3 0 0 3 0 0
951 6 0 0 0 0 0 0 0 0
952 12 1 1 0 0 0 12 0 0
953 120 1 1 48 0 0 0 0 0
954 12 0 0 6 0 0 0 0 0
956 36 0 0 0 0 0 0 0 0
957 108 0 0 0 0 0 72 0 0
958 36 0 0 0 0 0 0 0 0
960 144 0 0 36 0 0 36 0 0
969 18 2 2 12 0 0 0 0 0
970 18 0 0 0 0 0 12 0 0
972 42 0 0 6 0 0 0 0 0
974 18 1 1 6 0 0 0 0 0
977 12 0 0 6 0 0 0 0 0
982 66 0 0 18 0 0 0 0 0
1088 24 0 0 6 0 0 0 0 0
1095 12 0 0 0 0 0 0 0 0
1098 18 1 1 6 0 0 0 0 0
1111 18 1 1 6 0 0 0 0 0
1157 38 2 2 18 0 0 0 0 0
1158 4 1 1 2 0 0 0 0 0
1159 42 1 1 4 0 0 6 0 0
1161 40 0 0 16 0 0 0 0 0
1164 4 2 2 0 0 0 0 0 0
1165 14 0 0 6 0 0 0 0 0
1166 12 0 0 0 0 0 0 0 0
1168 8 2 2 0 0 0 0 0 0
1169 22 2 2 6 0 0 2 0 0
1171 30 1 1 12 0 0 0 0 0
1180 18 1 1 6 0 0 0 0 0
1187 18 0 0 12 0 0 0 0 0
1192 24 0 0 6 0 0 12 0 0
1194 24 1 1 12 0 0 0 0 0
1195 12 0 0 0 0 0 0 0 0
1199 24 1 1 6 0 0 6 0 0
1201 12 0 0 6 0 0 0 0 0
1212 108 1 1 12 0 0 6 0 0
1219 216 1 1 18 0 0 18 0 0
1220 144 1 1 48 0 0 0 0 0
1221 24 0 0 6 0 0 6 0 0
1222 84 0 0 0 0 0 0 0 0
1225 84 0 0 0 0 0 42 0 0
1229 36 1 1 30 0 0 0 0 0
1246 776 3 3 144 0 0 50 0 0
1249 12 1 1 6 0 0 0 0 0
1256 18 0 0 12 0 0 0 0 0
1260 72 1 1 54 0 0 0 0 0
fn=hack_digit
162 180 1 1 0 0 0 90 1 1
165 303 1 1 87 0 0 21 0 0
167 225 0 0 135 0 0 0 0 0
169 90 1 1 45 0 0 0 0 0
170 270 0 0 0 0 0 90 0 0
202 225 0 0 135 0 0 0 0 0
fl=/home/abuild/rpmbuild/BUILD/glibc-2.30/stdio-common/vfprintf-internal.c
fn=__vfprintf_internal
1289 75 2 2 5 0 0 40 1 1
1320 15 0 0 5 0 0 5 0 0
1324 5 0 0 0 0 0 5 0 0
1328 24 0 0 5 1 1 1 0 0
1332 25 1 1 5 1 1 0 0 0
1343 15 0 0 0 0 0 0 0 0
1350 5 1 1 0 0 0 5 0 0
1354 20 0 0 10 0 0 10 1 1
1358 5 0 0 0 0 0 5 0 0
1365 5 0 0 0 0 0 5 1 1
1369 40 2 2 5 1 1 15 0 0
1370 60 2 2 30 1 1 5 0 0
1373 60 2 2 15 1 1 5 0 0
1377 15 0 0 10 0 0 0 0 0
1381 40 1 1 15 2 2 5 1 1
1423 290 2 2 30 4 4 110 0 0
1649 10 0 0 0 0 0 0 0 0
1659 1 0 0 0 0 0 0 0 0
1660 14 2 2 4 1 1 1 0 0
1665 1 0 0 0 0 0 0 0 0
1666 1 0 0 0 0 0 0 0 0
1667 15 0 0 4 1 1 1 0 0
1687 633 28 28 152 0 0 92 0 0
1688 50 7 7 9 0 0 8 0 0
1705 10 1 1 10 0 0 0 0 0
1707 20 0 0 10 0 0 0 0 0
1715 40 0 0 10 0 0 20 0 0
1719 220 2 2 50 0 0 20 0 0
1721 25 0 0 10 0 0 0 0 0
1741 65 3 3 25 0 0 10 0 0
1742 15 0 0 5 0 0 0 0 0
1745 60 0 0 45 0 0 0 0 0
fl=/home/abuild/rpmbuild/BUILD/glibc-2.30/stdlib/../include/rounding-mode.h
fn=round_away
45 3 1 1 0 0 0 0 0 0
46 15 0 0 0 0 0 0 0 0
52 12 0 0 0 0 0 0 0 0
63 6 0 0 3 0 0 0 0 0
fl=/home/abuild/rpmbuild/BUILD/glibc-2.30/stdlib/../stdlib/strtol.c
fn=strtol
106 12 1 1 3 0 0 0 0 0
fl=/home/abuild/rpmbuild/BUILD/glibc-2.30/stdlib/../stdlib/strtol_l.c
fn=____strtol_l_internal
226 27 1 1 0 0 0 21 0 0
245 3 0 0 0 0 0 0 0 0
246 6 1 1 0 0 0 0 0 0
252 6 0 0 0 0 0 0 0 0
280 3 0 0 0 0 0 0 0 0
283 12 1 1 0 0 0 0 0 0
292 18 0 0 9 2 2 0 0 0
294 6 0 0 0 0 0 0 0 0
298 3 0 0 0 0 0 3 0 0
299 6 1 1 0 0 0 0 0 0
304 3 0 0 0 0 0 0 0 0
305 9 0 0 0 0 0 0 0 0
308 9 0 0 3 0 0 0 0 0
318 6 0 0 0 0 0 0 0 0
325 6 1 1 0 0 0 0 0 0
328 12 0 0 0 0 0 3 0 0
432 16 0 0 8 0 0 0 0 0
434 47 0 0 3 1 1 0 0 0
436 24 1 1 0 0 0 0 0 0
450 6 0 0 0 0 0 3 0 0
460 12 0 0 3 0 0 0 0 0
464 24 1 1 0 0 0 0 0 0
467 24 0 0 0 0 0 0 0 0
472 14 0 0 0 0 0 0 0 0
473 24 0 0 0 0 0 0 0 0
478 6 0 0 0 0 0 0 0 0
483 9 1 1 3 0 0 0 0 0
489 6 0 0 0 0 0 0 0 0
490 6 0 0 0 0 0 0 0 0
492 9 1 1 3 0 0 0 0 0
507 15 1 1 3 0 0 0 0 0
525 24 0 0 21 0 0 0 0 0
fl=/home/abuild/rpmbuild/BUILD/glibc-2.30/stdlib/../sysdeps/generic/get-rounding-mode.h
fn=round_and_return
94 3 0 0 0 0 0 3 0 0
95 24 1 1 3 0 0 0 0 0
99 9 1 1 0 0 0 0 0 0
fl=/home/abuild/rpmbuild/BUILD/glibc-2.30/stdlib/../sysdeps/ieee754/dbl-64/dbl2mpn.c
fn=__mpn_extract_double
35 6 0 0 0 0 0 0 0 0
37 18 1 1 0 0 0 6 0 0
38 30 1 1 0 0 0 6 0 0
47 18 0 0 0 0 0 6 0 0
56 18 0 0 0 0 0 0 0 0
103 12 0 0 0 0 0 6 0 0
107 12 1 1 6 0 0 0 0 0
fl=/home/abuild/rpmbuild/BUILD/glibc-2.30/stdlib/../sysdeps/ieee754/dbl-64/mpn2dbl.c
fn=__mpn_construct_double
33 3 0 0 0 0 0 0 0 0
39 3 1 1 3 0 0 0 0 0
40 30 1 1 0 0 0 0 0 0
46 6 0 0 0 0 0 0 0 0
47 3 0 0 3 0 0 0 0 0
fl=/home/abuild/rpmbuild/BUILD/glibc-2.30/stdlib/../sysdeps/unix/sysv/linux/x86/lowlevellock.h
fn=__internal_atexit
47 2 0 0 1 1 1 0 0 0
fn=__run_exit_handlers
47 6 0 0 3 1 1 0 0 0
fl=/home/abuild/rpmbuild/BUILD/glibc-2.30/stdlib/../sysdeps/x86_64/lshift.S
fn=__mpn_lshift
29 11 1 1 0 0 0 0 0 0
30 11 0 0 0 0 0 0 0 0
32 11 0 0 0 0 0 0 0 0
33 11 0 0 0 0 0 0 0 0
34 11 0 0 0 0 0 0 0 0
46 11 0 0 0 0 0 0 0 0
47 11 0 0 0 0 0 0 0 0
48 11 0 0 11 0 0 0 0 0
49 11 0 0 0 0 0 0 0 0
50 11 0 0 0 0 0 0 0 0
51 11 1 1 0 0 0 0 0 0
52 11 0 0 0 0 0 0 0 0
58 11 0 0 0 0 0 0 0 0
59 11 0 0 0 0 0 11 0 0
60 11 0 0 11 0 0 0 0 0
fl=/home/abuild/rpmbuild/BUILD/glibc-2.30/stdlib/../sysdeps/x86_64/mul_1.S
fn=__mpn_mul_1
32 48 1 1 0 0 0 48 0 0
35 48 0 0 0 0 0 0 0 0
36 48 0 0 48 0 0 0 0 0
37 48 0 0 0 0 0 0 0 0
38 48 0 0 0 0 0 0 0 0
39 48 0 0 0 0 0 0 0 0
41 48 0 0 0 0 0 0 0 0
42 48 0 0 0 0 0 0 0 0
44 48 0 0 0 0 0 0 0 0
45 48 0 0 0 0 0 0 0 0
46 48 0 0 0 0 0 0 0 0
47 48 0 0 0 0 0 0 0 0
48 45 0 0 0 0 0 0 0 0
50 45 0 0 0 0 0 0 0 0
51 45 0 0 0 0 0 0 0 0
52 45 0 0 0 0 0 45 0 0
53 45 0 0 0 0 0 0 0 0
79 3 1 1 0 0 0 0 0 0
80 3 1 1 0 0 0 0 0 0
81 3 0 0 0 0 0 0 0 0
82 3 0 0 0 0 0 0 0 0
83 3 0 0 0 0 0 0 0 0
84 3 0 0 0 0 0 0 0 0
85 3 0 0 3 0 0 0 0 0
86 3 0 0 0 0 0 0 0 0
87 3 0 0 0 0 0 0 0 0
113 3 1 1 0 0 0 0 0 0
114 3 0 0 0 0 0 0 0 0
115 3 1 1 0 0 0 0 0 0
117 3 0 0 0 0 0 3 0 0
118 3 0 0 0 0 0 0 0 0
119 3 0 0 0 0 0 0 0 0
120 3 0 0 0 0 0 3 0 0
121 3 0 0 0 0 0 0 0 0
122 48 0 0 0 0 0 0 0 0
124 48 0 0 48 0 0 0 0 0
127 48 0 0 48 0 0 0 0 0
fl=/home/abuild/rpmbuild/BUILD/glibc-2.30/stdlib/../sysdeps/x86_64/rshift.S
fn=__mpn_rshift
29 3 1 1 0 0 0 0 0 0
30 3 0 0 0 0 0 0 0 0
31 3 0 0 0 0 0 0 0 0
44 3 0 0 0 0 0 0 0 0
45 3 0 0 0 0 0 0 0 0
61 3 1 1 0 0 0 0 0 0
62 3 0 0 3 0 0 0 0 0
63 3 0 0 3 0 0 0 0 0
64 3 0 0 0 0 0 0 0 0
65 3 0 0 0 0 0 0 0 0
66 3 0 0 0 0 0 0 0 0
67 3 0 0 0 0 0 0 0 0
72 3 1 1 0 0 0 0 0 0
73 3 0 0 0 0 0 3 0 0
74 3 0 0 0 0 0 0 0 0
75 3 0 0 0 0 0 3 0 0
76 3 0 0 3 0 0 0 0 0
fl=/home/abuild/rpmbuild/BUILD/glibc-2.30/stdlib/atof.c
fn=atof
27 6 0 0 0 0 0 0 0 0
fl=/home/abuild/rpmbuild/BUILD/glibc-2.30/stdlib/atoi.c
fn=atoi
26 3 1 1 0 0 0 0 0 0
27 9 0 0 0 0 0 3 0 0
28 6 0 0 3 0 0 0 0 0
fl=/home/abuild/rpmbuild/BUILD/glibc-2.30/stdlib/cxa_atexit.c
fn=__cxa_atexit
70 2 1 1 0 0 0 0 0 0
fn=__internal_atexit
36 5 1 1 0 0 0 4 0 0
41 6 1 1 0 0 0 0 0 0
43 3 0 0 1 0 0 0 0 0
44 2 0 0 0 0 0 1 0 0
46 2 0 0 0 0 0 0 0 0
53 3 1 1 1 0 0 0 0 0
55 1 0 0 0 0 0 1 0 0
56 1 0 0 0 0 0 1 0 0
57 1 0 0 0 0 0 1 0 0
58 1 0 0 0 0 0 1 0 0
59 4 0 0 2 0 0 0 0 0
61 7 0 0 5 0 0 0 0 0
fn=__new_exitfn
82 4 0 0 0 0 0 2 0 0
83 2 0 0 0 0 0 0 0 0
88 2 1 1 1 1 1 0 0 0
93 8 0 0 2 0 0 0 0 0
95 4 1 1 1 1 1 0 0 0
103 1 0 0 0 0 0 1 0 0
124 1 0 0 0 0 0 0 0 0
125 2 1 1 0 0 0 1 0 0
138 1 1 1 0 0 0 1 0 0
139 1 0 0 1 0 0 0 0 0
143 5 0 0 3 0 0 0 0 0
fl=/home/abuild/rpmbuild/BUILD/glibc-2.30/stdlib/exit.c
fn=__run_exit_handlers
40 10 2 2 0 0 0 6 0 0
43 2 0 0 1 1 1 0 0 0
56 8 0 0 2 0 0 0 0 0
59 2 0 0 2 0 0 0 0 0
61 5 1 1 0 0 0 0 0 0
65 1 1 1 0 0 0 1 1 1
66 4 0 0 2 0 0 0 0 0
70 6 1 1 2 1 1 0 0 0
72 2 0 0 0 0 0 1 0 0
73 1 0 0 1 0 0 0 0 0
76 4 0 0 2 0 0 0 0 0
77 8 1 1 1 0 0 0 0 0
103 1 0 0 0 0 0 1 0 0
106 3 0 0 2 0 0 0 0 0
108 3 0 0 1 0 0 1 0 0
109 1 0 0 0 0 0 0 0 0
112 3 0 0 1 0 0 0 0 0
114 2 0 0 1 0 0 0 0 0
120 2 1 1 1 0 0 1 0 0
121 2 0 0 0 0 0 0 0 0
126 5 0 0 2 0 0 0 0 0
129 2 0 0 0 0 0 0 0 0
130 13 1 1 1 1 1 1 0 0
132 2 0 0 0 0 0 1 0 0
fn=exit
138 3 1 1 1 0 0 1 0 0
139 4 1 1 0 0 0 1 0 0
fl=/home/abuild/rpmbuild/BUILD/glibc-2.30/stdlib/getenv.c
fn=getenv
34 56 1 1 0 0 0 48 1 1
35 16 1 1 0 0 0 8 0 0
39 56 0 0 16 3 3 0 0 0
42 24 1 1 16 0 0 0 0 0
67 8 0 0 8 0 0 0 0 0
72 8 0 0 0 0 0 0 0 0
73 8 0 0 0 0 0 0 0 0
75 3160 0 0 786 0 0 0 0 0
84 1652 1 1 787 0 0 13 0 0
85 2 0 0 1 0 0 0 0 0
86 2 0 0 0 0 0 0 0 0
91 72 0 0 56 0 0 0 0 0
fl=/home/abuild/rpmbuild/BUILD/glibc-2.30/stdlib/strtod.c
fn=strtod
83 12 1 1 3 0 0 0 0 0
fl=/home/abuild/rpmbuild/BUILD/glibc-2.30/stdlib/strtod_l.c
fn=____strtod_l_internal
509 39 1 1 3 0 0 24 1 1
515 14 0 0 0 0 0 0 0 0
554 3 0 0 0 0 0 0 0 0
562 3 0 0 3 0 0 0 0 0
564 6 1 1 0 0 0 0 0 0
588 3 0 0 0 0 0 3 0 0
596 6 0 0 3 1 1 3 1 1
597 9 0 0 0 0 0 6 0 0
598 9 0 0 3 0 0 0 0 0
602 3 0 0 0 0 0 3 1 1
603 3 0 0 0 0 0 3 0 0
604 10 0 0 0 0 0 4 0 0
608 6 0 0 0 0 0 0 0 0
611 12 1 1 3 0 0 0 0 0
612 9 0 0 6 0 0 0 0 0
615 6 0 0 0 0 0 0 0 0
620 6 0 0 0 0 0 0 0 0
633 21 1 1 3 0 0 0 0 0
634 6 0 0 0 0 0 0 0 0
642 9 0 0 0 0 0 0 0 0
690 17 2 2 7 1 1 0 0 0
709 6 1 1 0 0 0 0 0 0
710 6 0 0 0 0 0 0 0 0
711 2 0 0 0 0 0 0 0 0
733 4 0 0 2 0 0 0 0 0
734 11 3 3 0 0 0 0 0 0
735 12 0 0 0 0 0 0 0 0
740 18 1 1 2 0 0 0 0 0
741 4 1 1 2 0 0 0 0 0
748 4 1 1 0 0 0 0 0 0
776 13 1 1 0 0 0 0 0 0
777 6 0 0 0 0 0 0 0 0
780 2 1 1 0 0 0 0 0 0
789 6 0 0 0 0 0 0 0 0
802 2 0 0 1 0 0 0 0 0
805 6 0 0 3 0 0 0 0 0
847 12 0 0 0 0 0 0 0 0
856 24 1 1 3 0 0 0 0 0
857 6 0 0 3 0 0 0 0 0
863 9 1 1 3 0 0 0 0 0
864 3 0 0 3 0 0 0 0 0
865 33 2 2 0 0 0 0 0 0
866 6 0 0 0 0 0 0 0 0
869 18 0 0 0 0 0 0 0 0
872 6 0 0 3 0 0 0 0 0
875 6 0 0 0 0 0 0 0 0
881 9 0 0 6 1 1 0 0 0
883 15 1 1 0 0 0 0 0 0
1014 6 0 0 0 0 0 0 0 0
1016 10 0 0 4 0 0 0 0 0
1018 2 0 0 0 0 0 0 0 0
1019 2 0 0 0 0 0 0 0 0
1021 3 0 0 0 0 0 0 0 0
1024 7 0 0 1 0 0 0 0 0
1043 6 1 1 3 0 0 0 0 0
1049 6 0 0 0 0 0 0 0 0
1082 6 1 1 0 0 0 0 0 0
1174 3 0 0 3 0 0 0 0 0
1176 18 0 0 0 0 0 0 0 0
1177 3 0 0 0 0 0 0 0 0
1178 6 1 1 0 0 0 3 0 0
1181 12 0 0 0 0 0 0 0 0
1193 6 0 0 0 0 0 0 0 0
1196 6 0 0 0 0 0 0 0 0
1199 14 2 2 1 0 0 5 0 0
1205 7 0 0 5 0 0 0 0 0
1249 3 1 1 1 0 0 0 0 0
1250 4 0 0 0 0 0 0 0 0
1254 2 1 1 0 0 0 0 0 0
1260 2 0 0 0 0 0 0 0 0
1292 2 0 0 0 0 0 0 0 0
1295 13 1 1 0 0 0 1 0 0
1297 2 0 0 0 0 0 0 0 0
1307 5 1 1 0 0 0 1 0 0
1311 4 0 0 1 0 0 0 0 0
1326 8 0 0 2 0 0 1 0 0
1354 4 0 0 0 0 0 2 0 0
1356 2 0 0 0 0 0 0 0 0
1358 10 0 0 0 0 0 0 0 0
1376 4 1 1 2 0 0 0 0 0
1379 16 0 0 0 0 0 0 0 0
1382 2 0 0 0 0 0 0 0 0
1392 10 0 0 0 0 0 0 0 0
1397 8 1 1 0 0 0 2 0 0
1400 14 0 0 0 0 0 0 0 0
1403 6 0 0 0 0 0 0 0 0
1409 4 1 1 0 0 0 2 0 0
1411 10 1 1 0 0 0 2 0 0
1414 2 0 0 0 0 0 0 0 0
1415 2 0 0 0 0 0 0 0 0
1418 4 1 1 0 0 0 0 0 0
1421 2 0 0 0 0 0 0 0 0
1423 4 0 0 0 0 0 0 0 0
1425 4 0 0 2 1 1 0 0 0
1426 12 0 0 2 0 0 2 0 0
1431 22 0 0 0 0 0 8 0 0
1441 2 0 0 0 0 0 0 0 0
1442 2 0 0 0 0 0 0 0 0
1444 8 1 1 2 0 0 0 0 0
1446 12 0 0 6 0 0 0 0 0
1450 18 1 1 8 0 0 4 0 0
1467 8 0 0 2 0 0 2 0 0
1469 10 0 0 6 0 0 0 0 0
1473 10 2 2 2 0 0 2 0 0
1474 10 0 0 2 0 0 2 0 0
1475 4 0 0 0 0 0 0 0 0
1486 4 0 0 2 0 0 2 0 0
1488 4 1 1 0 0 0 0 0 0
1495 2 1 1 2 0 0 0 0 0
1496 2 0 0 2 0 0 0 0 0
1497 18 1 1 2 0 0 0 0 0
1501 10 0 0 0 0 0 0 0 0
1539 46 2 2 4 0 0 4 0 0
1541 6 0 0 0 0 0 2 0 0
1543 20 0 0 8 0 0 2 0 0
1544 4 0 0 0 0 0 0 0 0
1545 4 1 1 0 0 0 0 0 0
1771 33 1 1 27 0 0 0 0 0
fn=round_and_return
216 45 1 1 3 0 0 21 0 0
219 9 0 0 0 0 0 0 0 0
314 24 0 0 0 0 0 3 0 0
318 9 0 0 3 0 0 0 0 0
320 33 1 1 0 0 0 0 0 0
321 21 0 0 0 0 0 3 1 1
351 12 1 1 3 0 0 0 0 0
356 9 0 0 0 0 0 3 0 0
357 33 0 0 27 0 0 0 0 0
fn=str_to_mpn.isra.0
366 27 1 1 3 0 0 21 1 1
375 6 0 0 0 0 0 0 0 0
376 3 0 0 0 0 0 0 0 0
379 3 1 1 0 0 0 3 0 0
380 21 0 0 0 0 0 0 0 0
414 12 0 0 3 0 0 0 0 0
417 4 1 1 0 0 0 0 0 0
424 4 0 0 2 0 0 0 0 0
427 9 0 0 0 0 0 0 0 0
428 3 0 0 0 0 0 0 0 0
430 6 0 0 0 0 0 0 0 0
432 12 1 1 6 0 0 0 0 0
439 9 0 0 3 1 1 0 0 0
441 9 0 0 3 0 0 0 0 0
443 3 0 0 0 0 0 3 0 0
444 3 1 1 0 0 0 3 0 0
459 27 0 0 21 0 0 0 0 0
fl=/home/abuild/rpmbuild/BUILD/glibc-2.30/string/../bits/stdlib-bsearch.h
fn=intel_check_word.isra.0
27 24 0 0 0 0 0 0 0 0
28 12 0 0 0 0 0 0 0 0
29 162 0 0 0 0 0 0 0 0
31 162 0 0 0 0 0 0 0 0
32 81 1 1 0 0 0 0 0 0
35 66 0 0 0 0 0 0 0 0
37 30 0 0 0 0 0 0 0 0
fl=/home/abuild/rpmbuild/BUILD/glibc-2.30/string/../sysdeps/x86/cacheinfo.c
fn=handle_intel.constprop.0
259 30 1 1 3 0 0 21 0 0
264 6 0 0 3 0 0 0 0 0
270 6 0 0 0 0 0 3 0 0
272 6 1 1 0 0 0 3 0 0
273 3 0 0 0 0 0 3 0 0
275 9 0 0 0 0 0 0 0 0
281 15 0 0 0 0 0 3 0 0
286 6 1 1 0 0 0 0 0 0
288 6 0 0 0 0 0 3 0 0
289 3 0 0 0 0 0 0 0 0
293 18 0 0 0 0 0 3 0 0
295 6 0 0 0 0 0 0 0 0
298 21 1 1 0 0 0 3 0 0
300 6 0 0 0 0 0 0 0 0
319 33 2 2 27 0 0 0 0 0
fn=init_cacheinfo
488 7 1 1 0 0 0 6 0 0
500 1 0 0 1 0 0 0 0 0
502 3 1 1 1 0 0 0 0 0
504 3 2 2 0 0 0 1 0 0
506 3 0 0 0 0 0 1 0 0
510 1 0 0 0 0 0 0 0 0
511 3 0 0 0 0 0 1 0 0
519 2 0 0 0 0 0 0 0 0
530 1 0 0 0 0 0 0 0 0
535 3 0 0 1 0 0 0 0 0
539 2 0 0 0 0 0 0 0 0
547 12 1 1 0 0 0 0 0 0
550 13 0 0 0 0 0 0 0 0
556 8 0 0 0 0 0 0 0 0
559 26 1 1 0 0 0 0 0 0
564 2 1 1 0 0 0 0 0 0
568 3 0 0 0 0 0 0 0 0
569 2 0 0 0 0 0 0 0 0
573 2 0 0 0 0 0 0 0 0
577 3 0 0 0 0 0 0 0 0
580 3 0 0 0 0 0 0 0 0
581 1 0 0 0 0 0 0 0 0
586 4 0 0 0 0 0 0 0 0
592 2 1 1 0 0 0 0 0 0
600 8 0 0 0 0 0 0 0 0
602 6 1 1 0 0 0 0 0 0
604 7 1 1 0 0 0 0 0 0
606 9 0 0 0 0 0 0 0 0
609 2 0 0 0 0 0 0 0 0
610 8 0 0 0 0 0 0 0 0
612 4 0 0 0 0 0 0 0 0
615 2 0 0 0 0 0 0 0 0
620 1 0 0 0 0 0 0 0 0
622 4 0 0 0 0 0 0 0 0
623 2 0 0 0 0 0 0 0 0
624 2 1 1 0 0 0 0 0 0
627 2 0 0 0 0 0 0 0 0
630 2 1 1 0 0 0 0 0 0
633 1 0 0 0 0 0 0 0 0
634 2 0 0 0 0 0 0 0 0
637 1 0 0 0 0 0 0 0 0
639 4 0 0 0 0 0 0 0 0
640 1 0 0 0 0 0 0 0 0
645 2 0 0 0 0 0 0 0 0
651 2 0 0 0 0 0 0 0 0
652 2 0 0 0 0 0 0 0 0
653 1 0 0 0 0 0 0 0 0
654 2 0 0 0 0 0 0 0 0
676 2 0 0 0 0 0 0 0 0
691 4 1 1 0 0 0 0 0 0
692 5 0 0 0 0 0 0 0 0
696 2 0 0 0 0 0 0 0 0
755 3 1 1 1 0 0 0 0 0
758 2 0 0 0 0 0 0 0 0
760 3 0 0 0 0 0 1 0 0
761 1 0 0 0 0 0 1 1 1
763 1 1 1 0 0 0 0 0 0
764 3 0 0 0 0 0 1 0 0
765 1 0 0 0 0 0 1 0 0
768 3 0 0 1 0 0 0 0 0
771 2 0 0 0 0 0 0 0 0
773 3 1 1 0 0 0 1 0 0
774 1 0 0 0 0 0 1 0 0
776 1 0 0 0 0 0 0 0 0
777 3 0 0 0 0 0 1 0 0
778 1 0 0 0 0 0 1 0 0
786 2 0 0 1 0 0 1 0 0
788 8 0 0 1 0 0 0 0 0
789 8 0 0 7 0 0 0 0 0
fn=intel_check_word.isra.0
119 162 0 0 81 6 6 0 0 0
122 81 0 0 0 0 0 0 0 0
128 42 0 0 0 0 0 24 0 0
132 12 1 1 0 0 0 0 0 0
134 3 0 0 0 0 0 0 0 0
138 42 0 0 0 0 0 0 0 0
140 60 1 1 0 0 0 0 0 0
142 15 0 0 0 0 0 0 0 0
144 30 0 0 0 0 0 0 0 0
152 30 0 0 0 0 0 0 0 0
161 3 0 0 0 0 0 0 0 0
164 30 1 1 0 0 0 0 0 0
167 24 0 0 0 0 0 0 0 0
171 16 1 1 0 0 0 0 0 0
173 38 0 0 0 0 0 0 0 0
174 6 0 0 0 0 0 0 0 0
175 14 0 0 0 0 0 0 0 0
176 4 0 0 0 0 0 0 0 0
177 10 1 1 0 0 0 0 0 0
178 6 0 0 0 0 0 0 0 0
179 2 0 0 0 0 0 0 0 0
181 3 0 0 0 0 0 0 0 0
183 6 0 0 0 0 0 0 0 0
185 9 1 1 0 0 0 0 0 0
186 12 0 0 0 0 0 0 0 0
187 9 0 0 0 0 0 0 0 0
188 15 0 0 0 0 0 0 0 0
196 5 0 0 0 0 0 0 0 0
203 24 1 1 0 0 0 0 0 0
225 12 0 0 0 0 0 0 0 0
255 36 0 0 30 0 0 0 0 0
fl=/home/abuild/rpmbuild/BUILD/glibc-2.30/string/../sysdeps/x86_64/multiarch/ifunc-avx2.h
fn=memchr
30 5 1 1 0 0 0 0 0 0
32 2 0 0 1 0 0 0 0 0
fn=rawmemchr
30 5 1 1 0 0 0 0 0 0
32 2 0 0 1 0 0 0 0 0
fn=rindex
30 5 1 1 0 0 0 0 0 0
32 2 0 0 1 0 0 0 0 0
fn=strchrnul
30 5 1 1 0 0 0 0 0 0
32 2 0 0 1 0 0 0 0 0
fn=strlen
30 5 1 1 0 0 0 0 0 0
32 2 0 0 1 0 0 0 0 0
fn=strnlen
30 5 1 1 0 0 0 0 0 0
32 2 0 0 1 0 0 0 0 0
fl=/home/abuild/rpmbuild/BUILD/glibc-2.30/string/../sysdeps/x86_64/multiarch/ifunc-memcmp.h
fn=bcmp
32 2 0 0 0 0 0 0 0 0
33 3 1 1 2 0 0 0 0 0
34 3 1 1 0 0 0 0 0 0
35 2 0 0 1 0 0 0 0 0
fl=/home/abuild/rpmbuild/BUILD/glibc-2.30/string/../sysdeps/x86_64/multiarch/ifunc-memmove.h
fn=memcpy
44 2 0 0 0 0 0 0 0 0
45 2 0 0 1 0 0 0 0 0
48 2 0 0 0 0 0 0 0 0
49 2 0 0 1 0 0 0 0 0
60 2 0 0 0 0 0 0 0 0
62 5 1 1 2 0 0 0 0 0
fn=memmove
44 2 1 1 0 0 0 0 0 0
45 2 0 0 1 0 0 0 0 0
48 2 0 0 0 0 0 0 0 0
49 2 0 0 1 0 0 0 0 0
60 2 0 0 0 0 0 0 0 0
62 5 0 0 2 0 0 0 0 0
fn=mempcpy
44 2 0 0 0 0 0 0 0 0
45 2 1 1 1 0 0 0 0 0
48 2 0 0 0 0 0 0 0 0
49 2 0 0 1 0 0 0 0 0
60 2 0 0 0 0 0 0 0 0
62 5 1 1 2 0 0 0 0 0
fl=/home/abuild/rpmbuild/BUILD/glibc-2.30/string/../sysdeps/x86_64/multiarch/ifunc-memset.h
fn=memset
42 4 2 2 1 0 0 0 0 0
45 2 0 0 0 0 0 0 0 0
46 2 0 0 1 0 0 0 0 0
57 4 0 0 2 0 0 0 0 0
59 5 1 1 1 0 0 0 0 0
fl=/home/abuild/rpmbuild/BUILD/glibc-2.30/string/../sysdeps/x86_64/multiarch/ifunc-sse4_2.h
fn=strcspn
30 4 1 1 1 0 0 0 0 0
fn=strspn
30 4 1 1 1 0 0 0 0 0
fl=/home/abuild/rpmbuild/BUILD/glibc-2.30/string/../sysdeps/x86_64/multiarch/ifunc-strcasecmp.h
fn=strcasecmp_l
32 3 1 1 1 0 0 0 0 0
fn=strncasecmp_l
32 3 1 1 1 0 0 0 0 0
fl=/home/abuild/rpmbuild/BUILD/glibc-2.30/string/../sysdeps/x86_64/multiarch/ifunc-strcpy.h
fn=stpcpy
34 4 0 0 0 0 0 0 0 0
36 2 1 1 1 0 0 0 0 0
fn=strcpy
34 4 1 1 0 0 0 0 0 0
36 2 0 0 1 0 0 0 0 0
fn=strncpy
34 4 1 1 0 0 0 0 0 0
36 2 1 1 1 0 0 0 0 0
fl=/home/abuild/rpmbuild/BUILD/glibc-2.30/string/../sysdeps/x86_64/multiarch/memchr.c
fn=memchr
29 1 1 1 1 0 0 0 0 0
fl=/home/abuild/rpmbuild/BUILD/glibc-2.30/string/../sysdeps/x86_64/multiarch/memcmp.c
fn=bcmp
29 1 0 0 1 0 0 0 0 0
fl=/home/abuild/rpmbuild/BUILD/glibc-2.30/string/../sysdeps/x86_64/multiarch/memmove-vec-unaligned-erms.S
fn=__memcpy_avx_unaligned_erms
226 5 1 1 0 0 0 0 0 0
232 1827 0 0 0 0 0 0 0 0
233 1827 0 0 0 0 0 0 0 0
234 1798 0 0 0 0 0 0 0 0
235 1798 0 0 0 0 0 0 0 0
238 262 0 0 262 1 1 0 0 0
239 262 0 0 262 256 3 0 0 0
240 262 1 1 0 0 0 262 1 1
241 262 0 0 0 0 0 262 0 0
243 262 0 0 0 0 0 0 0 0
244 262 0 0 262 0 0 0 0 0
277 29 0 0 0 0 0 0 0 0
278 29 0 0 0 0 0 0 0 0
280 27 0 0 0 0 0 0 0 0
281 27 0 0 0 0 0 0 0 0
282 22 0 0 0 0 0 0 0 0
283 22 1 1 0 0 0 0 0 0
284 19 0 0 0 0 0 0 0 0
285 19 0 0 0 0 0 0 0 0
286 13 0 0 0 0 0 0 0 0
287 12 0 0 12 0 0 0 0 0
288 12 0 0 0 0 0 12 0 0
290 13 0 0 13 0 0 0 0 0
304 2 0 0 2 0 0 0 0 0
305 2 0 0 2 0 0 0 0 0
306 2 0 0 0 0 0 2 0 0
307 2 0 0 0 0 0 2 0 0
308 2 0 0 2 0 0 0 0 0
312 5 0 0 5 1 1 0 0 0
313 5 0 0 5 0 0 0 0 0
314 5 0 0 0 0 0 5 0 0
315 5 0 0 0 0 0 5 0 0
316 5 0 0 5 0 0 0 0 0
319 3 0 0 3 0 0 0 0 0
320 3 0 0 3 0 0 0 0 0
321 3 0 0 0 0 0 3 0 0
322 3 0 0 0 0 0 3 0 0
323 3 0 0 3 0 0 0 0 0
326 6 1 1 6 1 1 0 0 0
327 6 0 0 6 0 0 0 0 0
328 6 0 0 0 0 0 6 2 2
329 6 0 0 0 0 0 6 0 0
330 6 0 0 6 0 0 0 0 0
334 1536 0 0 0 0 0 0 0 0
335 1536 0 0 0 0 0 0 0 0
340 1536 0 0 0 0 0 0 0 0
341 1536 0 0 0 0 0 0 0 0
377 1536 1 1 0 0 0 0 0 0
378 1536 1 1 0 0 0 0 0 0
436 1536 1 1 1536 1024 1024 0 0 0
437 1536 0 0 1536 768 697 0 0 0
438 1536 0 0 1536 768 768 0 0 0
439 1536 1 1 1536 768 692 0 0 0
440 1536 0 0 1536 1536 516 0 0 0
442 1536 0 0 0 0 0 0 0 0
445 1536 0 0 0 0 0 0 0 0
446 1536 0 0 0 0 0 0 0 0
447 1536 0 0 0 0 0 0 0 0
448 1536 0 0 0 0 0 0 0 0
450 1536 0 0 0 0 0 0 0 0
452 1536 0 0 0 0 0 0 0 0
454 1536 0 0 0 0 0 0 0 0
457 1536 0 0 1536 1 1 0 0 0
458 1536 0 0 0 0 0 0 0 0
462 23552 0 0 23552 18688 15280 0 0 0
463 23552 0 0 23552 3328 2246 0 0 0
464 23552 1 1 23552 18688 15397 0 0 0
465 23552 0 0 23552 3072 2151 0 0 0
466 23552 0 0 0 0 0 0 0 0
467 23552 0 0 0 0 0 0 0 0
468 23552 0 0 0 0 0 23552 8 8
469 23552 0 0 0 0 0 23552 23 23
470 23552 0 0 0 0 0 23552 7 7
471 23552 0 0 0 0 0 23552 23 23
472 23552 0 0 0 0 0 0 0 0
473 23552 0 0 0 0 0 0 0 0
474 23552 0 0 0 0 0 0 0 0
476 1536 0 0 0 0 0 1536 2 2
477 1536 1 1 0 0 0 1536 0 0
478 1536 0 0 0 0 0 1536 0 0
479 1536 0 0 0 0 0 1536 0 0
481 1536 0 0 0 0 0 1536 0 0
482 1536 0 0 0 0 0 0 0 0
483 1536 0 0 1536 0 0 0 0 0
fn=__mempcpy_avx_unaligned_erms
213 1822 0 0 0 0 0 0 0 0
214 1822 0 0 0 0 0 0 0 0
215 1822 0 0 0 0 0 0 0 0
fl=/home/abuild/rpmbuild/BUILD/glibc-2.30/string/../sysdeps/x86_64/multiarch/memset-vec-unaligned-erms.S
fn=__memset_avx2_erms
147 1010 0 0 0 0 0 0 0 0
148 1010 0 0 0 0 0 0 0 0
149 1010 0 0 0 0 0 0 0 0
150 1010 0 0 0 0 0 0 0 0
151 3113042 0 0 0 0 0 3112032 47752 47752
152 1010 0 0 0 0 0 0 0 0
153 1010 0 0 1010 0 0 0 0 0
fn=__memset_avx2_unaligned_erms
168 3072 1 1 0 0 0 0 0 0
173 1024 0 0 0 0 0 0 0 0
174 1024 1 1 0 0 0 0 0 0
175 1024 0 0 0 0 0 0 0 0
176 1024 0 0 0 0 0 0 0 0
184 1024 0 0 0 0 0 0 0 0
185 1024 0 0 0 0 0 0 0 0
188 14 0 0 0 0 0 0 0 0
189 14 0 0 0 0 0 0 0 0
195 1 0 0 0 0 0 0 0 0
196 1 0 0 1 0 0 0 0 0
199 14 1 1 0 0 0 0 0 0
200 14 0 0 0 0 0 14 6 6
201 14 0 0 0 0 0 0 0 0
202 14 0 0 0 0 0 14 14 14
203 14 0 0 0 0 0 14 8 8
204 14 0 0 0 0 0 14 0 0
205 14 0 0 0 0 0 14 5 5
206 14 0 0 0 0 0 14 13 13
207 14 0 0 0 0 0 14 8 8
208 14 0 0 0 0 0 14 0 0
209 14 0 0 0 0 0 0 0 0
210 14 1 1 0 0 0 0 0 0
211 14 0 0 0 0 0 0 0 0
212 14 0 0 0 0 0 0 0 0
214 107 0 0 0 0 0 107 82 82
215 107 0 0 0 0 0 107 0 0
216 107 0 0 0 0 0 107 87 87
217 107 0 0 0 0 0 107 0 0
218 107 0 0 0 0 0 0 0 0
219 107 0 0 0 0 0 0 0 0
220 107 0 0 0 0 0 0 0 0
221 13 0 0 0 0 0 0 0 0
222 13 0 0 13 0 0 0 0 0
fl=/home/abuild/rpmbuild/BUILD/glibc-2.30/string/../sysdeps/x86_64/multiarch/rawmemchr.c
fn=rawmemchr
31 1 0 0 1 0 0 0 0 0
fl=/home/abuild/rpmbuild/BUILD/glibc-2.30/string/../sysdeps/x86_64/multiarch/stpcpy.c
fn=stpcpy
33 1 0 0 1 0 0 0 0 0
fl=/home/abuild/rpmbuild/BUILD/glibc-2.30/string/../sysdeps/x86_64/multiarch/strcasecmp_l.c
fn=strcasecmp_l
31 1 1 1 1 0 0 0 0 0
fl=/home/abuild/rpmbuild/BUILD/glibc-2.30/string/../sysdeps/x86_64/multiarch/strchr-avx2.S
fn=__strchr_avx2
45 7 1 1 0 0 0 0 0 0
47 7 0 0 0 0 0 0 0 0
48 7 0 0 0 0 0 0 0 0
49 7 0 0 0 0 0 0 0 0
51 7 1 1 0 0 0 0 0 0
52 7 0 0 0 0 0 0 0 0
53 7 0 0 0 0 0 0 0 0
57 1 0 0 1 0 0 0 0 0
58 1 0 0 0 0 0 0 0 0
59 1 0 0 0 0 0 0 0 0
60 1 0 0 0 0 0 0 0 0
61 1 0 0 0 0 0 0 0 0
62 1 0 0 0 0 0 0 0 0
63 1 0 0 0 0 0 0 0 0
66 1 0 0 0 0 0 0 0 0
67 1 0 0 0 0 0 0 0 0
68 1 0 0 0 0 0 0 0 0
70 1 0 0 0 0 0 0 0 0
74 6 1 1 0 0 0 0 0 0
75 6 0 0 0 0 0 0 0 0
76 6 0 0 6 0 0 0 0 0
77 6 0 0 0 0 0 0 0 0
78 6 0 0 0 0 0 0 0 0
79 6 0 0 0 0 0 0 0 0
80 6 0 0 0 0 0 0 0 0
82 6 0 0 0 0 0 0 0 0
83 6 0 0 0 0 0 0 0 0
84 6 0 0 0 0 0 0 0 0
86 3 0 0 0 0 0 0 0 0
87 3 0 0 0 0 0 0 0 0
91 3 0 0 0 0 0 0 0 0
92 3 0 0 0 0 0 0 0 0
93 3 0 0 3 0 0 0 0 0
94 3 0 0 0 0 0 0 0 0
96 3 0 0 0 0 0 0 0 0
97 3 0 0 3 0 0 0 0 0
101 3 0 0 0 0 0 0 0 0
106 4 1 1 4 1 1 0 0 0
107 4 0 0 0 0 0 0 0 0
108 4 0 0 0 0 0 0 0 0
109 4 0 0 0 0 0 0 0 0
110 4 0 0 0 0 0 0 0 0
111 4 0 0 0 0 0 0 0 0
112 4 0 0 0 0 0 0 0 0
184 4 1 1 0 0 0 0 0 0
188 4 0 0 0 0 0 0 0 0
189 4 0 0 0 0 0 0 0 0
190 4 0 0 4 0 0 0 0 0
191 4 0 0 0 0 0 0 0 0
193 4 0 0 0 0 0 0 0 0
194 4 0 0 4 0 0 0 0 0
fn=__strchrnul_avx2
45 15 1 1 0 0 0 0 0 0
47 15 0 0 0 0 0 0 0 0
48 15 0 0 0 0 0 0 0 0
49 15 0 0 0 0 0 0 0 0
51 15 0 0 0 0 0 0 0 0
52 15 0 0 0 0 0 0 0 0
53 15 0 0 0 0 0 0 0 0
57 9 0 0 9 1 1 0 0 0
58 9 1 1 0 0 0 0 0 0
59 9 0 0 0 0 0 0 0 0
60 9 0 0 0 0 0 0 0 0
61 9 0 0 0 0 0 0 0 0
62 9 0 0 0 0 0 0 0 0
63 9 0 0 0 0 0 0 0 0
74 6 0 0 0 0 0 0 0 0
75 6 0 0 0 0 0 0 0 0
76 6 0 0 6 0 0 0 0 0
77 6 0 0 0 0 0 0 0 0
78 6 1 1 0 0 0 0 0 0
79 6 0 0 0 0 0 0 0 0
80 6 0 0 0 0 0 0 0 0
82 6 0 0 0 0 0 0 0 0
83 6 0 0 0 0 0 0 0 0
84 6 0 0 0 0 0 0 0 0
86 5 0 0 0 0 0 0 0 0
87 5 0 0 0 0 0 0 0 0
89 5 0 0 0 0 0 0 0 0
96 5 0 0 0 0 0 0 0 0
97 5 0 0 5 0 0 0 0 0
101 1 0 0 0 0 0 0 0 0
106 1 0 0 1 1 1 0 0 0
107 1 0 0 0 0 0 0 0 0
108 1 1 1 0 0 0 0 0 0
109 1 0 0 0 0 0 0 0 0
110 1 0 0 0 0 0 0 0 0
111 1 0 0 0 0 0 0 0 0
112 1 0 0 0 0 0 0 0 0
184 10 1 1 0 0 0 0 0 0
186 10 0 0 0 0 0 0 0 0
193 10 0 0 0 0 0 0 0 0
194 10 0 0 10 0 0 0 0 0
fl=/home/abuild/rpmbuild/BUILD/glibc-2.30/string/../sysdeps/x86_64/multiarch/strchr.c
fn=index
38 4 0 0 0 0 0 0 0 0
40 2 2 2 1 0 0 0 0 0
49 1 0 0 1 0 0 0 0 0
fl=/home/abuild/rpmbuild/BUILD/glibc-2.30/string/../sysdeps/x86_64/multiarch/strchrnul.c
fn=strchrnul
31 1 1 1 1 0 0 0 0 0
fl=/home/abuild/rpmbuild/BUILD/glibc-2.30/string/../sysdeps/x86_64/multiarch/strcmp-avx2.S
fn=__strncmp_avx2
82 13 1 1 0 0 0 0 0 0
83 13 0 0 0 0 0 0 0 0
84 13 0 0 0 0 0 0 0 0
90 13 0 0 0 0 0 0 0 0
92 13 0 0 0 0 0 0 0 0
93 13 0 0 0 0 0 0 0 0
95 13 0 0 0 0 0 0 0 0
96 13 0 0 0 0 0 0 0 0
97 13 0 0 0 0 0 0 0 0
98 13 0 0 0 0 0 0 0 0
99 13 0 0 0 0 0 0 0 0
101 7 0 0 7 0 0 0 0 0
102 7 0 0 7 2 2 0 0 0
103 7 0 0 0 0 0 0 0 0
104 7 0 0 0 0 0 0 0 0
105 7 1 1 0 0 0 0 0 0
106 7 0 0 0 0 0 0 0 0
107 7 0 0 0 0 0 0 0 0
108 7 0 0 0 0 0 0 0 0
112 7 0 0 0 0 0 0 0 0
113 7 0 0 0 0 0 0 0 0
126 6 0 0 6 0 0 0 0 0
127 6 0 0 6 0 0 0 0 0
128 6 0 0 0 0 0 0 0 0
130 6 0 0 0 0 0 0 0 0
131 6 0 0 6 0 0 0 0 0
636 4 1 1 0 0 0 0 0 0
638 4 0 0 0 0 0 0 0 0
639 2 0 0 0 0 0 0 0 0
640 2 0 0 0 0 0 0 0 0
641 2 0 0 0 0 0 0 0 0
643 2 0 0 0 0 0 0 0 0
644 2 0 0 0 0 0 0 0 0
650 2 0 0 2 0 0 0 0 0
651 2 0 0 2 0 0 0 0 0
654 2 0 0 0 0 0 0 0 0
655 2 0 0 0 0 0 0 0 0
662 2 0 0 0 0 0 0 0 0
663 2 0 0 2 0 0 0 0 0
680 1 0 0 0 0 0 0 0 0
681 1 0 0 0 0 0 0 0 0
682 1 0 0 1 0 0 0 0 0
702 4 1 1 0 0 0 0 0 0
703 4 0 0 0 0 0 0 0 0
705 4 0 0 0 0 0 0 0 0
707 4 0 0 0 0 0 0 0 0
709 4 0 0 0 0 0 0 0 0
710 4 0 0 0 0 0 0 0 0
718 4 0 0 4 0 0 0 0 0
719 4 0 0 4 0 0 0 0 0
720 4 0 0 0 0 0 0 0 0
722 4 0 0 0 0 0 0 0 0
723 4 0 0 4 0 0 0 0 0
733 6 1 1 0 0 0 0 0 0
734 6 0 0 0 0 0 0 0 0
736 4 0 0 4 0 0 0 0 0
737 4 0 0 4 0 0 0 0 0
738 4 0 0 0 0 0 0 0 0
739 4 0 0 0 0 0 0 0 0
740 4 0 0 0 0 0 0 0 0
741 4 0 0 0 0 0 0 0 0
742 4 0 0 0 0 0 0 0 0
757 2 1 1 0 0 0 0 0 0
758 2 0 0 0 0 0 0 0 0
782 2 0 0 0 0 0 0 0 0
783 2 0 0 0 0 0 0 0 0
806 2 1 1 0 0 0 0 0 0
807 2 0 0 0 0 0 0 0 0
831 2 1 1 0 0 0 0 0 0
832 2 0 0 0 0 0 0 0 0
838 2 0 0 2 0 0 0 0 0
839 2 0 0 2 0 0 0 0 0
841 2 0 0 0 0 0 0 0 0
842 2 1 1 0 0 0 0 0 0
fl=/home/abuild/rpmbuild/BUILD/glibc-2.30/string/../sysdeps/x86_64/multiarch/strcmp.c
fn=strcmp
39 4 0 0 0 0 0 0 0 0
41 2 1 1 1 0 0 0 0 0
53 1 1 1 1 0 0 0 0 0
fl=/home/abuild/rpmbuild/BUILD/glibc-2.30/string/../sysdeps/x86_64/multiarch/strcpy-avx2.S
fn=__strncpy_avx2
52 1 1 1 0 0 0 0 0 0
53 1 0 0 0 0 0 0 0 0
54 1 0 0 0 0 0 0 0 0
56 1 0 0 0 0 0 0 0 0
58 1 0 0 0 0 0 0 0 0
63 1 0 0 0 0 0 0 0 0
65 1 0 0 0 0 0 0 0 0
66 1 0 0 0 0 0 0 0 0
67 1 0 0 0 0 0 0 0 0
301 1 1 1 1 0 0 0 0 0
302 1 0 0 1 0 0 0 0 0
303 1 0 0 0 0 0 0 0 0
304 1 0 0 0 0 0 0 0 0
310 1 1 1 0 0 0 0 0 0
312 1 0 0 0 0 0 0 0 0
500 1 1 1 0 0 0 0 0 0
501 1 0 0 0 0 0 0 0 0
502 1 0 0 0 0 0 0 0 0
503 1 0 0 0 0 0 0 0 0
537 1 1 1 0 0 0 0 0 0
538 1 0 0 0 0 0 0 0 0
737 1 1 1 1 0 0 0 0 0
738 1 0 0 1 0 0 0 0 0
739 1 0 0 0 0 0 1 0 0
740 1 0 0 0 0 0 1 0 0
747 1 0 0 0 0 0 0 0 0
748 1 0 0 1 0 0 0 0 0
983 1 1 1 0 0 0 0 0 0
984 1 0 0 0 0 0 0 0 0
985 1 0 0 0 0 0 0 0 0
986 1 0 0 0 0 0 0 0 0
987 1 0 0 0 0 0 0 0 0
988 1 0 0 0 0 0 0 0 0
fl=/home/abuild/rpmbuild/BUILD/glibc-2.30/string/../sysdeps/x86_64/multiarch/strcpy.c
fn=strcpy
29 1 0 0 1 0 0 0 0 0
fl=/home/abuild/rpmbuild/BUILD/glibc-2.30/string/../sysdeps/x86_64/multiarch/strcspn-c.c
fn=__strcspn_sse42
84 2 1 1 1 1 1 0 0 0
90 3 1 1 0 0 0 0 0 0
93 2 1 1 0 0 0 0 0 0
96 1 0 0 0 0 0 0 0 0
100 4 0 0 0 0 0 0 0 0
105 1 0 0 0 0 0 0 0 0
108 2 0 0 0 0 0 0 0 0
111 2 0 0 0 0 0 0 0 0
137 3 0 0 0 0 0 0 0 0
140 1 0 0 0 0 0 0 0 0
165 6 0 0 0 0 0 0 0 0
167 6 0 0 0 0 0 0 0 0
168 3 0 0 0 0 0 0 0 0
171 2 0 0 0 0 0 0 0 0
173 1 0 0 1 0 0 0 0 0
fl=/home/abuild/rpmbuild/BUILD/glibc-2.30/string/../sysdeps/x86_64/multiarch/strcspn.c
fn=strcspn
29 1 0 0 1 0 0 0 0 0
fl=/home/abuild/rpmbuild/BUILD/glibc-2.30/string/../sysdeps/x86_64/multiarch/strlen-avx2.S
fn=__strlen_avx2
55 25 1 1 0 0 0 0 0 0
56 25 0 0 0 0 0 0 0 0
57 25 0 0 0 0 0 0 0 0
60 25 0 0 0 0 0 0 0 0
61 25 0 0 0 0 0 0 0 0
62 25 0 0 0 0 0 0 0 0
65 17 0 0 17 1 1 0 0 0
66 17 0 0 0 0 0 0 0 0
67 17 0 0 0 0 0 0 0 0
75 17 0 0 0 0 0 0 0 0
79 3 0 0 0 0 0 0 0 0
80 3 0 0 0 0 0 0 0 0
81 3 0 0 0 0 0 0 0 0
90 3 0 0 0 0 0 0 0 0
94 8 1 1 0 0 0 0 0 0
95 8 0 0 0 0 0 0 0 0
96 8 0 0 8 1 1 0 0 0
97 8 0 0 0 0 0 0 0 0
99 8 0 0 0 0 0 0 0 0
100 8 0 0 0 0 0 0 0 0
101 8 0 0 0 0 0 0 0 0
102 6 0 0 0 0 0 0 0 0
108 6 0 0 0 0 0 0 0 0
109 6 0 0 0 0 0 0 0 0
110 6 0 0 0 0 0 0 0 0
114 6 0 0 0 0 0 0 0 0
115 6 0 0 6 0 0 0 0 0
131 2 0 0 0 0 0 0 0 0
141 5 0 0 5 0 0 0 0 0
142 5 0 0 0 0 0 0 0 0
143 5 0 0 0 0 0 0 0 0
144 5 2 1 0 0 0 0 0 0
335 19 1 1 0 0 0 0 0 0
336 19 0 0 0 0 0 0 0 0
337 19 0 0 0 0 0 0 0 0
341 19 0 0 0 0 0 0 0 0
342 19 0 0 19 0 0 0 0 0
fl=/home/abuild/rpmbuild/BUILD/glibc-2.30/string/../sysdeps/x86_64/multiarch/strlen.c
fn=strlen
29 1 0 0 1 0 0 0 0 0
fl=/home/abuild/rpmbuild/BUILD/glibc-2.30/string/../sysdeps/x86_64/multiarch/strncase_l.c
fn=strncasecmp_l
31 1 1 1 1 0 0 0 0 0
fl=/home/abuild/rpmbuild/BUILD/glibc-2.30/string/../sysdeps/x86_64/multiarch/strncmp.c
fn=strncmp
39 4 0 0 0 0 0 0 0 0
41 2 1 1 1 0 0 0 0 0
54 1 0 0 1 0 0 0 0 0
fl=/home/abuild/rpmbuild/BUILD/glibc-2.30/string/../sysdeps/x86_64/multiarch/strncpy.c
fn=strncpy
29 1 0 0 1 0 0 0 0 0
fl=/home/abuild/rpmbuild/BUILD/glibc-2.30/string/../sysdeps/x86_64/multiarch/strnlen.c
fn=strnlen
31 1 0 0 1 0 0 0 0 0
fl=/home/abuild/rpmbuild/BUILD/glibc-2.30/string/../sysdeps/x86_64/multiarch/strrchr-avx2.S
fn=__strrchr_avx2
43 1 1 1 0 0 0 0 0 0
44 1 0 0 0 0 0 0 0 0
46 1 0 0 0 0 0 0 0 0
47 1 0 0 0 0 0 0 0 0
50 1 1 1 0 0 0 0 0 0
51 1 0 0 0 0 0 0 0 0
52 1 0 0 0 0 0 0 0 0
54 1 0 0 1 1 1 0 0 0
55 1 0 0 0 0 0 0 0 0
56 1 0 0 0 0 0 0 0 0
57 1 0 0 0 0 0 0 0 0
58 1 0 0 0 0 0 0 0 0
59 1 0 0 0 0 0 0 0 0
61 1 0 0 0 0 0 0 0 0
62 1 0 0 0 0 0 0 0 0
74 1 1 1 0 0 0 0 0 0
75 1 0 0 0 0 0 0 0 0
216 1 1 1 0 0 0 0 0 0
217 1 0 0 0 0 0 0 0 0
218 1 0 0 0 0 0 0 0 0
219 1 0 0 0 0 0 0 0 0
220 1 0 0 0 0 0 0 0 0
222 1 0 0 0 0 0 0 0 0
223 1 0 0 0 0 0 0 0 0
224 1 0 0 0 0 0 0 0 0
225 1 0 0 0 0 0 0 0 0
226 1 0 0 1 0 0 0 0 0
fl=/home/abuild/rpmbuild/BUILD/glibc-2.30/string/../sysdeps/x86_64/multiarch/strrchr.c
fn=rindex
28 1 1 1 1 0 0 0 0 0
fl=/home/abuild/rpmbuild/BUILD/glibc-2.30/string/../sysdeps/x86_64/multiarch/strspn.c
fn=strspn
29 1 0 0 1 0 0 0 0 0
fl=/home/abuild/rpmbuild/BUILD/glibc-2.30/string/../sysdeps/x86_64/multiarch/strstr-sse2-unaligned.S
fn=__strstr_sse2_unaligned
22 1 1 1 1 0 0 0 0 0
23 1 0 0 0 0 0 0 0 0
24 1 0 0 0 0 0 0 0 0
25 1 0 0 1 0 0 0 0 0
26 1 1 1 0 0 0 0 0 0
27 1 0 0 0 0 0 0 0 0
28 1 0 0 0 0 0 0 0 0
29 1 0 0 0 0 0 0 0 0
30 1 0 0 0 0 0 0 0 0
31 1 0 0 0 0 0 0 0 0
32 1 0 0 0 0 0 0 0 0
33 1 0 0 0 0 0 0 0 0
34 1 0 0 0 0 0 0 0 0
35 1 0 0 0 0 0 0 0 0
36 1 0 0 0 0 0 0 0 0
37 1 0 0 0 0 0 0 0 0
38 1 0 0 0 0 0 0 0 0
39 1 0 0 0 0 0 0 0 0
40 1 1 1 1 0 0 0 0 0
41 1 0 0 0 0 0 0 0 0
42 1 0 0 1 0 0 0 0 0
43 1 0 0 0 0 0 0 0 0
44 1 0 0 0 0 0 0 0 0
45 1 0 0 0 0 0 0 0 0
46 1 0 0 1 0 0 0 0 0
47 1 0 0 0 0 0 0 0 0
48 1 0 0 0 0 0 0 0 0
49 1 0 0 0 0 0 0 0 0
50 1 0 0 1 0 0 0 0 0
51 1 0 0 0 0 0 0 0 0
52 1 0 0 0 0 0 0 0 0
53 1 0 0 0 0 0 0 0 0
54 1 0 0 0 0 0 0 0 0
55 1 0 0 0 0 0 0 0 0
56 1 1 1 0 0 0 0 0 0
57 1 0 0 0 0 0 0 0 0
58 1 0 0 0 0 0 0 0 0
59 1 0 0 0 0 0 0 0 0
60 1 0 0 0 0 0 0 0 0
61 1 0 0 0 0 0 0 0 0
63 1 0 0 0 0 0 0 0 0
64 1 0 0 0 0 0 0 0 0
65 1 0 0 1 0 0 0 0 0
66 1 0 0 0 0 0 0 0 0
92 1 1 1 0 0 0 0 0 0
93 1 0 0 1 0 0 0 0 0
fl=/home/abuild/rpmbuild/BUILD/glibc-2.30/string/../sysdeps/x86_64/multiarch/strstr.c
fn=strstr
44 5 1 1 2 0 0 0 0 0
fl=/home/abuild/rpmbuild/BUILD/glibc-2.30/string/strdup.c
fn=strdup
40 4 0 0 0 0 0 2 0 0
41 2 0 0 0 0 0 1 0 0
42 2 0 0 0 0 0 1 0 0
44 2 0 0 0 0 0 0 0 0
47 4 0 0 0 0 0 0 0 0
48 3 1 1 2 0 0 0 0 0
fl=/home/abuild/rpmbuild/BUILD/glibc-2.30/string/strsep.c
fn=strsep
25 6 0 0 0 0 0 4 0 0
28 2 0 0 2 0 0 0 0 0
29 5 1 1 0 0 0 0 0 0
33 3 0 0 0 0 0 1 0 0
35 2 0 0 1 0 0 0 0 0
43 1 0 0 0 0 0 1 0 0
46 10 1 1 6 0 0 0 0 0
fl=/home/abuild/rpmbuild/BUILD/glibc-2.30/wcsmbs/../sysdeps/x86_64/multiarch/ifunc-avx2.h
fn=wcslen
30 5 1 1 0 0 0 0 0 0
32 2 0 0 1 0 0 0 0 0
fn=wmemchr
30 5 1 1 0 0 0 0 0 0
32 2 0 0 1 0 0 0 0 0
fl=/home/abuild/rpmbuild/BUILD/glibc-2.30/wcsmbs/../sysdeps/x86_64/multiarch/ifunc-wmemset.h
fn=wmemset
30 3 1 1 0 0 0 0 0 0
32 4 1 1 1 0 0 0 0 0
34 4 0 0 0 0 0 0 0 0
35 2 0 0 0 0 0 0 0 0
fl=/home/abuild/rpmbuild/BUILD/glibc-2.30/wcsmbs/../sysdeps/x86_64/multiarch/wcslen.c
fn=wcslen
29 1 0 0 1 0 0 0 0 0
fl=/home/abuild/rpmbuild/BUILD/glibc-2.30/wcsmbs/../sysdeps/x86_64/multiarch/wcsnlen.c
fn=wcsnlen
38 4 0 0 0 0 0 0 0 0
40 2 1 1 1 0 0 0 0 0
49 1 1 1 1 0 0 0 0 0
fl=/home/abuild/rpmbuild/BUILD/glibc-2.30/wcsmbs/../sysdeps/x86_64/multiarch/wmemchr.c
fn=wmemchr
31 1 0 0 1 0 0 0 0 0
fl=/home/abuild/rpmbuild/BUILD/glibc-2.30/wcsmbs/../sysdeps/x86_64/multiarch/wmemset.c
fn=wmemset
31 2 0 0 1 0 0 0 0 0
fl=/usr/lib64/gcc/x86_64-suse-linux/9/include/emmintrin.h
fn=__strcspn_sse42
703 4 0 0 2 1 1 0 0 0
fl=/usr/lib64/gcc/x86_64-suse-linux/9/include/smmintrin.h
fn=__strcspn_sse42
633 7 3 3 4 0 0 0 0 0
686 9 0 0 0 0 0 0 0 0
710 6 0 0 0 0 0 0 0 0
fl=/usr/lib64/gcc/x86_64-suse-linux/9/include/tmmintrin.h
fn=__strcspn_sse42
138 2 0 0 1 0 0 0 0 0
fl=???
fn=???
0 2100119 14 14 2100082 3 3 6 1 1
summary: 59652167030 1026 1010 12800551736 1553841 171790 8083319664 2180509 231393
