# callgrind format
version: 1
creator: callgrind-3.15.0
pid: 8501
cmd:  mandel/mandel output/mandel.bmp -r 1024 -x 0.5 -y 0.5 -s 1.0 -c 1 -i 512
part: 1


desc: I1 cache: 
desc: D1 cache: 
desc: LL cache: 

desc: Timerange: Basic block 0 - 6750988493
desc: Trigger: Program termination

positions: line
events: Ir
summary: 59652167027


ob=(1) /home/Flero/school/parallelComputing/assignment/4/mandel/mandel
fl=(51) /home/abuild/rpmbuild/BUILD/glibc-2.30/elf/dl-load.c
fn=(148) _dl_init_paths
681 1
+13 3
-13 5
+13 1
-13 1
+13 1
cfi=(52) /home/abuild/rpmbuild/BUILD/glibc-2.30/elf/dl-hwcaps.c
cfn=(150) _dl_important_hwcaps
calls=1 39 
* 909
+5 1
-5 1
+5 1
cfi=(42) /home/abuild/rpmbuild/BUILD/glibc-2.30/malloc/malloc.c
cfn=(112) malloc
calls=1 3023 
* 188
-1 1
+2 2
+8 2
-1 1
+1 1
-1 3
+4 4
cfi=(42)
cfn=(112)
calls=1 3023 
* 183
* 1
+2 2
+17 1
+3 1
-14 1
+23 1
-22 1
+10 1
+1 1
+2 1
+1 1
+5 4
+1 1
-1 3
+1 7
-1 21
+3 1
-14 1
+14 1
-9 1
-5 1
+2 1
+1 1
+3 1
-1 1
+6 2
+1 1
-1 3
+1 7
-1 21
+3 1
+6 1
+1 1
+47 4
+2 3
cfi=(48) /home/abuild/rpmbuild/BUILD/glibc-2.30/string/../sysdeps/x86_64/multiarch/strlen-avx2.S
cfn=(140) __strlen_avx2
calls=1 55 
* 23
* 1
* 18
cfi=(36) /home/abuild/rpmbuild/BUILD/glibc-2.30/string/../sysdeps/x86_64/multiarch/memmove-vec-unaligned-erms.S
cfn=(98) __memcpy_avx_unaligned_erms
calls=1 226 
* 11
* 1
* 1
+5 4
-1 2
+2 128
-1 129
+5 1
cfi=(42)
cfn=(112)
calls=1 3023 
* 188
-1 1
+1 1
+1 2
+6 6
cfn=(154) fillin_rpath
calls=1 447 
* 867
+3 3
+6 1
+4 7
-30 2

fn=(154)
447 7
+2 1
-2 9
+4 3
cfi=(54) /home/abuild/rpmbuild/BUILD/glibc-2.30/string/strsep.c
cfn=(156) strsep
calls=1 25 
* 86
* 3
cfi=(54)
cfn=(156)
calls=1 25 
* 11
* 6
+7 2
+2 3
cfn=(166) expand_dynamic_string_token
calls=1 -82 
* 309
* 1
+4 2
+5 2
cfi=(48)
cfn=(140)
calls=1 55 
* 23
* 1
* 1
+1 2
+7 5
+9 11
+1 4
+57 2
cfi=(42)
cfn=(176) free
calls=1 3087 
* 78
* 1
-39 2
+4 8
cfi=(42)
cfn=(112)
calls=1 3023 
* 188
+2 3
+5 1
+1 2
-2 2
+2 1
cfi=(36)
cfn=(134) __mempcpy_avx_unaligned_erms
calls=1 213 
* 13
* 1
+1 1
+2 1
-3 1
+1 1
+2 1
+1 1
+5 3
+1 1
-1 1
+1 3
+1 1
-1 3
+1 7
-1 21
+3 1
+1 1
-1 1
+1 1
+8 1
-1 1
+4 3
-60 4
+23 2
+43 1
+3 9
-15 2

fn=(166)
378 3
+10 1
-10 4
+10 1
cfn=(168) _dl_dst_count
calls=1 231 
* 50
+3 2
+12 1
-11 1
+11 4
-11 1
cfi=(59) /home/abuild/rpmbuild/BUILD/glibc-2.30/string/strdup.c
cfn=(174) strdup
calls=1 40 
* 241

fn=(168)
231 1
+3 1
-3 2
+7 1
-7 2
+3 1
cfi=(58) /home/abuild/rpmbuild/BUILD/glibc-2.30/string/../sysdeps/x86_64/multiarch/strchr-avx2.S
cfn=(172) __strchr_avx2
calls=1 45 
* 32
* 1
+3 2
+20 7

fl=(39) /home/abuild/rpmbuild/BUILD/glibc-2.30/posix/../sysdeps/unix/syscall-template.S
fn=(104) uname
78 4
+1 1

fl=(69) /home/abuild/rpmbuild/BUILD/glibc-2.30/csu/elf-init.c
fn=(204) __libc_csu_init
68 1
+7 1
-7 1
+7 1
-7 1
+7 1
-7 7
+9 2
+9 2
-3 1
cob=(2) ???
cfi=(35) ???
cfn=(206) 0x0000000000401000
calls=1 -83 
* 6
+3 1
+1 4
+1 4
cfi=(70) ???
cfn=(210) 0x0000000000401c20
calls=1 -88 
* 53
* 4
cfi=(73) /home/abuild/rpmbuild/BUILD/glibc-2.30/string/../sysdeps/x86/cacheinfo.c
cfn=(226) init_cacheinfo
calls=1 488 
* 1718
-1 6
+2 8

fn=(472) __libc_csu_fini
96 1
+2 2
-2 1
+2 1
-2 1
+2 1
+1 3
+1 1
cfi=(134) /home/abuild/rpmbuild/BUILD/glibc-2.30/dlfcn/dlerror.c
cfn=(474) fini
calls=1 220 
* 6
* 1
cfi=(70)
cfn=(478) 0x0000000000401be0
calls=1 0 
* 48
-1 6
+7 3
-3 1
cob=(2)
cfi=(35)
cfn=(498) 0x00000000004938f8
calls=1 0 
* 3

fl=(118) /home/abuild/rpmbuild/BUILD/glibc-2.30/math/./cabs_template.c
fn=(376) cabs
26 212092738
cfi=(119) /home/abuild/rpmbuild/BUILD/glibc-2.30/math/./w_hypot_template.c
cfn=(378) hypot
calls=212092738 +5 
* 17224889747

fl=(4) /home/abuild/rpmbuild/BUILD/glibc-2.30/elf/enbl-secure.c
fn=(6) __libc_init_secure
33 4

fl=(77) /home/abuild/rpmbuild/BUILD/glibc-2.30/setjmp/../sysdeps/x86_64/setjmp.S
fn=(238) __sigsetjmp
32 1
+9 1
+1 2
+1 1
+4 1
+1 1
+1 1
+1 1
+1 1
+2 2
+2 1
+1 1
+1 1
+2 2
+2 1
+23 1
cfi=(78) /home/abuild/rpmbuild/BUILD/glibc-2.30/setjmp/sigjmp.c
cfn=(240) __sigjmp_save
calls=1 -56 
* 8

fl=(105) /home/abuild/rpmbuild/BUILD/glibc-2.30/stdlib/../sysdeps/x86_64/mul_1.S
fn=(326) __mpn_mul_1
32 48
+3 48
+1 48
+1 48
+1 48
+1 48
+2 48
+1 48
+2 48
+1 48
+1 48
+1 48
+1 45
+2 45
+1 45
+1 45
+1 45
+26 3
+1 3
+1 3
+1 3
+1 3
+1 3
+1 3
+1 3
+1 3
+26 3
+1 3
+1 3
+2 3
+1 3
+1 3
+1 3
+1 3
+1 3
+2 3
+3 3
-5 45
+2 45
+3 45

fl=(55) /home/abuild/rpmbuild/BUILD/glibc-2.30/string/../sysdeps/x86_64/multiarch/strcspn-c.c
fn=(160) __strcspn_sse42
84 2
+6 3
+47 1
+3 1
-3 2
+30 6
+4 2
fi=(56) /usr/lib64/gcc/x86_64-suse-linux/9/include/smmintrin.h
633 2
+53 4
+24 2
-24 2
+24 2
fe=(55)
165 4
fi=(56)
633 1
+53 2
+24 1
-24 1
+24 1
fe=(55)
165 2
-72 1
+3 1
fi=(57) /usr/lib64/gcc/x86_64-suse-linux/9/include/emmintrin.h
703 1
fe=(55)
93 1
fi=(57)
703 1
fe=(55)
100 1
fi=(136) /usr/lib64/gcc/x86_64-suse-linux/9/include/tmmintrin.h
+38 2
fi=(56)
633 1
fe=(55)
100 3
fi=(56)
633 2
fe=(55)
105 1
+3 2
+3 2
fi=(57)
703 2
fi=(56)
-70 1
fe=(55)
168 3
+5 1

fl=(132) /home/abuild/rpmbuild/BUILD/glibc-2.30/io/../sysdeps/unix/sysv/linux/close_nocancel.c
fn=(454) __close_nocancel
26 4
+1 1

fl=(135) /home/abuild/rpmbuild/BUILD/glibc-2.30/posix/../sysdeps/unix/sysv/linux/_exit.c
fn=(514) _Exit
27 2
+4 1
+2 2

fl=(79) /home/Flero/school/parallelComputing/assignment/4/src/main.c
fn=(374) isPartOfMandelbrot
54 2110441620
+1 844176648
cfi=(118)
cfn=(376)
calls=211044162 -29 
* 17350004408
* 1055220810
+1 422088324

fn=(368) computeDwellBuffer
77 19
+1 2
+1 2048
+1 19922944
cfn=(370) pixelDwell
calls=1048576 -18 
* 59148233832
* 1048576
-1 4197376
-1 4099
+5 6

fn=(372) getInitialValue
43 3805937388
+1 4228819320
+1 4228819320
+1 1268645796
+1 1268645796
+1 422881932

fn=(370)
62 19922944
+1 11534336
cfn=(372)
calls=1048576 -20 
* 75497472
* 4194304
+1 1048576
+1 1048576
+3 1048576
+2 2314316290
cfn=(372)
calls=210392390 -27 
* 15148252080
* 1893531510
cfn=(382) computeNextValue
calls=210392390 -20 
* 14096290130
* 841569560
+1 420784780
-3 2112028836
cfn=(374)
calls=211044162 -14 
* 21781931810
* 422088324
+6 1048576
+1 2097152

fn=(382)
50 5259809750
+1 1893531510
cfi=(121) /home/abuild/rpmbuild/BUILD/gcc-9.2.1+r275327/obj-x86_64-suse-linux/x86_64-suse-linux/libgcc/../../../libgcc/libgcc2.c
cfn=(384) __muldc3
calls=210392390 1972 
* 4418240190
* 2103923900
+1 420784780

fn=(386) mapDwellBuffer
85 5
+1 2
+1 2048
+1 2097152
cfi=(42)
cfn=(112)
calls=1048576 3023 
* 36700433
* 1048576
+1 14680064
cfn=(390) getDwellColour
calls=1048576 -54 
* 276770303
* 9437184
+1 14680064
+1 14680064
+1 14680064
+1 3145728
cfi=(42)
cfn=(176)
calls=1048576 3087 
* 81788928
-6 4197376
-1 4099
+10 4

fn=(390)
35 6291456
+2 23068672
+1 11534336
cfi=(118)
cfn=(376)
calls=1048576 -12 
* 86978077
* 3145728
cfi=(122) /home/abuild/rpmbuild/BUILD/glibc-2.30/math/./w_log_template.c
cfn=(392) log
calls=1048576 -6 
* 53477361
* 1048576
cfi=(122)
cfn=(392)
calls=1048576 -6 
* 53477361
* 10485760
+1 25165824
+1 2097152

fn=(242) main
119 6
+1 1
+2 1
+1 1
+1 1
+1 4
+1 2
+1 1
+1 1
+5 1
+1 42
+2 3
cfi=(84) /home/abuild/rpmbuild/BUILD/glibc-2.30/stdlib/atof.c
cfn=(258) atof
calls=1 27 
* 596
* 4
cfi=(91) /home/Flero/school/parallelComputing/assignment/4/src/libs/utilities.h
cfn=(276) clampDouble
calls=1 6 
* 14
* 2
+1 1
+2 3
cfi=(84)
cfn=(258)
calls=1 27 
* 596
* 4
cfi=(91)
cfn=(276)
calls=1 6 
* 14
* 2
+1 1
+2 3
cfi=(84)
cfn=(258)
calls=1 27 
* 444
* 4
cfi=(91)
cfn=(276)
calls=1 6 
* 14
* 2
+1 6
+1 1
+2 3
cfi=(81) /home/abuild/rpmbuild/BUILD/glibc-2.30/stdlib/atoi.c
cfn=(250) atoi
calls=1 26 
* 169
* 1
+1 1
+2 3
cfi=(81)
cfn=(250)
calls=1 26 
* 150
* 1
+1 1
+2 3
cfi=(81)
cfn=(250)
calls=1 26 
* 112
* 1
+1 1
-20 42
cfi=(80) /home/abuild/rpmbuild/BUILD/glibc-2.30/posix/getopt.c
cfn=(244) getopt
calls=7 735 
* 2429
* 21
+34 3
+5 8
cfi=(48)
cfn=(140)
calls=1 55 
* 15
* 1
* 4
cfi=(42)
cfn=(278) calloc
calls=1 3366 
* 218
* 1
+1 8
cfi=(48)
cfn=(140)
calls=1 55 
* 15
* 1
* 11
cfi=(92) /home/abuild/rpmbuild/BUILD/glibc-2.30/string/../sysdeps/x86_64/multiarch/strcpy-avx2.S
cfn=(282) __strncpy_avx2
calls=1 52 
* 33
* 1
+1 3
+6 4
+1 7
cfi=(42)
cfn=(112)
calls=1 3023 
* 183
* 1
+1 6
cfi=(93) /home/Flero/school/parallelComputing/assignment/4/src/main.h
cfn=(284) initColourMap
calls=1 18 
* 32413
+4 6
+1 6
+1 6
+1 6
+1 5
+1 5
+3 20
+1 24
+3 4
+1 7
cfi=(95) /home/abuild/rpmbuild/BUILD/glibc-2.30/stdio-common/printf.c
cfn=(290) printf
calls=1 28 
* 5472
+1 16
cfi=(95)
cfn=(290)
calls=1 28 
* 1082
+1 5
cfi=(95)
cfn=(290)
calls=1 28 
* 873
+1 11
cfi=(95)
cfn=(290)
calls=1 28 
* 7894
+1 5
cfi=(95)
cfn=(290)
calls=1 28 
* 842
+5 5
cfi=(115) /home/Flero/school/parallelComputing/assignment/4/src/libs/bitmap.c
cfn=(354) newBmpImage
calls=1 50 
* 3371906
* 1
+1 2
+6 5
cfi=(42)
cfn=(112)
calls=1 3023 
* 179
* 1
+1 2
+4 2
+1 9216
cfi=(42)
cfn=(112)
calls=1024 3023 
* 190439
* 1024
+1 7168
-2 4099
+13 9
cfn=(368)
calls=1 77 
* 59173408902
+3 5
cfn=(386)
calls=1 85 
* 473912094
+3 5
cfi=(115)
cfn=(406) saveBmpImage
calls=1 -86 
* 677357
* 2
+5 1
+4 2
+1 3
cfi=(115)
cfn=(462) freeBmpImage
calls=1 24 
* 243663
+1 3
+1 3
cfi=(42)
cfn=(176)
calls=1 3087 
* 117
+1 2
+1 2
+1 7168
cfi=(42)
cfn=(176)
calls=1024 3087 
* 214743
-1 4099
+3 3
cfi=(42)
cfn=(176)
calls=1 3087 
* 236
+3 1
+1 4

fl=(85) /home/abuild/rpmbuild/BUILD/glibc-2.30/stdlib/strtod.c
fn=(260) strtod
83 12
cfi=(86) /home/abuild/rpmbuild/BUILD/glibc-2.30/stdlib/strtod_l.c
cfn=(262) ____strtod_l_internal
calls=3 509 
* 1618

fl=(30) /home/abuild/rpmbuild/BUILD/glibc-2.30/math/../sysdeps/x86_64/fpu/multiarch/ifunc-sse4_1.h
fn=(80) ceil
29 4

fl=(11) /home/abuild/rpmbuild/BUILD/glibc-2.30/string/../sysdeps/x86_64/multiarch/ifunc-sse4_2.h
fn=(24) strspn
30 4
fi=(137) /home/abuild/rpmbuild/BUILD/glibc-2.30/string/../sysdeps/x86_64/multiarch/strspn.c
-1 1
fe=(11)

fn=(34) strcspn
30 4
fi=(138) /home/abuild/rpmbuild/BUILD/glibc-2.30/string/../sysdeps/x86_64/multiarch/strcspn.c
-1 1
fe=(11)

fl=(101) /home/abuild/rpmbuild/BUILD/glibc-2.30/io/../sysdeps/unix/sysv/linux/wordsize-64/fxstat.c
fn=(310) _fxstat
33 6
+1 4
+1 8
+4 2

fl=(2) /home/abuild/rpmbuild/BUILD/glibc-2.30/csu/../csu/libc-start.c
fn=(2) (below main)
137 12
+4 1
-4 2
+4 3
+5 3
+6 1
-4 1
+4 1
+9 322
+5 1
cfi=(3) /home/abuild/rpmbuild/BUILD/glibc-2.30/elf/dl-support.c
cfn=(4) _dl_aux_init
calls=1 +64 
* 311
+12 2
+9 1
cfi=(4)
cfn=(6)
calls=1 33 
* 4
+2 2
cfi=(5) /home/abuild/rpmbuild/BUILD/glibc-2.30/elf/dl-tunables.c
cfn=(8) __tunables_init
calls=1 +99 
* 46446
fi=(7) /home/abuild/rpmbuild/BUILD/glibc-2.30/csu/../sysdeps/x86/cpu-features.c
322 1
-13 1
+13 1
-12 1
+1 1
+11 1
+3 6
476 3
+1 1
+3 2
+1 1
+6 1
+1 1
+5 3
-5 1
+1 2
+1 2
+3 1
cfi=(5)
cfn=(16) __tunable_get_val
calls=1 372 
* 17
+2 4
cfi=(5)
cfn=(16)
calls=1 372 
* 19
* 1
+2 3
-2 1
+2 1
cfi=(5)
cfn=(16)
calls=1 372 
* 19
* 1
+2 3
-2 1
+2 1
cfi=(5)
cfn=(16)
calls=1 372 
* 19
* 1
+12 1
-1 1
-11 1
+12 1
fe=(2)
78 3
fi=(8) /home/abuild/rpmbuild/BUILD/glibc-2.30/csu/../sysdeps/x86_64/dl-irel.h
-46 28
cfi=(25) /home/abuild/rpmbuild/BUILD/glibc-2.30/string/../sysdeps/x86_64/multiarch/ifunc-strcpy.h
cfn=(86) strcpy
calls=1 +4 
* 7
cfi=(10) /home/abuild/rpmbuild/BUILD/glibc-2.30/string/../sysdeps/x86_64/multiarch/ifunc-avx2.h
cfn=(84) strnlen
calls=1 -2 
* 8
cfi=(16) /home/abuild/rpmbuild/BUILD/glibc-2.30/string/../sysdeps/x86_64/multiarch/ifunc-memmove.h
cfn=(82) memmove
calls=1 +13 
* 15
cfi=(30)
cfn=(80)
calls=1 -3 
* 4
cfi=(10)
cfn=(78) rawmemchr
calls=1 -2 
* 8
cfi=(16)
cfn=(76) memcpy
calls=1 +13 
* 15
cfi=(21) /home/abuild/rpmbuild/BUILD/glibc-2.30/wcsmbs/../sysdeps/x86_64/multiarch/ifunc-avx2.h
cfn=(74) wcslen
calls=1 -2 
* 8
cfi=(10)
cfn=(72) rindex
calls=1 -2 
* 8
cfi=(25)
cfn=(68) stpcpy
calls=1 +4 
* 7
cfi=(10)
cfn=(66) strchrnul
calls=1 -2 
* 8
cfi=(10)
cfn=(64) memchr
calls=1 -2 
* 8
cfi=(28) /home/abuild/rpmbuild/BUILD/glibc-2.30/string/../sysdeps/x86_64/multiarch/strstr.c
cfn=(62) strstr
calls=1 +12 
* 5
cfi=(27) /home/abuild/rpmbuild/BUILD/glibc-2.30/string/../sysdeps/x86_64/multiarch/strncmp.c
cfn=(60) strncmp
calls=1 +9 
* 7
cfi=(25)
cfn=(56) strncpy
calls=1 +4 
* 7
cfi=(23) /home/abuild/rpmbuild/BUILD/glibc-2.30/string/../sysdeps/x86_64/multiarch/ifunc-memcmp.h
cfn=(52) bcmp
calls=1 +1 
* 11
cfi=(12) /home/abuild/rpmbuild/BUILD/glibc-2.30/string/../sysdeps/x86_64/multiarch/ifunc-strcasecmp.h
cfn=(48) strcasecmp_l
calls=1 * 
* 4
cfi=(21)
cfn=(46) wmemchr
calls=1 -2 
* 8
cfi=(20) /home/abuild/rpmbuild/BUILD/glibc-2.30/string/../sysdeps/x86_64/multiarch/ifunc-memset.h
cfn=(44) memset
calls=1 +10 
* 17
cfi=(19) /home/abuild/rpmbuild/BUILD/glibc-2.30/wcsmbs/../sysdeps/x86_64/multiarch/wcsnlen.c
cfn=(42) wcsnlen
calls=1 +8 
* 7
cfi=(18) /home/abuild/rpmbuild/BUILD/glibc-2.30/string/../sysdeps/x86_64/multiarch/strcmp.c
cfn=(40) strcmp
calls=1 +9 
* 7
cfi=(17) /home/abuild/rpmbuild/BUILD/glibc-2.30/wcsmbs/../sysdeps/x86_64/multiarch/ifunc-wmemset.h
cfn=(38) wmemset
calls=1 * 
* 15
cfi=(16)
cfn=(36) mempcpy
calls=1 +13 
* 15
cfi=(11)
cfn=(34)
calls=1 -2 
* 5
cfi=(14) /home/abuild/rpmbuild/BUILD/glibc-2.30/math/../sysdeps/x86_64/fpu/multiarch/ifunc-avx-fma4.h
cfn=(30) __log_finite
calls=1 +1 
* 8
cfi=(12)
cfn=(26) strncasecmp_l
calls=1 * 
* 4
cfi=(11)
cfn=(24)
calls=1 -2 
* 5
cfi=(10)
cfn=(22) strlen
calls=1 -2 
* 8
cfi=(9) /home/abuild/rpmbuild/BUILD/glibc-2.30/string/../sysdeps/x86_64/multiarch/strchr.c
cfn=(20) index
calls=1 +8 
* 7
fe=(2)
+46 28
fi=(8)
-33 28
fe=(2)
+33 58
fi=(8)
-36 28
-3 28
+3 28
fe=(2)
197 1
cfi=(32) /home/abuild/rpmbuild/BUILD/glibc-2.30/csu/libc-tls.c
cfn=(90) __libc_setup_tls
calls=1 -90 
* 190
fi=(37) /home/abuild/rpmbuild/BUILD/glibc-2.30/csu/../sysdeps/unix/sysv/linux/dl-osinfo.h
64 3
fe=(2)
207 1
+6 2
+9 2
+7 3
+8 2
+7 4
cfi=(40) /home/abuild/rpmbuild/BUILD/glibc-2.30/csu/../csu/init-first.c
cfn=(106) __libc_init_first
calls=1 44 
* 9778
+3 2
+1 4
cfi=(67) /home/abuild/rpmbuild/BUILD/glibc-2.30/stdlib/cxa_atexit.c
cfn=(196) __cxa_atexit
calls=1 70 
* 71
+6 2
+9 2
+1 4
cfi=(69)
cfn=(204)
calls=1 68 
* 1822
+24 3
cfi=(75) /home/abuild/rpmbuild/BUILD/glibc-2.30/elf/dl-debug.c
cfn=(234) _dl_debug_initialize
calls=1 50 
* 19
+7 2
cfi=(76) /home/abuild/rpmbuild/BUILD/glibc-2.30/setjmp/../sysdeps/x86_64/bsd-_setjmp.S
cfn=(236) _setjmp
calls=1 30 
* 29
+1 2
+5 2
+1 2
+3 2
+3 5
cfi=(79)
cfn=(242)
calls=1 119 
* 59652106411
+34 2
cfi=(133) /home/abuild/rpmbuild/BUILD/glibc-2.30/stdlib/exit.c
cfn=(466) exit
calls=1 138 
* 674
fi=(7)
515 3
+28 2
-9 3
+2 4
+1 2
+2 4
+1 2
fe=(2)
217 1
cfi=(38) /home/abuild/rpmbuild/BUILD/glibc-2.30/elf/../sysdeps/unix/sysv/linux/dl-sysdep.c
cfn=(102) _dl_discover_osversion
calls=1 46 
* 75
* 8
fi=(7)
331 5
cfn=(14) get_common_indices.constprop.0
calls=1 71 
* 97
49 4
+1 2
+1 6
+5 2
+1 6
+5 2
+1 6
336 2
+87 1
+5 2
-5 2
+2 1
-96 1
-3 1
+12 5
+1 6
+61 5
+14 1
+1 1
-39 2
+14 2
+4 1
fe=(2)

fl=(115)
fn=(406)
153 5
+1 1
+1 4
cfi=(126) /home/abuild/rpmbuild/BUILD/glibc-2.30/libio/iofopen.c
cfn=(408) fopen
calls=1 -69 
* 584
* 1
+1 2
+4 1
+1 10
+1 7
+1 1
+1 4
+4 3
+2 4
+1 2
-1 1
+1 2
-1 1
+1 2
-1 13
+2 2
-2 1
+2 3
-2 3
+3 2
-3 1
+3 3
-3 31
+7 7
cfi=(130) /home/abuild/rpmbuild/BUILD/glibc-2.30/libio/iofwrite.c
cfn=(432) fwrite
calls=1 31 
* 675
* 2
+3 2
+1 15360
cfi=(130)
cfn=(432)
calls=1024 31 
* 647680
* 5120
+4 2048
-5 5124
+13 3
cfi=(131) /home/abuild/rpmbuild/BUILD/glibc-2.30/libio/iofclose.c
cfn=(438) fclose
calls=1 34 
* 639
+1 1
+1 2

fn=(356) reallocateBmpBuffer
31 7
+1 3
cfn=(358) freeBmpData
calls=1 -23 
* 11
+1 4
+1 6
cfi=(42)
cfn=(278)
calls=1 3366 
* 8430
* 3
+1 4
+3 2
+1 9216
cfi=(42)
cfn=(278)
calls=1024 3366 
* 3340685
* 1024
+1 8192
-2 4099
+8 1
+1 4

fn=(462)
24 4
+1 3
cfn=(358)
calls=1 -16 
* 243570
+1 2
+1 3
cfi=(42)
cfn=(176)
calls=1 3087 
* 78
+2 3

fn=(354)
50 5
+1 2
cfi=(42)
cfn=(112)
calls=1 3023 
* 188
* 1
+1 2
+2 3
+1 3
+1 2
+1 6
cfn=(356)
calls=1 -26 
* 3371691
+1 1
+1 2

fn=(358)
9 8
+1 8
+1 2
+1 8192
+1 8192
cfi=(42)
cfn=(176)
calls=1024 3087 
* 215693
+1 6144
-3 5124
+7 4
cfi=(42)
cfn=(176)
calls=1 3087 
* 206
+1 2
+2 6

fl=(34) /home/abuild/rpmbuild/BUILD/glibc-2.30/misc/../sysdeps/unix/sysv/linux/x86_64/brk.c
fn=(94) brk
31 335
+2 134
+6 63
+1 63
-5 8
+1 8

fl=(40)
fn=(106)
44 8
+11 3
+12 1
+1 1
+1 1
+5 1
cfi=(3)
cfn=(108) _dl_non_dynamic_init
calls=1 307 
* 9585
* 1
fi=(61) /home/abuild/rpmbuild/BUILD/glibc-2.30/csu/../sysdeps/generic/dl-hash.h
-29 1
-1 1
-1 1
+5 3
+14 4
-17 2
+3 9
+14 12
-17 15
fe=(40)
+17 2
-7 1
+7 1
fi=(61)
+5 1
fi=(139) /home/abuild/rpmbuild/BUILD/glibc-2.30/csu/../sysdeps/unix/sysv/linux/dl-vdso.h
-37 2
fi=(62) /home/abuild/rpmbuild/BUILD/glibc-2.30/csu/../sysdeps/unix/sysv/linux/x86_64/init-first.c
+7 1
fi=(139)
-6 1
fi=(62)
+6 1
fi=(139)
-6 2
fi=(62)
+6 1
fi=(139)
-6 2
fi=(62)
+6 1
cfi=(63) /home/abuild/rpmbuild/BUILD/glibc-2.30/elf/../sysdeps/unix/sysv/linux/dl-vdso.c
cfn=(186) _dl_vdso_vsym
calls=1 -12 
* 12
+2 1
+4 2
-4 2
+1 2
+1 1
+2 1
cfi=(63)
cfn=(186)
calls=1 -18 
* 12
fe=(40)
+38 3
fi=(62)
-37 2
+1 1
fe=(40)
+36 1
cfi=(64) /home/abuild/rpmbuild/BUILD/glibc-2.30/misc/init-misc.c
cfn=(188) __init_misc
calls=1 -50 
* 50
+3 1
cfi=(66) /home/abuild/rpmbuild/BUILD/glibc-2.30/ctype/ctype-info.c
cfn=(194) __ctype_init
calls=1 -53 
* 16
+5 6

fl=(5)
fn=(8)
288 8
-9 4
68 323
+6 106
-3 106
+3 8833
-6 212
363 8
78 212
+5 106
-9 106
-6 106
fi=(6) /home/abuild/rpmbuild/BUILD/glibc-2.30/elf/dl-tunables.h
+51 106
fe=(5)
-36 318
fi=(6)
+37 16
-1 48
+1 228
fe=(5)
329 318
-12 13250
fi=(6)
119 1908
fe=(5)
-51 954
fi=(6)
+51 2862
+1 336
-1 1962
+1 3198
fe=(5)
311 10600
71 212

fn=(16)
372 96
+9 16
-9 62
+9 3
+17 80
+2 16
-9 13
+1 13

fl=(65) /home/abuild/rpmbuild/BUILD/glibc-2.30/string/../sysdeps/x86_64/multiarch/strrchr-avx2.S
fn=(192) __strrchr_avx2
43 1
+1 1
+2 1
+1 1
+3 1
+1 1
+1 1
+2 1
+1 1
+1 1
+1 1
+1 1
+1 1
+2 1
+1 1
+12 1
+1 1
216 1
+1 1
+1 1
+1 1
+1 1
+2 1
+1 1
+1 1
+1 1
+1 1

fl=(38)
fn=(102)
46 4
+42 2
cfi=(39)
cfn=(104)
calls=1 -10 
* 5
* 3
+20 1
-1 1
+3 12
+4 3
-2 6
+2 9
+7 3
-1 3
+4 3
-2 3
+2 10
+9 5
-4 2

fl=(93)
fn=(284)
18 6
+1 8
+1 9
+2 3
+1 2
+1 1
+2 2
+1 56
+1 84
+1 84
+1 84
+1 98
cfi=(94) /home/abuild/rpmbuild/BUILD/glibc-2.30/math/../sysdeps/x86_64/fpu/multiarch/s_ceil-sse4_1.S
cfn=(288) __ceil_sse41
calls=7 -8 
* 14
* 7
* 14
+1 14
+1 6144
+1 7168
+1 7168
+1 7168
+1 512
-5 3608
+7 49
+1 63
-14 44
+16 3

fl=(119)
fn=(378)
31 212092738
+1 636278214
cfi=(120) /home/abuild/rpmbuild/BUILD/glibc-2.30/math/../sysdeps/ieee754/dbl-64/e_hypot.c
cfn=(380) __hypot_finite
calls=212092738 +19 
* 14255591415
+1 1696741904
+4 424185476

fl=(84)
fn=(258)
27 6
cfi=(85)
cfn=(260)
calls=3 +56 
* 1630

fl=(10)
fn=(72)
30 1
+2 2
-2 4
fi=(140) /home/abuild/rpmbuild/BUILD/glibc-2.30/string/../sysdeps/x86_64/multiarch/strrchr.c
-2 1
fe=(10)

fn=(22)
30 1
+2 2
-2 4
fi=(141) /home/abuild/rpmbuild/BUILD/glibc-2.30/string/../sysdeps/x86_64/multiarch/strlen.c
-1 1
fe=(10)

fn=(64)
30 1
+2 2
-2 4
fi=(142) /home/abuild/rpmbuild/BUILD/glibc-2.30/string/../sysdeps/x86_64/multiarch/memchr.c
-1 1
fe=(10)

fn=(66)
30 1
+2 2
-2 4
fi=(143) /home/abuild/rpmbuild/BUILD/glibc-2.30/string/../sysdeps/x86_64/multiarch/strchrnul.c
+1 1
fe=(10)

fn=(84)
30 1
+2 2
-2 4
fi=(144) /home/abuild/rpmbuild/BUILD/glibc-2.30/string/../sysdeps/x86_64/multiarch/strnlen.c
+1 1
fe=(10)

fn=(78)
30 1
+2 2
-2 4
fi=(145) /home/abuild/rpmbuild/BUILD/glibc-2.30/string/../sysdeps/x86_64/multiarch/rawmemchr.c
+1 1
fe=(10)

fl=(33) /home/abuild/rpmbuild/BUILD/glibc-2.30/misc/sbrk.c
fn=(92) sbrk
32 8240
+8 12357
+4 4120
+4 396
+5 4
+7 9990
-19 2
cfi=(34)
cfn=(94)
calls=1 -10 
* 9
* 3
+15 132
cfi=(34)
cfn=(94)
calls=66 -25 
* 602
* 132
+4 310

fl=(9)
fn=(20)
40 2
-2 4
+11 1

fl=(48)
fn=(140)
55 25
+1 25
+1 25
+3 25
+1 25
+1 25
+3 17
+1 17
+1 17
+8 17
+4 3
+1 3
+1 3
+9 3
+4 8
+1 8
+1 8
+1 8
+2 8
+1 8
+1 8
+1 6
+6 6
+1 6
+1 6
+4 6
+1 6
+16 2
+10 2
+1 2
+1 2
+1 2
-3 3
+1 3
+1 3
+1 3
335 19
+1 19
+1 19
+4 19
+1 19

fl=(49) /home/abuild/rpmbuild/BUILD/glibc-2.30/string/../sysdeps/x86_64/multiarch/strcmp-avx2.S
fn=(144) __strncmp_avx2
82 13
+1 13
+1 13
+6 13
+2 13
+1 13
+2 13
+1 13
+1 13
+1 13
+1 13
+2 7
+1 7
+1 7
+1 7
+1 7
+1 7
+1 7
+1 7
+4 7
+1 7
+13 6
+1 6
+1 6
+2 6
+1 6
636 4
+2 4
+1 2
+1 2
+1 2
+2 2
+1 2
+6 2
+1 2
+3 2
+1 2
+7 2
+1 2
+17 1
+1 1
+1 1
+20 4
+1 4
+2 4
+2 4
+2 4
+1 4
+8 4
+1 4
+1 4
+2 4
+1 4
+10 6
+1 6
+2 4
+1 4
+1 4
+1 4
+1 4
+1 4
+1 4
+15 2
+1 2
+24 2
+1 2
+23 2
+1 2
+24 2
+1 2
+6 2
+1 2
+2 2
+1 2

fl=(125) /home/abuild/rpmbuild/BUILD/glibc-2.30/math/../sysdeps/ieee754/dbl-64/math_err.c
fn=(404) __math_invalid
76 1
+1 1
-1 2
+1 4
cfn=(402) with_errno
calls=1 -48 
* 3

fn=(400) __math_divzero
69 3
+1 1
-1 1
+1 1
cfn=(402)
calls=1 -41 
* 3

fn=(402)
29 4
+2 2

fl=(92)
fn=(282)
52 1
+1 1
+1 1
+2 1
+2 1
+5 1
+2 1
+1 1
+1 1
301 1
+1 1
+1 1
+1 1
+6 1
+2 1
500 1
+1 1
+1 1
+1 1
+34 1
+1 1
737 1
+1 1
+1 1
+1 1
+7 1
+1 1
983 1
+1 1
+1 1
+1 1
+1 1
+1 1

fl=(123) /home/abuild/rpmbuild/BUILD/glibc-2.30/math/../sysdeps/ieee754/dbl-64/math_config.h
fn=(396) __ieee754_log_fma
67 2097152
fi=(124) /home/abuild/rpmbuild/BUILD/glibc-2.30/math/../sysdeps/ieee754/dbl-64/e_log.c
-28 2097152
+22 6291456
-22 2097152
+22 4194304
+24 6291450
+17 2097148
+17 2097148
-14 2097148
+9 2097148
-12 2097148
+20 2097148
+8 2097148
-27 2097148
+2 2097148
-1 2097148
+26 2097148
-27 2097148
+16 2097148
-14 2097148
+1 4194296
+8 2097148
-8 6291444
+8 2097148
+8 2097148
+8 2097148
-7 2097148
+1 6291444
+3 2097148
+3 12582888
+1 2097148
-66 6
+2 2
+3 2
+1 2
-1 2
+1 2
+1 2
-4 2
+4 2
-2 2
+1 2
-2 2
+3 6
+3 2
-4 2
+4 6
+2 4
-1 2
+2 4
+1 2
+1 2
-1 2
+1 4
+1 2
+1 2
+1 2
+5 6
+2 3
+2 2
+1 1
cfi=(125)
cfn=(404)
calls=1 -17 
* 11
-4 2
cfi=(125)
cfn=(400)
calls=1 -20 
* 9
fe=(123)

fl=(12)
fn=(26)
32 3
fi=(13) /home/abuild/rpmbuild/BUILD/glibc-2.30/string/../sysdeps/x86_64/multiarch/strncase_l.c
-1 1
fe=(12)

fn=(48)
32 3
fi=(22) /home/abuild/rpmbuild/BUILD/glibc-2.30/string/../sysdeps/x86_64/multiarch/strcasecmp_l.c
-1 1
fe=(12)

fl=(52)
fn=(150)
39 5
+1 1
-1 5
+1 1
-1 1
+1 1
-1 1
+1 2
-1 1
+1 1
cfi=(5)
cfn=(16)
calls=1 372 
* 19
* 1
+2 1
+1 2
-1 1
+1 1
+8 1
-11 1
+11 5
+1 6
+1 2
-1 1
-1 12
+10 3
+67 7
+1 1
+36 3
+5 2
-5 1
+5 4
-4 6
fi=(53) /home/abuild/rpmbuild/BUILD/glibc-2.30/elf/../sysdeps/x86/dl-hwcap.h
57 8
fe=(52)
168 1
+1 1
cfi=(48)
cfn=(140)
calls=1 55 
* 19
* 1
+1 1
-5 2
+4 1
+1 1
-5 1
+5 4
-5 4
-37 10
+45 5
+2 5
+1 2
+4 4
+1 1
+3 2
+3 4
+4 8
+1 2
+2 1
+1 1
-1 2
+2 5
-1 2
+2 2
+7 2
+6 9
+1 2
-1 1
+1 2
cfi=(42)
cfn=(112)
calls=1 3023 
* 183
+1 3
-1 1
+1 1
+26 10
+3 4
+7 3
+10 10
-4 2
-3 1
+3 1
cfi=(36)
cfn=(134)
calls=1 -41 
* 18
* 1
* 2
-3 1
+3 1
cfi=(36)
cfn=(134)
calls=1 -41 
* 18
* 1
+3 2
-3 6
+3 4
+1 12
+1 5
cfi=(36)
cfn=(134)
calls=1 -46 
* 15
* 1
* 2
-2 2
+5 6
cfi=(36)
cfn=(134)
calls=2 -49 
* 32
* 2
* 4
+2 6
-7 3
+13 1
-1 1
+1 2
-1 2
+1 7
-1 7
+1 14
-1 16
+5 7
+3 2
-3 8
+3 10
+1 48
+1 24
-1 24
+1 24
-1 24
-1 24
+4 9
+3 1
+2 2
-1 1
-1 1
+2 1
-2 1
+2 2
-1 1
+1 2
+3 2
+3 2
-6 2
+2 6
+3 1
+1 2
-6 5
+13 8
+1 1
-1 2
+3 2
-3 3
+1 3
-1 6
+3 6
+3 3
+3 9
-81 2

fl=(83) /home/abuild/rpmbuild/BUILD/glibc-2.30/stdlib/../stdlib/strtol_l.c
fn=(254) ____strtol_l_internal
226 6
+54 3
-54 9
+19 3
-19 12
+26 6
+31 12
+9 18
+2 6
+5 6
+5 3
-6 3
+7 9
+3 9
+10 6
+10 12
-82 6
434 15
+16 3
+10 9
-10 3
+10 3
+12 6
-5 8
+5 8
+1 24
-41 16
+2 32
+2 24
+28 24
+3 16
+11 6
+5 9
+6 6
325 6
492 9
-2 6
+17 15
+18 24

fl=(21)
fn=(46)
30 1
+2 2
-2 4
fi=(146) /home/abuild/rpmbuild/BUILD/glibc-2.30/wcsmbs/../sysdeps/x86_64/multiarch/wmemchr.c
+1 1
fe=(21)

fn=(74)
30 1
+2 2
-2 4
fi=(147) /home/abuild/rpmbuild/BUILD/glibc-2.30/wcsmbs/../sysdeps/x86_64/multiarch/wcslen.c
-1 1
fe=(21)

fl=(86)
fn=(264) str_to_mpn.isra.0
366 21
+13 3
-13 6
+14 21
-4 3
-1 6
+39 12
+3 4
+7 4
+3 4
+1 2
-1 2
+3 4
-3 2
+1 1
-1 1
+3 2
+2 12
+7 9
+2 9
+2 3
+1 3
+15 27

fn=(262)
509 3
+45 3
-45 36
+53 3
+26 3
-24 6
+32 6
+1 6
cfi=(48)
cfn=(140)
calls=3 55 
* 45
* 3
+1 6
-1 3
+1 3
+4 3
+10 3
-4 6
+3 12
+1 6
+3 6
-12 3
+17 6
+13 21
+1 6
+8 9
1771 33
690 9
+19 2
+25 6
-1 2
+2 2
-2 2
+2 10
515 6
776 12
+1 6
+12 6
+16 6
+42 12
+9 24
+1 6
734 3
+6 18
+1 4
+39 2
+22 2
-26 1
+87 9
+1 3
+1 9
+4 18
+3 4
-7 8
+7 2
-7 16
+1 6
+9 6
+6 9
+2 15
1014 6
+2 8
+2 1
+1 2
-3 2
+5 3
-3 1
+6 7
+19 6
+6 6
+33 6
+92 3
+2 18
+1 3
+1 3
+3 6
-3 3
+3 6
+12 6
+3 6
1358 10
+18 4
+3 14
+13 2
-13 2
+3 2
+10 8
+5 8
604 10
1400 6
+9 4
-9 8
+3 6
+8 2
-55 2
+58 2
+1 2
-4 2
+20 4
-20 4
-57 2
+57 2
+20 14
-77 2
+77 4
-6 2
+1 12
cfi=(36)
cfn=(98)
calls=2 226 
* 24
* 2
+15 2
+1 2
+2 4
-26 4
+7 2
-4 2
+2 4
+21 4
+2 12
+4 18
cfn=(264)
calls=2 366 
* 110
+17 6
+2 4
-2 2
+2 6
+17 4
+2 4
690 8
515 2
709 4
515 4
711 2
-1 6
+38 4
-14 2
515 2
1199 13
cfn=(264)
calls=1 366 
* 51
* 1
+6 7
+44 1
+1 1
-1 1
+1 1
-1 1
+1 2
+4 2
+6 2
+32 2
1473 10
cfi=(87) /home/abuild/rpmbuild/BUILD/glibc-2.30/stdlib/../sysdeps/x86_64/lshift.S
cfn=(266) __mpn_lshift
calls=2 29 
* 30
+1 10
cfi=(87)
cfn=(266)
calls=2 29 
* 30
+1 4
+20 2
+1 2
+1 18
+4 2
+38 6
-38 8
+38 4
+6 2
-2 2
+1 2
-1 2
+2 2
-2 4
+1 2
-1 10
cfn=(268) round_and_return
calls=2 216 
* 208
* 2
-4 36
+2 6
1295 13
+2 2
+10 5
cfi=(87)
cfn=(266)
calls=1 29 
* 15
+4 4
+15 7
cfn=(268)
calls=1 216 
* 104
* 1

fn=(268)
216 45
fi=(88) /home/abuild/rpmbuild/BUILD/glibc-2.30/stdlib/../sysdeps/generic/get-rounding-mode.h
94 3
+1 24
fe=(86)
219 9
+95 6
fi=(88)
99 9
fe=(86)
314 18
+4 9
+2 24
+1 9
-1 9
+1 3
cfi=(89) /home/abuild/rpmbuild/BUILD/glibc-2.30/stdlib/../include/rounding-mode.h
cfn=(272) round_away
calls=3 45 
* 36
* 9
+30 12
+5 9
cfi=(90) /home/abuild/rpmbuild/BUILD/glibc-2.30/stdlib/../sysdeps/ieee754/dbl-64/mpn2dbl.c
cfn=(274) __mpn_construct_double
calls=3 39 
* 45
+1 33

fl=(19)
fn=(42)
40 2
-2 4
+11 1

fl=(134)
fn=(476) check_free.isra.0
195 3
+18 1

fn=(474)
220 2
cfn=(476)
calls=1 -25 
* 4

fl=(94)
fn=(288)
23 7
+1 7

fl=(113) /home/abuild/rpmbuild/BUILD/glibc-2.30/stdio-common/_itoa.c
fn=(350) _itoa_word
165 2
+3 8
+2 4
+9 88
+9 4

fl=(54)
fn=(156)
25 6
+3 2
+1 5
+4 2
cfi=(55)
cfn=(160)
calls=1 +51 
* 67
* 1
* 1
+2 2
+11 5
-3 1
+3 5

fl=(25)
fn=(56)
36 2
-2 4
fi=(26) /home/abuild/rpmbuild/BUILD/glibc-2.30/string/../sysdeps/x86_64/multiarch/strncpy.c
-5 1
fe=(25)

fn=(68)
36 2
-2 4
fi=(29) /home/abuild/rpmbuild/BUILD/glibc-2.30/string/../sysdeps/x86_64/multiarch/stpcpy.c
-1 1
fe=(25)

fn=(86)
36 2
-2 4
fi=(31) /home/abuild/rpmbuild/BUILD/glibc-2.30/string/../sysdeps/x86_64/multiarch/strcpy.c
-5 1
fe=(25)

fl=(106) /home/abuild/rpmbuild/BUILD/glibc-2.30/stdlib/../sysdeps/x86_64/rshift.S
fn=(328) __mpn_rshift
29 3
+1 3
+1 3
+13 3
+1 3
+16 3
+1 3
+1 3
+1 3
+1 3
+1 3
+1 3
+5 3
+1 3
+1 3
+1 3
+1 3

fl=(67)
fn=(198) __internal_atexit
36 5
+5 6
+2 3
fi=(68) /home/abuild/rpmbuild/BUILD/glibc-2.30/stdlib/../sysdeps/unix/sysv/linux/x86/lowlevellock.h
+4 2
fe=(67)
-3 2
cfn=(202) __new_exitfn
calls=1 +44 
* 31
+2 2
+7 1
+3 1
-3 2
+4 1
-2 1
+3 1
+1 4
+2 7

fn=(202)
88 2
-6 4
+11 4
-10 2
+12 4
-2 1
+10 1
-10 3
+45 1
+5 1
-4 1
+4 4
-18 1
-1 1
+1 1

fn=(196)
70 2
cfn=(198)
calls=1 -34 
* 69

fl=(43) /home/abuild/rpmbuild/BUILD/glibc-2.30/malloc/arena.c
fn=(114) malloc_hook_ini
290 1
fi=(44) /home/abuild/rpmbuild/BUILD/glibc-2.30/malloc/hooks.c
30 1
fe=(43)
290 2
fi=(44)
29 3
cfi=(43)
cfn=(118) ptmalloc_init.part.0
calls=1 288 
* 915
* 1
+4 1
-1 1
cfi=(42)
cfn=(113) malloc'2
calls=1 3023 
* 663
fe=(43)

fn=(118)
288 1
+19 1
-19 4
+19 1
+5 1
-19 1
+14 1
+2 1
cfi=(42)
cfn=(120) malloc_init_state
calls=1 1795 
* 647
+3 4
cfi=(5)
cfn=(16)
calls=1 +60 
* 18
+1 4
cfi=(5)
cfn=(16)
calls=1 +59 
* 19
+1 4
cfi=(5)
cfn=(16)
calls=1 +58 
* 18
+1 4
cfi=(5)
cfn=(16)
calls=1 +57 
* 19
+1 4
cfi=(5)
cfn=(16)
calls=1 +56 
* 19
+1 4
cfi=(5)
cfn=(16)
calls=1 +55 
* 18
+1 4
cfi=(5)
cfn=(16)
calls=1 +54 
* 19
+1 4
cfi=(5)
cfn=(16)
calls=1 +53 
* 19
+2 4
cfi=(5)
cfn=(16)
calls=1 +51 
* 19
+1 4
cfi=(5)
cfn=(16)
calls=1 +50 
* 19
+1 4
cfi=(5)
cfn=(16)
calls=1 +49 
* 19
+75 1
+1 6

fl=(122)
fn=(392)
32 6291456
+9 2097152
cfi=(123)
cfn=(396)
calls=2097152 +26 
* 96468950
* 2097152
-7 2
+2 2
-2 4
+2 2
+3 2

fl=(81)
fn=(250)
26 3
+1 9
cfi=(82) /home/abuild/rpmbuild/BUILD/glibc-2.30/stdlib/../stdlib/strtol.c
cfn=(252) strtol
calls=3 +79 
* 413
+1 6

fl=(98) /home/abuild/rpmbuild/BUILD/glibc-2.30/libio/fileops.c
fn=(346) _IO_file_write
1178 4644
+2 4644
+5 774
cfi=(112) /home/abuild/rpmbuild/BUILD/glibc-2.30/io/../sysdeps/unix/sysv/linux/write.c
cfn=(348) write
calls=774 26 
* 6192
+1 1548
+5 774
+1 774
-12 1548
+2 774
+2 1548
+1 1548
+10 2322
+3 6966

fn=(422) _IO_file_fopen
214 10
+9 2
+2 7
361 12
225 4
+13 2
+10 20
-2 2
+35 5
cfn=(424) _IO_file_open
calls=1 -98 
* 86
* 1
+3 2
+3 3
cfi=(129) /home/abuild/rpmbuild/BUILD/glibc-2.30/string/../sysdeps/x86_64/multiarch/strstr-sse2-unaligned.S
cfn=(430) __strstr_sse2_unaligned
calls=1 22 
* 46
* 1
* 1
+1 2
-40 2

fn=(452) _IO_file_close
1172 2
cfi=(132)
cfn=(454)
calls=1 26 
* 5

fn=(424)
183 1
+3 1
-3 7
+2 2
+4 1
cfi=(128) /home/abuild/rpmbuild/BUILD/glibc-2.30/io/../sysdeps/unix/sysv/linux/open64.c
cfn=(426) open
calls=1 37 
* 36
* 1
+1 2
+3 2
+3 1
-4 1
+1 4
+3 2
+10 2
cfi=(99) /home/abuild/rpmbuild/BUILD/glibc-2.30/libio/genops.c
cfn=(418) _IO_link_in
calls=1 87 
* 18
+1 1
+1 4

fn=(300) _IO_file_xsputn
1202 3129
+7 1043
-7 4172
+6 6254
+7 4168
+17 3078
+1 1024
+3 1024
-3 1024
+3 2048
+2 1040
+2 1040
+2 3120
-2 1040
cfi=(36)
cfn=(134)
calls=1040 213 
* 262400
* 1040
+1 1040
+1 1040
-2 1040
+4 2614
+28 9387
-55 16
+4 16
-4 16
+1 32
+18 2
+12 2
fi=(111) /home/abuild/rpmbuild/BUILD/glibc-2.30/libio/libioP.h
940 4
+2 2
-2 2
+2 2
+1 4
fe=(98)
1248 773
fi=(111)
940 1546
+2 773
-2 773
+2 773
+1 1546
fe=(98)
1248 2325
cfn=(302) _IO_file_overflow
calls=775 736 
* 105198
* 1550
+6 1550
+1 5425
+2 1550
+11 2325
+1 3080
cfi=(99)
cfn=(316) _IO_default_xsputn
calls=770 374 
* 134230
* 2310
-46 276
-2 228
+4 5
+11 15
+26 10

fn=(458) _IO_file_finish
169 4
+1 2
+7 1
-1 2
+1 2
-1 1
cfi=(99)
cfn=(460) _IO_default_finish
calls=1 601 
* 15

fn=(508) _IO_file_setbuf
386 2
+1 1
cfi=(99)
cfn=(510) _IO_default_setbuf
calls=1 +65 
* 67
* 2
+4 2
-1 2
+2 3
+2 1
+1 2

fn=(302)
736 3360
+1 4200
+7 4194
+35 1678
+3 130
+3 195
+1 195
+1 260
+4 65
+1 260
-45 4
+12 4
+9 8
+5 4
+2 4
-5 2
+5 2
+1 2
-5 2
+1 2
+4 8
+1 1
+2 2
+2 775
+11 775
-12 775
+12 1550
-11 775
-1 775
cfn=(314) _IO_do_write
calls=775 430 
* 86574
-31 4
cfi=(99)
cfn=(304) _IO_doallocbuf
calls=2 344 
* 746
+1 12

fn=(314)
430 1554
+1 2
-3 1548
+2 774
cfn=(342) new_do_write
calls=774 +6 
* 78164
* 774
+1 774
-1 2322
+1 774

fn=(342)
436 12384
+2 1548
fi=(111)
943 1548
fe=(98)
453 3096
cfn=(346)
calls=774 1178 
* 34056
+1 774
-1 774
+1 3096
+2 774
+4 774
-4 2322
+1 1548
+3 2317
-2 769
+4 6921
-4 5
+4 45
-17 3096
+14 2317

fn=(416) _IO_new_file_init_internal
112 1
-5 2
+4 1
+3 1
cfi=(99)
cfn=(418)
calls=1 -27 
* 85
+1 1
+1 2

fn=(512) _IO_file_sync
797 4
+5 4
+2 1
+1 2
+11 2
+4 4

fn=(448) _IO_file_close_it
129 3
+2 3
+4 2
+3 1
-3 1
-1 2
+6 1
+3 1
-3 1
cfi=(99)
cfn=(450) _IO_unsave_markers
calls=1 964 
* 5
+3 3
fi=(111)
940 2
+2 1
-2 1
+2 1
+1 2
fe=(98)
143 2
cfn=(452)
calls=1 1172 
* 7
* 1
+3 3
+8 5
cfi=(99)
cfn=(312) _IO_setb
calls=1 329 
* 173
+1 1
+3 1
-3 2
+1 3
+2 1
cfi=(99)
cfn=(440) _IO_un_link
calls=1 54 
* 3
+5 1
-4 1
+1 1
+3 1
-2 1
+3 5
-28 7
cfn=(314)
calls=1 430 
* 112
* 2

fn=(308) _IO_file_stat
1151 2
+1 6
cfi=(101)
cfn=(310)
calls=2 33 
* 20

fl=(59)
fn=(174)
40 4
+1 1
cfi=(48)
cfn=(140)
calls=1 +14 
* 23
* 1
* 1
+1 2
cfi=(42)
cfn=(112)
calls=1 3023 
* 188
+2 2
+4 1
-1 3
+1 2
-1 1
cfi=(36)
cfn=(98)
calls=1 226 
* 11
* 1

fl=(130)
fn=(432)
31 4100
+1 1025
-1 1025
+1 1025
-1 2050
+4 3075
+2 13325
fi=(127) /home/abuild/rpmbuild/BUILD/glibc-2.30/libio/../sysdeps/unix/sysv/linux/x86/lowlevellock.h
+10 2050
fe=(130)
-10 3075
+1 3076
+1 1
fi=(111)
940 2
+2 1
-2 1
+2 1
+1 2
fe=(130)
39 1024
fi=(111)
940 2048
+2 1024
-2 1024
+2 1024
+1 2048
fe=(130)
39 4100
cfi=(98)
cfn=(300)
calls=1025 1202 
* 574556
* 2050
fi=(111)
883 3075
+1 8200
fe=(130)
45 2050
+1 1025
+3 9225
-11 2048

fl=(102) /home/abuild/rpmbuild/BUILD/glibc-2.30/stdio-common/printf_fp.c
fn=(318) __printf_fp
1267 6
-1 12
+1 18
cfn=(320) __printf_fp_l
calls=6 208 
* 9870

fn=(334) hack_digit
162 180
+3 177
+2 225
+2 45
+1 135
-1 45
+1 45
cfi=(105)
cfn=(326)
calls=45 32 
* 900
* 90
+32 225
-37 126

fn=(320)
208 102
+50 6
-9 6
+16 6
-7 6
+10 6
-10 24
+10 12
fi=(103) /home/abuild/rpmbuild/BUILD/glibc-2.30/stdio-common/../include/../locale/localeinfo.h
+41 18
fe=(102)
-38 12
+18 12
+8 6
-71 6
-1 6
378 18
+5 12
+4 42
1260 72
423 6
+5 6
-5 36
+1 6
+1 12
+3 78
+1 12
-1 6
+1 12
-1 6
+1 12
-1 6
+1 54
+1 6
-1 12
+1 78
+6 6
-6 12
+7 12
822 6
+10 6
-10 6
+10 12
-10 6
+10 30
+2 12
+10 12
+48 6
+14 9
+1 6
-1 18
+7 6
fi=(108) /home/abuild/rpmbuild/BUILD/glibc-2.30/stdio-common/../sysdeps/pthread/allocalim.h
27 12
cfi=(107) /home/abuild/rpmbuild/BUILD/glibc-2.30/nptl/alloca_cutoff.c
cfn=(330) __libc_alloca_cutoff
calls=6 +1 
* 60
+2 12
fe=(102)
923 102
+1 6
+3 6
-3 6
+3 18
+3 15
-6 12
+9 9
cfn=(334)
calls=3 162 
* 135
* 3
-3 18
+7 18
+2 6
-4 3
+4 3
+14 3
-2 3
+1 6
+1 9
-2 3
+1 6
+1 6
+1 12
+3 36
-1 36
+2 36
-1 36
cfn=(334)
calls=36 162 
* 1764
+3 36
-3 36
+3 108
-7 102
387 36
cfi=(104) /home/abuild/rpmbuild/BUILD/glibc-2.30/stdlib/../sysdeps/ieee754/dbl-64/dbl2mpn.c
cfn=(324) __mpn_extract_double
calls=6 37 
* 114
* 30
+4 6
1169 4
428 12
969 18
+1 18
cfn=(334)
calls=6 162 
* 294
+2 42
+2 18
+3 12
+5 66
fi=(109) /home/abuild/rpmbuild/BUILD/glibc-2.30/stdio-common/../sysdeps/generic/get-rounding-mode.h
94 6
+1 42
fi=(110) /home/abuild/rpmbuild/BUILD/glibc-2.30/stdio-common/../include/rounding-mode.h
-43 12
+6 18
fe=(102)
1088 24
+7 12
+3 18
+13 18
+46 18
+2 12
-2 20
+2 20
+2 28
+3 4
+1 6
+4 6
+2 30
+9 6
+7 6
-7 12
+7 12
+5 18
cfi=(48)
cfn=(140)
calls=6 55 
* 90
* 6
+2 12
-2 6
+2 12
+5 18
+2 6
-2 6
+2 6
+11 108
+7 72
+3 84
+3 84
-6 126
+1 144
+1 12
-2 6
+2 6
cfi=(36)
cfn=(134)
calls=6 213 
* 102
* 6
* 6
-2 12
+10 36
+17 30
+3 12
+7 18
-98 2
+1 2
252 2
1159 2
-1 2
+1 4
+2 2
-2 2
+2 10
252 4
640 12
816 12
cfi=(87)
cfn=(266)
calls=3 29 
* 45
* 3
+1 15
+1 6
+31 3
-2 3
+1 3
-1 3
+11 6
-27 6
1166 12
846 6
+1 36
+3 24
+2 3
+40 3
-43 3
-1 3
+4 3
+2 6
-7 3
+5 3
-5 3
+45 6
656 9
+5 3
-5 3
cfi=(87)
cfn=(266)
calls=3 29 
* 45
+5 3
-18 3
+10 3
+3 3
+1 3
+24 3
-20 3
-4 12
+3 3
+1 6
780 36
-2 36
+2 138
666 36
+2 72
1165 6
+3 8
+78 648
cfi=(99)
cfn=(340) __overflow
calls=48 199 
* 2400
* 96
911 12
252 8
945 3
+2 3
826 3
946 3
+1 9
-2 3
+2 3
634 3
782 6
+4 15
cfi=(105)
cfn=(326)
calls=3 32 
* 96
+4 6
+1 3
-4 6
+3 3
+1 12
+9 3
+1 3
-1 3
+4 15
1195 12
859 9
-60 6
cfi=(106)
cfn=(328)
calls=3 29 
* 51
* 3
1246 2
-81 2
+4 4
cfi=(99)
cfn=(340)
calls=2 199 
* 100
* 8

fl=(126)
fn=(408)
86 2
cfn=(410) __fopen_internal
calls=1 -29 
* 582

fn=(410)
57 7
+8 1
-8 1
+8 1
cfi=(42)
cfn=(112)
calls=1 3023 
* 192
+2 3
+3 1
+2 2
-2 1
+2 5
cfi=(99)
cfn=(412) _IO_no_init
calls=1 563 
* 47
+1 1
+1 1
-1 1
+1 1
cfi=(98)
cfn=(416)
calls=1 +38 
* 93
+1 5
cfi=(98)
cfn=(422)
calls=1 214 
* 208
* 2
-38 2
+44 7

fl=(28)
fn=(62)
44 5

fl=(58)
fn=(296) __strchrnul_avx2
45 15
+2 15
+1 15
+1 15
+2 15
+1 15
+1 15
+4 9
+1 9
+1 9
+1 9
+1 9
+1 9
+1 9
+11 6
+1 6
+1 6
+1 6
+1 6
+1 6
+1 6
+2 6
+1 6
+1 6
+2 5
+1 5
+2 5
+7 5
+1 5
+4 1
+5 1
+1 1
+1 1
+1 1
+1 1
+1 1
+1 1
+72 10
+2 10
+7 10
+1 10

fn=(172)
45 7
+2 7
+1 7
+1 7
+2 7
+1 7
+1 7
+4 1
+1 1
+1 1
+1 1
+1 1
+1 1
+1 1
+3 1
+1 1
+1 1
+2 1
+4 6
+1 6
+1 6
+1 6
+1 6
+1 6
+1 6
+2 6
+1 6
+1 6
+2 3
+1 3
+4 3
+1 3
+1 3
+1 3
+2 3
+1 3
+4 3
+5 3
+1 3
+1 3
+1 3
+1 3
+1 3
+1 3
-6 1
+1 1
+1 1
+1 1
+1 1
+1 1
+1 1
+72 4
+4 4
+1 4
+1 4
+1 4
+2 4
+1 4

fl=(112)
fn=(348)
26 5418
+1 774

fl=(90)
fn=(274)
39 3
-6 3
+7 30
+6 6
+1 3

fl=(131)
fn=(438)
34 4
+14 3
fi=(111)
883 2
+1 3
fe=(131)
57 1
fi=(111)
940 2
+2 1
-2 1
+2 1
+1 2
fe=(131)
57 3
cfi=(98)
cfn=(458)
calls=1 169 
* 27
+1 3
fi=(111)
855 6
+1 5
+6 2
cfi=(42)
cfn=(176)
calls=1 3087 
* 78
fe=(131)
76 5
-27 1
cfi=(99)
cfn=(440)
calls=1 +5 
* 92
+2 10
fi=(127)
-4 2
fe=(131)
+4 4
+1 4
+1 2
cfi=(98)
cfn=(448)
calls=1 +76 
* 363
* 4
fi=(111)
884 6
fe=(131)
71 2

fl=(16)
fn=(82)
45 2
-1 2
+5 2
-1 2
+12 2
+2 5

fn=(76)
45 2
-1 2
+5 2
-1 2
+12 2
+2 5

fn=(36)
45 2
-1 2
+5 2
-1 2
+12 2
+2 5

fl=(133)
fn=(468) __run_exit_handlers
40 10
+3 2
+13 3
fi=(68)
-9 1
fe=(133)
+9 3
fi=(68)
-9 1
fe=(133)
+9 2
fi=(68)
-9 2
fe=(133)
+12 2
+2 5
+51 1
fi=(68)
-65 1
fe=(133)
+65 2
fi=(68)
-65 1
fe=(133)
+67 2
-44 6
+2 1
+1 1
-1 1
+4 4
+1 8
+29 1
+2 1
-5 1
+5 1
-2 2
+2 1
cfi=(69)
cfn=(472)
calls=1 -12 
* 79
+1 1
+11 2
+1 2
+5 5
-61 1
+1 4
+63 2
+1 10
cfi=(99)
cfn=(500) _IO_cleanup
calls=1 865 
* 485
* 3
+2 2
cfi=(135)
cfn=(514)
calls=1 27 
* 5

fn=(466)
138 2
+1 3
-1 1
+1 1
cfn=(468)
calls=1 -99 
* 667

fl=(3)
fn=(4)
230 1
-1 1
+1 2
-6 2
+6 2
-6 2
+6 1
-4 1
-2 6
+6 1
-6 14
+6 9
-3 2
-2 2
+6 108
+59 1
+1 1
-1 1
+1 1
-61 67
+66 2
+5 7
-15 1
-56 1
+58 1
-3 1
+2 1
-1 1
-56 3
+8 1
-8 2
+9 1
-9 2
+20 1
-20 1
+21 1
-1 1
-20 3
+17 1
-17 1
+18 1
-1 1
-17 4
+51 1
-51 2
+52 1
-52 2
+47 1
-47 2
+48 1
-48 2
+43 1
-43 2
+44 1
-44 2
+39 1
-39 2
+40 1
-40 2
+4 5
-4 4
+14 1
-14 2
+15 1
-15 2
+11 1
-11 2
+12 1
-12 4

fn=(108)
307 6
+1 1
cfi=(41) /home/abuild/rpmbuild/BUILD/glibc-2.30/elf/../sysdeps/unix/sysv/linux/dl-origin.c
cfn=(110) _dl_get_origin
calls=1 36 
* 1707
+4 1
-4 1
+1 2
+1 2
+2 1
cfi=(47) /home/abuild/rpmbuild/BUILD/glibc-2.30/stdlib/getenv.c
cfn=(136) getenv
calls=1 34 
* 756
* 3
fi=(50) /home/abuild/rpmbuild/BUILD/glibc-2.30/elf/setup-vdso.h
24 1
fe=(3)
312 1
fi=(50)
24 1
fe=(3)
320 2
cfi=(47)
cfn=(136)
calls=1 34 
* 350
* 2
cfi=(51)
cfn=(148)
calls=1 681 
* 2807
+3 1
+2 1
-2 1
+2 1
cfi=(47)
cfn=(136)
calls=1 34 
* 769
* 3
+2 1
-2 1
+2 1
cfi=(47)
cfn=(136)
calls=1 34 
* 769
* 3
+2 1
-2 1
+2 1
cfi=(47)
cfn=(136)
calls=1 34 
* 764
* 3
+2 1
-2 1
+2 1
cfi=(47)
cfn=(136)
calls=1 34 
* 756
* 2
+1 2
+2 5
+2 2
fi=(60) /home/abuild/rpmbuild/BUILD/glibc-2.30/elf/../sysdeps/x86_64/dl-machine.h
230 5
fe=(3)
363 2
cfi=(47)
cfn=(136)
calls=1 34 
* 760
* 3
+4 3
+1 1
cfi=(48)
cfn=(140)
calls=1 55 
* 19
* 1
* 1
+3 3
+1 29
+1 14
+2 2
+3 7

fl=(116) /home/abuild/rpmbuild/BUILD/glibc-2.30/string/../sysdeps/x86_64/multiarch/memset-vec-unaligned-erms.S
fn=(362) __memset_avx2_unaligned_erms
168 3072
+5 1024
+1 1024
+1 1024
+1 1024
+8 1024
+1 1024
cfn=(364) __memset_avx2_erms
calls=1010 -38 
* 3119102
+3 14
+1 14
+6 1
+1 1
+3 14
+1 14
+1 14
+1 14
+1 14
+1 14
+1 14
+1 14
+1 14
+1 14
+1 14
+1 14
+1 14
+1 14
+2 107
+1 107
+1 107
+1 107
+1 107
+1 107
+1 107
+1 13
+1 13

fn=(364)
147 1010
+1 1010
+1 1010
+1 1010
+1 3113042
+1 1010
+1 1010

fl=(121)
fn=(384)
1972 210392390
+1 210392390
+1 210392390
-2 210392390
+3 210392390
-7 210392390
+5 210392390
+1 210392390
+1 210392390
+7 420784780
+1 420784780
+2 1262354340
+45 420784780

fl=(73)
fn=(226)
488 7
+14 3
758 2
+2 1
+1 1
+2 1
-3 1
+5 1
-5 1
+4 3
+4 3
+3 2
+2 1
+1 1
+2 1
-3 1
+5 1
-5 1
+4 3
+9 1
+2 8
-2 1
+3 8
504 1
-4 1
+4 1
cfn=(228) handle_intel.constprop.0
calls=1 259 
* 457
+2 1
-2 1
+2 1
cfn=(228)
calls=1 259 
* 495
+5 1
-5 1
+5 1
cfn=(228)
calls=1 259 
* 520
* 1
+8 2
+11 1
-20 1
+25 3
+4 2
+8 6
+3 4
+6 2
-6 9
+6 6
+3 26
+14 2
+4 1
+3 1
+1 1
-4 1
+3 1
-3 1
+3 1
+6 4
-39 6
691 4
+1 5
+4 2
+59 3
564 2
+4 1
+1 1
-1 2
+1 1
+23 2
+8 1
+2 1
-2 6
+2 3
+4 1
-6 1
+4 1
+23 2
-25 2
+2 6
+2 8
+3 2
+1 8
+2 4
+3 2
+5 1
+2 2
+1 1
+1 1
-2 2
+1 1
+1 1
+27 2
+1 2
+1 1
+1 2
+22 2
-46 2
+3 1
+1 2
+3 1
+2 4
+1 1
+5 2

fn=(230) intel_check_word.isra.0
132 12
-4 36
+10 24
-10 6
+10 18
+2 60
+2 15
+2 30
+8 30
+51 24
+22 12
fi=(74) /home/abuild/rpmbuild/BUILD/glibc-2.30/string/../bits/stdlib-bsearch.h
28 12
-1 24
+8 66
-6 162
+2 162
+1 81
fe=(73)
+87 162
+3 81
fi=(74)
-85 30
fe=(73)
+97 3
255 36
-91 9
+3 9
-6 3
+3 6
+9 6
+1 6
+22 5
-32 15
+3 15
+4 16
+2 32
+2 14
+1 4
+5 3
+2 6
+2 3
+2 3
+1 3
-2 3
-1 3
+2 6
-2 3
+3 3
-2 9
+2 9
-11 10
+1 6
+1 2

fn=(228)
259 30
+5 6
+8 6
+3 6
-2 3
+2 3
-5 6
+11 15
+5 6
+2 3
+1 3
-1 3
+5 18
cfn=(230)
calls=3 132 
* 987
+2 6
+3 21
cfn=(230)
calls=3 132 
* 311
+2 6
+19 33

fl=(36)
fn=(98)
226 5
+6 5
+1 5
+1 3
+1 3
+3 3
+1 3
+1 3
+1 3
+2 3
+1 3
+33 2
+1 2
+2 2
+1 2
+31 2
+1 2
+1 2
+1 2
+1 2

fn=(134)
213 1822
+1 1822
+1 1822
+17 1822
+1 1822
+1 1795
+1 1795
+3 259
+1 259
+1 259
+1 259
+2 259
+1 259
+33 27
+1 27
+2 25
+1 25
+1 22
+1 22
+1 19
+1 19
+1 13
+1 12
+1 12
+2 13
+14 2
+1 2
+1 2
+1 2
+1 2
+4 3
+1 3
+1 3
+1 3
+1 3
+3 3
+1 3
+1 3
+1 3
+1 3
+3 6
+1 6
+1 6
+1 6
+1 6
+4 1536
+1 1536
+5 1536
+1 1536
+36 1536
+1 1536
+58 1536
+1 1536
+1 1536
+1 1536
+1 1536
+2 1536
+3 1536
+1 1536
+1 1536
+1 1536
+2 1536
+2 1536
+2 1536
+3 1536
+1 1536
+4 23552
+1 23552
+1 23552
+1 23552
+1 23552
+1 23552
+1 23552
+1 23552
+1 23552
+1 23552
+1 23552
+1 23552
+1 23552
+2 1536
+1 1536
+1 1536
+1 1536
+2 1536
+1 1536
+1 1536

fl=(87)
fn=(266)
29 11
+1 11
+2 11
+1 11
+1 11
+12 11
+1 11
+1 11
+1 11
+1 11
+1 11
+1 11
+6 11
+1 11
+1 11

fl=(107)
fn=(330)
28 54
+7 6

fl=(47)
fn=(136)
34 56
+5 56
+3 24
+49 72
-56 8
cfi=(48)
cfn=(140)
calls=8 +20 
* 144
* 8
+38 8
-6 8
-32 8
+37 8
+3 3160
+9 1626
cfi=(49)
cfn=(144)
calls=13 -2 
* 384
* 13
* 26
+1 2
+1 2

fl=(46) /home/abuild/rpmbuild/BUILD/glibc-2.30/malloc/morecore.c
fn=(130) __default_morecore
46 2059
+1 2059
cfi=(33)
cfn=(92)
calls=2059 -15 
* 36250
+2 6177
+3 4118

fl=(100) /home/abuild/rpmbuild/BUILD/glibc-2.30/libio/filedoalloc.c
fn=(306) _IO_file_doallocate
78 16
+6 8
fi=(111)
940 4
+2 2
-2 2
+2 2
+1 4
fe=(100)
84 6
cfi=(98)
cfn=(308)
calls=2 1151 
* 28
* 4
+2 8
+11 8
+4 4
cfi=(42)
cfn=(112)
calls=2 3023 
* 502
* 2
+1 4
+2 8
cfi=(99)
cfn=(312)
calls=2 329 
* 54
+1 2
+1 16
-15 1
fi=(148) /home/abuild/rpmbuild/BUILD/glibc-2.30/libio/../include/sys/sysmacros.h
-44 6
fe=(100)
+44 1
-2 2
+5 2

fl=(14)
fn=(30)
33 3
-1 2
fi=(15) /home/abuild/rpmbuild/BUILD/glibc-2.30/math/../sysdeps/x86_64/fpu/multiarch/e_log.c
-6 3
fe=(14)

fl=(18)
fn=(40)
41 2
-2 4
+14 1

fl=(23)
fn=(52)
33 3
-1 2
+2 3
+1 2
fi=(24) /home/abuild/rpmbuild/BUILD/glibc-2.30/string/../sysdeps/x86_64/multiarch/memcmp.c
-6 1
fe=(23)

fl=(99)
fn=(450)
964 2
+5 2
+2 1

fn=(414) _IO_old_init
534 1
-2 1
+1 1
-1 1
+2 2
+16 1
-14 1
+14 1
+5 1
-18 1
+1 1
+1 1
+1 1
+1 1
+1 1
+1 1
+1 1
+2 1
+1 1
+1 1
+1 1
+6 2
+1 2
+2 1

fn=(316)
374 1540
-3 9240
+26 769
+2 1582
fi=(111)
940 28
+2 14
-2 14
+2 14
+1 28
fe=(99)
399 56
cfi=(98)
cfn=(302)
calls=14 736 
* 462
* 28
+2 14
-2 14
-20 3136
+2 769
+1 1538
+2 1538
+2 1538
+1 769
-1 769
cfi=(36)
cfn=(134)
calls=769 213 
* 101133
* 769
* 769
+1 769
+17 770
-1 770
+1 5390

fn=(418)
87 14
+1 6
+4 1
-2 3
+2 2
+1 6
fi=(127)
-46 2
fe=(99)
+46 2
+2 1
-1 1
-1 2
+2 7
fi=(127)
-48 1
fe=(99)
+48 2
fi=(127)
-48 1
fe=(99)
+48 2
+2 1
-2 2
+3 1
-1 1
+3 14
+1 1
+1 8
+1 2
+3 16
-14 4

fn=(304)
344 4
-1 6
+3 8
+1 2
fi=(111)
940 4
+2 2
-2 2
+2 2
+1 4
fe=(99)
347 4
cfi=(100)
cfn=(306)
calls=2 78 
* 696
* 4
+3 8

fn=(412)
563 1
+1 1
cfn=(414)
calls=1 -30 
* 27
+1 1
+1 2
+2 1
+1 1
+1 1
+1 1
+1 1
+1 1
+1 1
+1 1
+1 1
+1 1
+1 1
+1 1
+2 1
+6 1
+1 1

fn=(442) _IO_un_link.part.0
52 5
+6 1
-6 3
+6 2
+1 6
fi=(127)
-12 2
fe=(99)
+12 2
+2 1
-1 1
-1 1
+2 1
-2 1
+2 7
fi=(127)
-14 1
fe=(99)
+14 2
fi=(127)
-14 1
fe=(99)
+14 2
+2 2
-2 3
+2 2
+2 3
+1 1
+8 2
+2 14
+1 1
+1 8
+1 2
+3 8
-24 4

fn=(440)
54 5
cfn=(442)
calls=1 -2 
* 89
+28 1

fn=(510)
452 8
+1 1
fi=(111)
940 2
+2 1
-2 1
+2 1
+1 2
fe=(99)
453 2
cfi=(98)
cfn=(512)
calls=1 797 
* 17
* 2
+2 2
+7 1
-7 2
337 1
-5 1
467 1
333 1
+4 1
465 3
+1 3
+2 6
-11 1
+1 2
-1 1
330 4

fn=(460)
601 2
+2 3
+6 3
+3 3
54 2
624 2

fn=(500)
865 1
+3 1
-3 8
+3 1
cfn=(502) _IO_flush_all_lockp
calls=1 686 
* 193
-74 1
+74 1
-74 2
+1 6
fi=(127)
47 2
fe=(99)
795 2
+3 1
-3 2
+3 2
+4 3
-2 1
+2 5
-2 2
+2 18
fi=(127)
47 3
fe=(99)
802 6
fi=(127)
47 3
fe=(99)
802 18
+13 6
+2 6
+2 4
+9 1
fi=(111)
940 2
+2 1
-2 1
+2 1
+1 2
fe=(99)
828 4
cfi=(98)
cfn=(508)
calls=1 386 
* 82
+2 4
+7 1
+2 2
-2 2
+2 37
-35 3
-6 11
+46 8
+1 2
+35 11
-57 1
-2 1
+3 1
-3 1
+2 1
+2 3
-31 4

fn=(502)
686 8
+5 1
-5 3
+5 2
+1 6
fi=(127)
47 2
fe=(99)
692 2
+3 1
-8 1
+5 2
+3 2
+13 1
-7 26
fi=(127)
47 6
fe=(99)
701 18
+9 9
+8 36
+1 3
-24 9
+2 6
+1 9
+12 14
+13 8
+1 2
+4 12
-37 4

fn=(312)
329 27
+1 14
+5 6
-3 3
+3 6
-2 3
+2 6
+3 18
-7 1
cfi=(42)
cfn=(176)
calls=1 3087 
* 141
* 2

fn=(340)
199 102
+2 153
+2 51
fi=(111)
940 102
+2 51
-2 51
+2 51
+1 102
fe=(99)
203 51
+1 102
-1 51
cfi=(98)
cfn=(302)
calls=51 736 
* 1683

fl=(129)
fn=(430)
22 1
+1 1
+1 1
+1 1
+1 1
+1 1
+1 1
+1 1
+1 1
+1 1
+1 1
+1 1
+1 1
+1 1
+1 1
+1 1
+1 1
+1 1
+1 1
+1 1
+1 1
+1 1
+1 1
+1 1
+1 1
+1 1
+1 1
+1 1
+1 1
+1 1
+1 1
+1 1
+1 1
+1 1
+1 1
+1 1
+1 1
+1 1
+1 1
+1 1
+2 1
+1 1
+1 1
+1 1
+26 1
+1 1

fl=(41)
fn=(110)
36 7
+6 6
+2 7
+3 13
+1 41
+32 7
-30 3
cfi=(42)
cfn=(112)
calls=1 3023 
* 1600
* 1
+1 2
+5 4
cfi=(36)
cfn=(134)
calls=1 213 
* 13
* 1
* 2

fl=(71) /home/abuild/rpmbuild/BUILD/gcc-9.2.1+r275327/obj-x86_64-suse-linux/x86_64-suse-linux/libgcc/../../../libgcc/unwind-dw2-fde.c
fn=(214) __register_frame_info
89 5
+33 3
cfn=(216) __register_frame_info_bases.part.0
calls=1 -37 
* 26

fn=(490) __deregister_frame_info
251 1
cfn=(492) __deregister_frame_info_bases
calls=1 -49 
* 30

fn=(216)
85 4
fi=(72) /home/abuild/rpmbuild/BUILD/gcc-9.2.1+r275327/obj-x86_64-suse-linux/x86_64-suse-linux/libgcc/./gthr-default.h
748 1
fe=(71)
92 1
+1 1
+1 1
+1 1
+1 1
fi=(72)
748 2
fe=(71)
105 1
+1 1
-1 1
+9 3
fi=(72)
778 2
fe=(71)
119 4
-4 2

fn=(492)
202 3
+5 6
fi=(72)
748 3
fe=(71)
213 5
+1 5
+3 1
fi=(72)
778 2
fe=(71)
246 5

fl=(128)
fn=(426)
37 1
+3 1
-3 8
+3 2
+8 10
+2 7
-7 2
+1 1
-1 3
+2 1

fl=(70)
fn=(478)
0 5
cfn=(482) 0x0000000000401b70
calls=1 0 
0 4
0 5
cfi=(71)
cfn=(490)
calls=1 251 
0 31
0 3

fn=(482)
0 4

fn=(210)
0 17
cfi=(71)
cfn=(214)
calls=1 89 
0 34
0 2

fl=(117) /home/abuild/rpmbuild/BUILD/glibc-2.30/misc/../sysdeps/unix/sysv/linux/mmap64.c
fn=(366) mmap
51 8
-3 16
+6 8
+5 24
+2 12
-7 8

fl=(63)
fn=(186)
25 8
+1 2
+4 4
+18 10

fl=(66)
fn=(194)
31 7
+2 4
+2 4
+1 1

fl=(96) /home/abuild/rpmbuild/BUILD/glibc-2.30/stdio-common/vfprintf-internal.c
fn=(292) __vfprintf_internal
1289 75
+31 15
+8 16
+4 25
+11 15
+11 10
fi=(149) /home/abuild/rpmbuild/BUILD/glibc-2.30/stdio-common/printf-parse.h
111 10
fe=(96)
1354 10
fi=(149)
111 5
cfi=(58)
cfn=(296)
calls=5 -66 
* 101
* 5
fe=(96)
1369 5
fi=(149)
111 5
fe=(96)
1365 5
+4 20
+1 35
fi=(97) /home/abuild/rpmbuild/BUILD/glibc-2.30/stdio-common/../sysdeps/unix/sysv/linux/x86/lowlevellock.h
47 10
fe=(96)
1370 20
-42 8
+45 5
fi=(114) /home/abuild/rpmbuild/BUILD/glibc-2.30/stdio-common/../libio/libioP.h
940 10
+2 10
-2 5
+3 10
fe=(96)
1373 30
cfi=(98)
cfn=(300)
calls=5 1202 
* 1762
* 20
+4 5
-4 5
+4 10
+4 35
-57 5
+57 5
-23 5
-8 5
+73 160
1649 10
1423 130
1741 35
+1 15
+3 60
-4 30
1369 15
+1 5
1705 10
+2 20
+8 10
fi=(149)
111 20
fe=(96)
1715 10
fi=(149)
111 10
fe=(96)
1715 10
fi=(149)
111 10
cfi=(58)
cfn=(296)
calls=10 -66 
* 200
* 10
fe=(96)
1719 10
-4 10
+4 30
fi=(114)
942 20
+1 20
fe=(96)
1719 60
cfi=(98)
cfn=(300)
calls=10 1202 
* 1493
* 120
+2 25
-33 20
fi=(114)
942 2
+1 3
fe=(96)
1688 4
cfi=(98)
cfn=(300)
calls=1 1202 
* 147
* 8
-1 22
cfi=(113)
cfn=(350)
calls=2 165 
* 106
* 70
fi=(114)
942 4
+1 4
fe=(96)
1687 12
cfi=(98)
cfn=(300)
calls=2 1202 
* 166
* 76
-20 9
-2 1
+1 1
+1 6
-7 1
-1 1
+1 13
+27 336
cfi=(102)
cfn=(318)
calls=6 1267 
* 9906
* 34
+1 9
-1 49
+1 4
-1 23
+1 4
cfi=(48)
cfn=(140)
calls=1 55 
* 23
* 1
* 1
-1 4
cfi=(99)
cfn=(340)
calls=1 199 
* 50
* 7

fl=(82)
fn=(252)
106 12
cfi=(83)
cfn=(254)
calls=3 226 
* 401

fl=(32)
fn=(90)
107 7
+13 1
-3 1
+3 2
+1 21
+1 12
+6 1
-2 3
-1 1
+2 1
+20 1
-20 2
-1 1
+3 1
+18 6
+1 1
-1 1
+1 1
cfi=(33)
cfn=(92)
calls=1 32 
* 47
+13 1
+1 1
+3 1
-3 1
-1 1
+10 1
-10 1
+9 3
+1 9
+10 2
-10 1
+1 2
-2 1
+11 1
-2 1
+2 1
cfi=(36)
cfn=(98)
calls=1 +45 
* 11
* 1
+6 1
+2 1
-2 3
+2 8
84 1
201 1
84 1
+9 1
202 1
93 1
203 1
93 1
204 1
96 1
209 1
-4 1
98 1
+2 1
-24 1
+7 1
+13 1
+6 1
218 8

fl=(104)
fn=(324)
37 6
-2 6
+2 12
+1 6
+9 6
-9 6
+9 6
+9 6
-18 18
+9 6
+9 12
+47 6
+4 6
-4 6
+4 6

fl=(76)
fn=(236)
30 1
+2 1
cfi=(77)
cfn=(238)
calls=1 * 
* 27

fl=(95)
fn=(290)
28 67
+5 6
-1 2
+1 2
-1 10
+1 2
cfi=(96)
cfn=(292)
calls=2 1289 
* 13294
-5 9
+5 9
-1 3
+1 3
-1 15
+1 3
cfi=(96)
cfn=(292)
calls=3 1289 
* 2713
+4 25

fl=(75)
fn=(234)
50 1
-1 2
+5 2
+5 2
-1 1
+1 2
+1 2
-1 1
+5 1
-7 1
+1 4

fl=(80)
fn=(256) exchange
131 6
+2 6
-2 18
+1 6
-1 6
+3 6
-3 6
+11 54
+2 126
+9 6
+1 12
+1 6
-4 18
-9 48
+38 6
+2 6
-1 6
-1 6
+2 6
-2 12
+2 84
-13 6
+1 12
+1 6
-4 18
+7 12

fn=(246) _getopt_internal
705 7
+3 14
+1 14
+2 35
cfn=(248) _getopt_internal_r
calls=7 473 
* 2247
+4 14
+1 14
+1 14
+3 14

fn=(248)
473 70
+1 7
+2 14
+5 7
-2 28
+2 35
-91 2
+1 1
+3 3
+5 2
+5 4
+79 30
+15 21
+2 14
+3 14
+24 50
409 1
+1 1
+77 3
+5 2
-5 18
+5 12
610 6
+1 6
-1 24
+1 18
cfi=(58)
cfn=(172)
calls=6 45 
* 171
* 6
+3 30
+1 6
+2 30
+9 18
+27 12
+46 63
556 12
388 2
548 2
+1 1
+1 2
-42 21
+1 12
+1 24
cfn=(256)
calls=6 131 
* 504
* 12
+7 26
+1 3
-1 55
+2 14
+37 18
+10 12
+38 12
404 3
cfi=(47)
cfn=(136)
calls=1 34 
* 689
* 3
655 18
+15 18
+7 12
+16 24
+1 6
+3 6
511 2
+1 2
407 3

fn=(244)
735 42
cfn=(246)
calls=7 -30 
* 2373
* 14

fl=(7)
fn=(14)
71 2
+4 4
+3 3
+4 2
-4 1
+4 1
-4 1
+3 1
+1 1
+1 4
+1 4
+1 3
+1 2
+7 2
+1 7
+6 2
+1 7
+7 3
+4 2
+2 4
225 2
+4 3
+1 2
+3 1
-1 1
+4 1
+2 1
-2 1
+5 2
+50 3
118 2
+3 4
+3 2
+8 1
-5 2
+8 2
+2 1
+2 3
+4 2
+4 2
+7 3

fl=(1) /home/abuild/rpmbuild/BUILD/glibc-2.30/csu/../sysdeps/x86_64/start.S
fn=(0) _start
63 1
+16 1
+6 1
+3 1
+2 1
+3 1
+4 1
+4 1
+1 1
+2 1
+16 1
cfi=(2)
cfn=(2)
calls=1 +17 
* 59652167016

fl=(27)
fn=(60)
41 2
-2 4
+15 1

fl=(78)
fn=(240)
28 2
+2 2
-1 1
+5 3

fl=(89)
fn=(272)
45 3
+1 15
+6 12
+11 6

fl=(42)
fn=(112)
3023 1049613
+8 1049613
-8 3148839
+9 2099226
1208 2099224
+2 4198448
3044 3148836
+3 2099224
+9 3111
+2 3111
cfn=(126) _int_malloc
calls=1037 1208 
* 150556
* 1037
+1 7259
+23 5248060
1210 4144
3048 1048585
+1 3145755
2936 1048575
+2 1048575
-2 1048575
+1 2097150
+1 1048575
+1 1048575
3051 1048575
-18 1
+49 3
-49 1
cfi=(43)
cfn=(114)
calls=1 290 
* 1588

fn=(113)
3023 1
+8 1
-8 3
+9 2
1208 2
+2 4
3044 3
+12 3
+2 3
cfn=(126)
calls=1 1208 
* 143
* 1
+1 7
+23 5
1210 4
2978 3
cfn=(122) tcache_init.part.0
calls=1 +3 
* 468
+69 2
+1 5
+1 3

fn=(176)
3087 1050631
+5 1050631
+1 2101262
+6 2101262
+5 1050631
-2 1050631
+2 2101262
+18 2101262
+2 3151893
+1 1050631
+1 1050631
-1 1050631
cfn=(178) _int_free
calls=1050631 4155 
* 63308940

fn=(122)
2981 1
-9 1
+9 6
fi=(45) /home/abuild/rpmbuild/BUILD/glibc-2.30/malloc/../sysdeps/unix/sysv/linux/x86/lowlevellock.h
47 2
fe=(42)
2982 3
cfn=(126)
calls=1 1208 
* 355
* 1
+1 2
+8 4
+7 2
+2 1
+1 88
+3 2

fn=(388) unlink_chunk.isra.0
1451 2051
+2 10255
+3 2051
+1 2051
+2 8204
+3 2051
+1 2051
+1 10255
+2 6
+1 9
+3 6
+14 2
+1 4
+3 4102
-16 2
+1 3

fn=(126)
1208 4130
3513 2065
1210 2065
3513 16520
1210 4130
3553 2
+24 2
+61 12
+2 12
-2 12
+2 24
4147 18585
1210 4128
3553 4128
1637 4128
3577 4128
+58 4114
+62 68777
+1 6159
3577 2
1210 2
3582 2
+2 2
-2 14
+2 14
+5 57
+23 24
+25 36
+3 132
+77 12
-1 12
+1 12
+1 12
-1 12
+1 12
-1 2053
-1 2053
+1 2053
+1 2053
-1 2053
+1 2053
-2 4128
+6 4128
+73 6192
-67 6192
-6 2
+73 3
-67 3
3892 6
-91 6
+91 12
3727 6
+74 18
-42 36
-28 12
+1 6
+2 12
+1 18
+2 6
+1 24
+2 24
-10 6
+12 12
+1 12
+2 12
+11 14
+31 5
+1 5
+4 10
+29 10
+60 10
+9 10
-9 10
+9 5
-8 5
+1 5
+1 5
+1 5
+6 10
-62 40
+1 15
+1 5
-1 5
+4 10
+5 2
-2 2
+2 6
+1 4
+60 15
3728 15
3917 4128
+2 6159
+3 2053
-3 2053
+3 4106
+68 4128
+1 2064
+1 2064
-1 2064
+3 2064
-2 2064
+2 2064
-1 4128
+1 2064
+5 4130
+16 17
+2 34
-4 38
+8 2
+3 4
3878 15
4006 132
-3 6285
4103 2062
+1 4124
+2 4124
+3 6250
+17 192
3757 2
+1 2
+5 1
-1 2
+2 2
+1 1
+1 2
+1 2
+2 1
+1 1
+3 1
+6 1
-6 7
+2 3
1868 1
3776 1
1868 2
3852 6
+1 4
+6 2
+13 2
+1 8
4008 4
+1 2
3862 4
4033 6
+3 4
+2 2
+3 4
-3 2
+3 4
cfn=(388)
calls=2 1451 
* 52
+3 8
+15 2
-5 2
+6 4
+2 2
+1 2
+1 2
+1 2
+3 4
+1 1
+1 4
+2 2
+1 2
+2 16
+2 6
+1 2
1868 2
4081 2
1868 4
4114 1998
-3 1998
+1 3996
+2 1998
-1 1998
+1 1998
+2 1998
+3 1998
-5 9990
+2 1998
1868 5994
4141 256
cfn=(128) sysmalloc
calls=64 2255 
* 10771
* 64
+1 128
1868 192

fn=(278)
3366 1026
+10 1026
-10 4104
+10 8208
+8 1026
+1 2052
+9 2052
+2 3078
+10 1026
+1 3078
+21 3078
cfn=(126)
calls=1026 1208 
* 142040
* 1026
+2 5130
+3 3078
+14 2052
+6 4104
+52 7182
-44 1026
+3 2052
+11 1026
+2 2052
+2 2052
+5 2
+1 2
+1 2
+1 4
-57 5130
+20 1026
+14 5130
+16 3072
cfi=(116)
cfn=(362)
calls=1024 168 
* 3129319
* 1024
* 2048

fn=(120)
1795 4
+3 2
-3 3
+3 252
-3 378
+7 3
+5 1
+2 1
+1 1
-4 2

fn=(178)
4155 11556985
+10 3151905
+6 5253175
+1 2101270
+4 4202540
+8 4202540
-1 2101270
+1 2101270
+3 1048579
+6 2097158
+13 5242895
+14 4112
4428 11556985
4295 4112
+3 2056
+3 6168
+7 2056
-4 2056
+4 4112
+3 4112
+5 6168
+3 4112
+1 4112
+1 4112
1875 6168
4327 4112
+1 2043
+2 2043
-1 2043
+2 8172
+2 4086
cfn=(388)
calls=2043 1451 
* 42903
+3 4112
+5 4110
+4 2049
+9 2049
-1 2049
+2 4098
-1 6
-1 6
+2 12
+2 2055
+1 2055
+1 4110
+5 2055
+1 2055
+2 6165
+1 2055
+30 4112
+20 6168
2924 2097158
+4 1048579
-2 2097158
+1 1048579
+1 1048579
4209 1048579
4361 2055
+1 4110
+37 5982
+3 5982
-23 1
+1 3
+1 2
-39 6
+1 6
-1 6
cfn=(388)
calls=6 1451 
* 148
+1 6
+61 9970
+2 3988
cfn=(464) systrim.isra.0.constprop.0
calls=1994 2752 
* 101694
* 1994

fn=(464)
2752 1994
-11 5982
+11 3988
+2 1994
+1 3988
+4 5982
+2 5982
+7 3988
cfi=(46)
cfn=(130)
calls=1994 46 
* 47856
* 1994
+1 7976
-13 1994
+49 7976

fn=(128)
2255 512
+20 64
+11 128
+1 256
+15 448
+66 64
+1 192
+1 64
+9 571
+6 192
+3 192
2705 128
+1 64
+5 128
+3 128
+2 128
+1 64
-1 64
+2 192
+1 64
+1 64
+2 64
-3 128
+1 64
+8 576
2353 128
+96 512
+11 61
+8 186
+2 192
cfi=(46)
cfn=(130)
calls=64 46 
* 2764
* 64
+1 64
+3 256
+3 60
+1 120
+46 419
+2 59
+6 118
-6 1
+6 120
+1 295
-65 6
+29 12
+4 20
-8 8
+1 5
+31 2
-22 36
cfi=(117)
cfn=(366)
calls=4 51 
* 76
+2 12
-2 4
+2 4
+12 4
-8 4
+13 8
+2 16
2632 4
2526 4
+36 4
+70 8
+29 5
-1 5
+1 5
+1 5
-1 5
+1 5
-1 5
+1 5
+11 10
+7 8
+1 12
+8 4
+2 4
+4 8
+2 16
cfn=(178)
calls=4 4155 
* 396
* 4
2535 4
+40 3
+22 1
+1 1
-1 1
+1 5
+2 3
+1 3
cfi=(46)
cfn=(130)
calls=1 46 
* 43
+12 4
+8 1
+1 2
+1 3

fl=(17)
fn=(38)
32 3
-2 1
+2 1
-2 2
+5 1
-1 1
+1 1
-1 3
fi=(150) /home/abuild/rpmbuild/BUILD/glibc-2.30/wcsmbs/../sysdeps/x86_64/multiarch/wmemset.c
-3 2
fe=(17)

fl=(120)
fn=(380)
51 212092738
+6 212092738
-6 636278214
+6 212092738
-6 212092738
+7 212092738
-7 212092738
+4 424185476
+1 212092738
-5 212092738
+8 524125346
+2 199879740
-2 199879740
+8 199879740
+1 199879740
-1 99939870
+1 99939870
+1 99939870
-2 99939870
+1 99939870
+1 99939870
-2 99939870
+1 99939870
+1 199879740
-2 224305736
+1 224305736
-1 112152868
+1 112152868
+1 112152868
-2 112152868
+1 112152868
+1 112152868
-2 112152868
+1 112152868
+1 224305736
+4 211621845
+1 423243690
+21 423243690
+35 423242152
+1 423242152
+9 81166840
+5 81166840
+2 81166840
-5 81166840
+3 81166840
-3 81166840
+5 81166840
-2 81166840
-3 81166840
+5 81166840
-1 81166840
+1 243500520
-4 162333680
+4 405834200
+2 423242152
+12 1481352915
-27 130454236
+2 260908472
-2 130454236
+2 130454236
-2 130454236
+2 260908472
-1 130454236
+1 913179652
-65 470893
+90 470893
-90 470893
+90 2825358
-64 1538
+4 769
+1 769
-1 1538

fl=(20)
fn=(44)
42 4
+4 2
-1 2
+12 4
+2 5

fl=(64)
fn=(188)
31 2
-1 4
+1 3
+2 3
cfi=(65)
cfn=(192)
calls=1 +10 
* 27
* 1
+4 4
+1 2
+2 4

fl=(91)
fn=(276)
6 15
+1 9
+2 9
+2 3
+1 6

ob=(2)
fl=(35)
fn=(498)
0 3

fn=(206)
0 6

totals: 59652167027
